------------------------------------------------------------------------------------------
-----------------------------Welcome to the ProcessInfo automation script-----------------------------------
------------------------------------------------------------------------------------------

{'username': 'NT AUTHORITY\\SYSTEM', 'name': 'System Idle Process', 'pid': 0, 'vms': 0.05859375}
{'username': 'NT AUTHORITY\\SYSTEM', 'name': 'System', 'pid': 4, 'vms': 0.0390625}
{'username': None, 'name': '', 'pid': 188, 'vms': 0.171875}
{'username': None, 'name': 'Registry', 'pid': 232, 'vms': 27.5703125}
{'username': None, 'name': 'smss.exe', 'pid': 800, 'vms': 1.140625}
{'username': 'BHAVESH\\ahire', 'name': 'RuntimeBroker.exe', 'pid': 960, 'vms': 1.8828125}
{'username': None, 'name': 'svchost.exe', 'pid': 964, 'vms': 1.90234375}
{'username': 'BHAVESH\\ahire', 'name': 'cmd.exe', 'pid': 968, 'vms': 1.8828125}
{'username': 'BHAVESH\\ahire', 'name': 'dllhost.exe', 'pid': 1012, 'vms': 1.765625}
{'username': 'BHAVESH\\ahire', 'name': 'conhost.exe', 'pid': 1232, 'vms': 1.703125}
{'username': None, 'name': 'SearchProtocolHost.exe', 'pid': 1240, 'vms': 2.41796875}
{'username': None, 'name': 'csrss.exe', 'pid': 1364, 'vms': 2.43359375}
{'username': None, 'name': 'wininit.exe', 'pid': 1452, 'vms': 1.44921875}
{'username': None, 'name': 'csrss.exe', 'pid': 1460, 'vms': 2.94140625}
{'username': None, 'name': 'winlogon.exe', 'pid': 1520, 'vms': 2.7109375}
{'username': 'BHAVESH\\ahire', 'name': 'powershell.exe', 'pid': 1572, 'vms': 69.0625}
{'username': None, 'name': 'services.exe', 'pid': 1596, 'vms': 5.6953125}
{'username': None, 'name': 'LsaIso.exe', 'pid': 1604, 'vms': 1.26953125}
{'username': None, 'name': 'lsass.exe', 'pid': 1624, 'vms': 12.76953125}
{'username': None, 'name': 'dwm.exe', 'pid': 1636, 'vms': 175.953125}
{'username': None, 'name': 'svchost.exe', 'pid': 1764, 'vms': 14.08984375}
{'username': None, 'name': 'fontdrvhost.exe', 'pid': 1796, 'vms': 1.6640625}
{'username': None, 'name': 'fontdrvhost.exe', 'pid': 1800, 'vms': 2.015625}
{'username': None, 'name': 'WUDFHost.exe', 'pid': 1872, 'vms': 5.49609375}
{'username': 'BHAVESH\\ahire', 'name': 'HP.myHP.exe', 'pid': 1900, 'vms': 53.20703125}
{'username': None, 'name': 'svchost.exe', 'pid': 1944, 'vms': 9.87890625}
{'username': None, 'name': 'svchost.exe', 'pid': 1996, 'vms': 3.12890625}
{'username': None, 'name': 'WUDFHost.exe', 'pid': 2076, 'vms': 8.77734375}
{'username': 'BHAVESH\\ahire', 'name': 'ms-teams.exe', 'pid': 2148, 'vms': 24.07421875}
{'username': 'BHAVESH\\ahire', 'name': 'WindowsTerminal.exe', 'pid': 2160, 'vms': 64.46875}
{'username': None, 'name': 'svchost.exe', 'pid': 2168, 'vms': 1.26953125}
{'username': None, 'name': 'svchost.exe', 'pid': 2176, 'vms': 1.81640625}
{'username': None, 'name': 'svchost.exe', 'pid': 2200, 'vms': 2.34765625}
{'username': 'BHAVESH\\ahire', 'name': 'OmenCommandCenterBackground.exe', 'pid': 2248, 'vms': 233.92578125}
{'username': 'BHAVESH\\ahire', 'name': 'SDXHelper.exe', 'pid': 2280, 'vms': 14.38671875}
{'username': 'BHAVESH\\ahire', 'name': 'svchost.exe', 'pid': 2324, 'vms': 10.984375}
{'username': None, 'name': 'svchost.exe', 'pid': 2452, 'vms': 4.09765625}
{'username': None, 'name': 'svchost.exe', 'pid': 2460, 'vms': 7.50390625}
{'username': None, 'name': 'svchost.exe', 'pid': 2468, 'vms': 3.25}
{'username': None, 'name': 'svchost.exe', 'pid': 2476, 'vms': 2.4140625}
{'username': None, 'name': 'svchost.exe', 'pid': 2484, 'vms': 3.5390625}
{'username': None, 'name': 'svchost.exe', 'pid': 2492, 'vms': 2.8359375}
{'username': 'BHAVESH\\ahire', 'name': 'chrome.exe', 'pid': 2500, 'vms': 185.8359375}
{'username': 'BHAVESH\\ahire', 'name': 'conhost.exe', 'pid': 2508, 'vms': 1.70703125}
{'username': 'BHAVESH\\ahire', 'name': 'svchost.exe', 'pid': 2600, 'vms': 3.1640625}
{'username': None, 'name': 'WUDFHost.exe', 'pid': 2668, 'vms': 4.33203125}
{'username': None, 'name': 'svchost.exe', 'pid': 2676, 'vms': 3.89453125}
{'username': 'BHAVESH\\ahire', 'name': 'AdobeCollabSync.exe', 'pid': 2688, 'vms': 7.984375}
{'username': None, 'name': 'svchost.exe', 'pid': 2692, 'vms': 6.85546875}
{'username': None, 'name': 'svchost.exe', 'pid': 2732, 'vms': 6.4921875}
{'username': 'BHAVESH\\ahire', 'name': 'msedgewebview2.exe', 'pid': 2752, 'vms': 46.5625}
{'username': None, 'name': 'IntelCpHDCPSvc.exe', 'pid': 2776, 'vms': 1.484375}
{'username': None, 'name': 'svchost.exe', 'pid': 2800, 'vms': 2.83203125}
{'username': None, 'name': 'svchost.exe', 'pid': 2820, 'vms': 2.90234375}
{'username': None, 'name': 'svchost.exe', 'pid': 2848, 'vms': 1.546875}
{'username': None, 'name': 'svchost.exe', 'pid': 2864, 'vms': 2.08984375}
{'username': None, 'name': 'svchost.exe', 'pid': 2868, 'vms': 2.546875}
{'username': None, 'name': 'svchost.exe', 'pid': 2900, 'vms': 5.73828125}
{'username': 'BHAVESH\\ahire', 'name': 'msedge.exe', 'pid': 2924, 'vms': 8.671875}
{'username': None, 'name': 'svchost.exe', 'pid': 2936, 'vms': 1.734375}
{'username': 'BHAVESH\\ahire', 'name': 'RuntimeBroker.exe', 'pid': 3068, 'vms': 2.1875}
{'username': None, 'name': 'svchost.exe', 'pid': 3200, 'vms': 3.23046875}
{'username': None, 'name': 'svchost.exe', 'pid': 3288, 'vms': 2.2421875}
{'username': 'BHAVESH\\ahire', 'name': 'chrome.exe', 'pid': 3320, 'vms': 55.21875}
{'username': 'BHAVESH\\ahire', 'name': 'browserhost.exe', 'pid': 3336, 'vms': 6.62109375}
{'username': None, 'name': 'svchost.exe', 'pid': 3364, 'vms': 2.65625}
{'username': 'BHAVESH\\ahire', 'name': 'svchost.exe', 'pid': 3372, 'vms': 6.953125}
{'username': None, 'name': 'svchost.exe', 'pid': 3480, 'vms': 2.8671875}
{'username': None, 'name': 'svchost.exe', 'pid': 3588, 'vms': 2.3515625}
{'username': None, 'name': 'svchost.exe', 'pid': 3680, 'vms': 2.37890625}
{'username': None, 'name': 'svchost.exe', 'pid': 3700, 'vms': 19.1875}
{'username': 'BHAVESH\\ahire', 'name': 'chrome.exe', 'pid': 3720, 'vms': 507.1796875}
{'username': None, 'name': 'svchost.exe', 'pid': 3764, 'vms': 3.8125}
{'username': None, 'name': 'svchost.exe', 'pid': 3824, 'vms': 1.46484375}
{'username': None, 'name': 'svchost.exe', 'pid': 3836, 'vms': 3.2578125}
{'username': None, 'name': 'svchost.exe', 'pid': 3844, 'vms': 2.0625}
{'username': None, 'name': 'dasHost.exe', 'pid': 3888, 'vms': 4.8359375}
{'username': None, 'name': 'svchost.exe', 'pid': 3940, 'vms': 2.24609375}
{'username': None, 'name': 'MemCompression', 'pid': 4048, 'vms': 2.12109375}
{'username': 'BHAVESH\\ahire', 'name': 'msedgewebview2.exe', 'pid': 4060, 'vms': 12.44140625}
{'username': None, 'name': 'svchost.exe', 'pid': 4164, 'vms': 3.5}
{'username': 'BHAVESH\\ahire', 'name': 'msedgewebview2.exe', 'pid': 4188, 'vms': 2.2578125}
{'username': None, 'name': 'svchost.exe', 'pid': 4196, 'vms': 2.13671875}
{'username': None, 'name': 'TouchpointAnalyticsClientService.exe', 'pid': 4216, 'vms': 83.375}
{'username': 'BHAVESH\\ahire', 'name': 'ShellExperienceHost.exe', 'pid': 4260, 'vms': 41.59375}
{'username': None, 'name': 'NetworkCap.exe', 'pid': 4276, 'vms': 3.703125}
{'username': None, 'name': 'AppHelperCap.exe', 'pid': 4284, 'vms': 8.8359375}
{'username': None, 'name': 'SysInfoCap.exe', 'pid': 4288, 'vms': 13.1640625}
{'username': None, 'name': 'DiagsCap.exe', 'pid': 4300, 'vms': 29.1171875}
{'username': None, 'name': 'svchost.exe', 'pid': 4516, 'vms': 32.6328125}
{'username': None, 'name': 'svchost.exe', 'pid': 4628, 'vms': 5.10546875}
{'username': 'BHAVESH\\ahire', 'name': 'msedge.exe', 'pid': 4676, 'vms': 55.30078125}
{'username': 'BHAVESH\\ahire', 'name': 'msedgewebview2.exe', 'pid': 4800, 'vms': 268.7890625}
{'username': 'BHAVESH\\ahire', 'name': 'RuntimeBroker.exe', 'pid': 4816, 'vms': 2.62890625}
{'username': None, 'name': 'svchost.exe', 'pid': 4824, 'vms': 13.734375}
{'username': 'BHAVESH\\ahire', 'name': 'msedgewebview2.exe', 'pid': 4940, 'vms': 8.69140625}
{'username': None, 'name': 'svchost.exe', 'pid': 4952, 'vms': 2.37109375}
{'username': None, 'name': 'svchost.exe', 'pid': 5068, 'vms': 1.58203125}
{'username': None, 'name': 'svchost.exe', 'pid': 5228, 'vms': 2.6015625}
{'username': None, 'name': 'svchost.exe', 'pid': 5296, 'vms': 8.60546875}
{'username': None, 'name': 'svchost.exe', 'pid': 5324, 'vms': 3.82421875}
{'username': None, 'name': 'spoolsv.exe', 'pid': 5352, 'vms': 5.7890625}
{'username': None, 'name': 'svchost.exe', 'pid': 5388, 'vms': 15.46484375}
{'username': None, 'name': 'svchost.exe', 'pid': 5452, 'vms': 1.81640625}
{'username': None, 'name': 'svchost.exe', 'pid': 5532, 'vms': 6.28125}
{'username': 'BHAVESH\\ahire', 'name': 'cmd.exe', 'pid': 5632, 'vms': 1.89453125}
{'username': None, 'name': 'ipf_uf.exe', 'pid': 5636, 'vms': 2.0546875}
{'username': None, 'name': 'armsvc.exe', 'pid': 5644, 'vms': 1.76171875}
{'username': None, 'name': 'svchost.exe', 'pid': 5652, 'vms': 2.5546875}
{'username': None, 'name': 'svchost.exe', 'pid': 5660, 'vms': 27.3828125}
{'username': None, 'name': 'svchost.exe', 'pid': 5668, 'vms': 3.0234375}
{'username': None, 'name': 'IntelAudioService.exe', 'pid': 5680, 'vms': 38.65234375}
{'username': None, 'name': 'OneApp.IGCC.WinService.exe', 'pid': 5688, 'vms': 33.00390625}
{'username': None, 'name': 'ETDService.exe', 'pid': 5696, 'vms': 1.5078125}
{'username': None, 'name': 'HPCommRecovery.exe', 'pid': 5704, 'vms': 23.22265625}
{'username': None, 'name': 'jhi_service.exe', 'pid': 5712, 'vms': 1.38671875}
{'username': None, 'name': 'HPPrintScanDoctorService.exe', 'pid': 5720, 'vms': 1.921875}
{'username': None, 'name': 'ipfsvc.exe', 'pid': 5732, 'vms': 1.57421875}
{'username': None, 'name': 'servicehost.exe', 'pid': 5752, 'vms': 23.18359375}
{'username': None, 'name': 'svchost.exe', 'pid': 5764, 'vms': 15.83984375}
{'username': None, 'name': 'OfficeClickToRun.exe', 'pid': 5800, 'vms': 31.4765625}
{'username': None, 'name': 'mc-fw-host.exe', 'pid': 5808, 'vms': 254.80859375}
{'username': None, 'name': 'MpDefenderCoreService.exe', 'pid': 5828, 'vms': 11.93359375}
{'username': None, 'name': 'RtkAudUService64.exe', 'pid': 5848, 'vms': 29.6953125}
{'username': None, 'name': 'RtkBtManServ.exe', 'pid': 5856, 'vms': 2.1796875}
{'username': None, 'name': 'SECOMN64.exe', 'pid': 5924, 'vms': 7.75}
{'username': 'BHAVESH\\ahire', 'name': 'msedgewebview2.exe', 'pid': 5936, 'vms': 8.3828125}
{'username': None, 'name': 'svchost.exe', 'pid': 5968, 'vms': 1.34375}
{'username': None, 'name': 'svchost.exe', 'pid': 5992, 'vms': 1.6796875}
{'username': None, 'name': 'mc-neo-host.exe', 'pid': 6108, 'vms': 19.3359375}
{'username': None, 'name': 'svchost.exe', 'pid': 6116, 'vms': 12.8125}
{'username': None, 'name': 'MsMpEng.exe', 'pid': 6140, 'vms': 247.87890625}
{'username': None, 'name': 'svchost.exe', 'pid': 6200, 'vms': 4.84375}
{'username': None, 'name': 'svchost.exe', 'pid': 6208, 'vms': 1.73828125}
{'username': None, 'name': 'WMIRegistrationService.exe', 'pid': 6216, 'vms': 2.95703125}
{'username': None, 'name': 'svchost.exe', 'pid': 6244, 'vms': 2.33984375}
{'username': None, 'name': 'XtuService.exe', 'pid': 6280, 'vms': 59.98828125}
{'username': None, 'name': 'WmiPrvSE.exe', 'pid': 6336, 'vms': 8.83984375}
{'username': 'BHAVESH\\ahire', 'name': 'ApplicationFrameHost.exe', 'pid': 6804, 'vms': 53.9296875}
{'username': 'BHAVESH\\ahire', 'name': 'powershell.exe', 'pid': 6816, 'vms': 56.63671875}
{'username': None, 'name': 'svchost.exe', 'pid': 7256, 'vms': 2.65625}
{'username': 'BHAVESH\\ahire', 'name': 'ms-teams.exe', 'pid': 7336, 'vms': 70.73828125}
{'username': None, 'name': 'NgcIso.exe', 'pid': 7720, 'vms': 1.2421875}
{'username': None, 'name': 'svchost.exe', 'pid': 7732, 'vms': 1.4765625}
{'username': 'BHAVESH\\ahire', 'name': 'uihost.exe', 'pid': 7896, 'vms': 18.67578125}
{'username': 'BHAVESH\\ahire', 'name': 'RuntimeBroker.exe', 'pid': 7928, 'vms': 3.09375}
{'username': None, 'name': 'unsecapp.exe', 'pid': 8260, 'vms': 1.796875}
{'username': None, 'name': 'svchost.exe', 'pid': 8744, 'vms': 1.80859375}
{'username': 'BHAVESH\\ahire', 'name': 'Code.exe', 'pid': 8840, 'vms': 14.16796875}
{'username': 'BHAVESH\\ahire', 'name': 'SecurityHealthSystray.exe', 'pid': 8964, 'vms': 2.0078125}
{'username': 'BHAVESH\\ahire', 'name': 'sihost.exe', 'pid': 9012, 'vms': 8.15234375}
{'username': 'BHAVESH\\ahire', 'name': 'msedgewebview2.exe', 'pid': 9164, 'vms': 77.40234375}
{'username': None, 'name': 'WmiPrvSE.exe', 'pid': 9244, 'vms': 5.703125}
{'username': None, 'name': 'svchost.exe', 'pid': 9416, 'vms': 30.359375}
{'username': None, 'name': 'svchost.exe', 'pid': 9472, 'vms': 13.859375}
{'username': 'BHAVESH\\ahire', 'name': 'svchost.exe', 'pid': 9540, 'vms': 2.44921875}
{'username': 'BHAVESH\\ahire', 'name': 'mc-fw-host.exe', 'pid': 9548, 'vms': 10.421875}
{'username': None, 'name': 'AggregatorHost.exe', 'pid': 9740, 'vms': 4.77734375}
{'username': 'BHAVESH\\ahire', 'name': 'chrome.exe', 'pid': 9756, 'vms': 11.421875}
{'username': None, 'name': 'RtkAudUService64.exe', 'pid': 9860, 'vms': 25.77734375}
{'username': 'BHAVESH\\ahire', 'name': 'chrome.exe', 'pid': 9920, 'vms': 159.80078125}
{'username': 'BHAVESH\\ahire', 'name': 'ipf_helper.exe', 'pid': 9972, 'vms': 2.0546875}
{'username': None, 'name': 'svchost.exe', 'pid': 10120, 'vms': 1.6015625}
{'username': 'BHAVESH\\ahire', 'name': 'ETDCtrl.exe', 'pid': 10140, 'vms': 7.20703125}
{'username': 'BHAVESH\\ahire', 'name': 'Code.exe', 'pid': 10184, 'vms': 143.296875}
{'username': 'BHAVESH\\ahire', 'name': 'svchost.exe', 'pid': 10340, 'vms': 2.140625}
{'username': 'BHAVESH\\ahire', 'name': 'svchost.exe', 'pid': 10396, 'vms': 8.23828125}
{'username': 'BHAVESH\\ahire', 'name': 'chrome.exe', 'pid': 10432, 'vms': 51.94140625}
{'username': 'BHAVESH\\ahire', 'name': 'taskhostw.exe', 'pid': 10472, 'vms': 8.4375}
{'username': 'BHAVESH\\ahire', 'name': 'OverlayHelper.exe', 'pid': 10484, 'vms': 33.05859375}
{'username': 'BHAVESH\\ahire', 'name': 'SystemOptimizer.exe', 'pid': 10528, 'vms': 41.56640625}
{'username': None, 'name': 'svchost.exe', 'pid': 10604, 'vms': 4.1875}
{'username': 'BHAVESH\\ahire', 'name': 'chrome.exe', 'pid': 10640, 'vms': 18.84765625}
{'username': None, 'name': 'svchost.exe', 'pid': 10648, 'vms': 2.34375}
{'username': 'BHAVESH\\ahire', 'name': 'OmenInstallMonitor.exe', 'pid': 10756, 'vms': 31.12890625}
{'username': 'BHAVESH\\ahire', 'name': 'TextInputHost.exe', 'pid': 11108, 'vms': 46.0390625}
{'username': None, 'name': 'svchost.exe', 'pid': 11224, 'vms': 6.16015625}
{'username': 'BHAVESH\\ahire', 'name': 'explorer.exe', 'pid': 11284, 'vms': 325.5234375}
{'username': None, 'name': 'svchost.exe', 'pid': 11324, 'vms': 7.0546875}
{'username': 'BHAVESH\\ahire', 'name': 'ShellHost.exe', 'pid': 11432, 'vms': 33.09375}
{'username': 'BHAVESH\\ahire', 'name': 'svchost.exe', 'pid': 11492, 'vms': 1.875}
{'username': None, 'name': 'svchost.exe', 'pid': 11576, 'vms': 1.06640625}
{'username': 'BHAVESH\\ahire', 'name': 'SECOCL64.exe', 'pid': 11616, 'vms': 2.890625}
{'username': 'BHAVESH\\ahire', 'name': 'conhost.exe', 'pid': 11648, 'vms': 1.23046875}
{'username': 'BHAVESH\\ahire', 'name': 'Code.exe', 'pid': 11672, 'vms': 114.39453125}
{'username': 'BHAVESH\\ahire', 'name': 'CrossDeviceResume.exe', 'pid': 11796, 'vms': 35.7890625}
{'username': None, 'name': 'svchost.exe', 'pid': 12004, 'vms': 8.625}
{'username': 'BHAVESH\\ahire', 'name': 'conhost.exe', 'pid': 12072, 'vms': 1.44921875}
{'username': 'BHAVESH\\ahire', 'name': 'Code.exe', 'pid': 12144, 'vms': 10.76171875}
{'username': 'BHAVESH\\ahire', 'name': 'RtkAudUService64.exe', 'pid': 12444, 'vms': 26.18359375}
{'username': 'BHAVESH\\ahire', 'name': 'FileCoAuth.exe', 'pid': 12508, 'vms': 6.0390625}
{'username': 'BHAVESH\\ahire', 'name': 'UserOOBEBroker.exe', 'pid': 12540, 'vms': 1.953125}
{'username': 'BHAVESH\\ahire', 'name': 'CrossDeviceService.exe', 'pid': 12556, 'vms': 28.15625}
{'username': 'BHAVESH\\ahire', 'name': 'svchost.exe', 'pid': 12560, 'vms': 8.37109375}
{'username': None, 'name': 'SearchIndexer.exe', 'pid': 12848, 'vms': 32.84765625}
{'username': 'BHAVESH\\ahire', 'name': 'Widgets.exe', 'pid': 12884, 'vms': 10.3984375}
{'username': None, 'name': 'svchost.exe', 'pid': 12964, 'vms': 3.93359375}
{'username': 'BHAVESH\\ahire', 'name': 'msedgewebview2.exe', 'pid': 13032, 'vms': 77.86328125}
{'username': 'BHAVESH\\ahire', 'name': 'msedge.exe', 'pid': 13056, 'vms': 2.30859375}
{'username': 'BHAVESH\\ahire', 'name': 'SearchHost.exe', 'pid': 13180, 'vms': 65.19921875}
{'username': 'BHAVESH\\ahire', 'name': 'StartMenuExperienceHost.exe', 'pid': 13204, 'vms': 83.46484375}
{'username': 'BHAVESH\\ahire', 'name': 'RuntimeBroker.exe', 'pid': 13356, 'vms': 14.92578125}
{'username': 'BHAVESH\\ahire', 'name': 'svchost.exe', 'pid': 13404, 'vms': 3.6328125}
{'username': 'BHAVESH\\ahire', 'name': 'RuntimeBroker.exe', 'pid': 13420, 'vms': 9.22265625}
{'username': 'BHAVESH\\ahire', 'name': 'ONENOTEM.EXE', 'pid': 13456, 'vms': 3.1640625}
{'username': 'BHAVESH\\ahire', 'name': 'jusched.exe', 'pid': 13508, 'vms': 2.3203125}
{'username': 'BHAVESH\\ahire', 'name': 'WidgetService.exe', 'pid': 13704, 'vms': 4.703125}
{'username': 'BHAVESH\\ahire', 'name': 'Code.exe', 'pid': 13792, 'vms': 110.42578125}
{'username': 'BHAVESH\\ahire', 'name': 'msedge.exe', 'pid': 13816, 'vms': 61.13671875}
{'username': 'BHAVESH\\ahire', 'name': 'Code.exe', 'pid': 13884, 'vms': 85.421875}
{'username': 'BHAVESH\\ahire', 'name': 'RuntimeBroker.exe', 'pid': 13924, 'vms': 2.515625}
{'username': 'BHAVESH\\ahire', 'name': 'AdobeCollabSync.exe', 'pid': 13948, 'vms': 10.73828125}
{'username': 'BHAVESH\\ahire', 'name': 'msedgewebview2.exe', 'pid': 14288, 'vms': 38.71875}
{'username': 'BHAVESH\\ahire', 'name': 'msedgewebview2.exe', 'pid': 14676, 'vms': 2.29296875}
{'username': 'BHAVESH\\ahire', 'name': 'msedgewebview2.exe', 'pid': 14956, 'vms': 72.16015625}
{'username': 'BHAVESH\\ahire', 'name': 'msedgewebview2.exe', 'pid': 14984, 'vms': 13.828125}
{'username': 'BHAVESH\\ahire', 'name': 'msedgewebview2.exe', 'pid': 15120, 'vms': 8.65625}
{'username': 'BHAVESH\\ahire', 'name': 'ctfmon.exe', 'pid': 15308, 'vms': 7.875}
{'username': 'BHAVESH\\ahire', 'name': 'jucheck.exe', 'pid': 15448, 'vms': 3.67578125}
{'username': 'BHAVESH\\ahire', 'name': 'WhatsApp.exe', 'pid': 15528, 'vms': 129.37109375}
{'username': 'BHAVESH\\ahire', 'name': 'LockApp.exe', 'pid': 15544, 'vms': 42.17578125}
{'username': 'BHAVESH\\ahire', 'name': 'LightStudio-background.exe', 'pid': 15584, 'vms': 165.44921875}
{'username': 'BHAVESH\\ahire', 'name': 'mc-extn-browserhost.exe', 'pid': 15640, 'vms': 5.19921875}
{'username': 'BHAVESH\\ahire', 'name': 'python.exe', 'pid': 15668, 'vms': 10.4609375}
{'username': 'BHAVESH\\ahire', 'name': 'chrome.exe', 'pid': 15756, 'vms': 411.48828125}
{'username': 'BHAVESH\\ahire', 'name': 'DesktopExtension.exe', 'pid': 16044, 'vms': 24.1171875}
{'username': None, 'name': 'svchost.exe', 'pid': 16208, 'vms': 6.80078125}
{'username': 'BHAVESH\\ahire', 'name': 'powershell.exe', 'pid': 16268, 'vms': 60.0546875}
{'username': 'BHAVESH\\ahire', 'name': 'conhost.exe', 'pid': 16380, 'vms': 1.44140625}
{'username': None, 'name': 'svchost.exe', 'pid': 16472, 'vms': 4.83984375}
{'username': 'BHAVESH\\ahire', 'name': 'PhoneExperienceHost.exe', 'pid': 16868, 'vms': 73.68359375}
{'username': 'BHAVESH\\ahire', 'name': 'RuntimeBroker.exe', 'pid': 17000, 'vms': 6.4296875}
{'username': 'BHAVESH\\ahire', 'name': 'msedge.exe', 'pid': 17056, 'vms': 17.55078125}
{'username': 'BHAVESH\\ahire', 'name': 'RuntimeBroker.exe', 'pid': 17076, 'vms': 2.92578125}
{'username': None, 'name': 'svchost.exe', 'pid': 17136, 'vms': 3.83984375}
{'username': 'BHAVESH\\ahire', 'name': 'RuntimeBroker.exe', 'pid': 17176, 'vms': 12.3984375}
{'username': 'BHAVESH\\ahire', 'name': 'CastSrv.exe', 'pid': 17256, 'vms': 4.4453125}
{'username': None, 'name': 'svchost.exe', 'pid': 17340, 'vms': 2.90234375}
{'username': 'BHAVESH\\ahire', 'name': 'backgroundTaskHost.exe', 'pid': 17876, 'vms': 4.90234375}
{'username': 'BHAVESH\\ahire', 'name': 'chrome.exe', 'pid': 18068, 'vms': 233.5703125}
{'username': 'BHAVESH\\ahire', 'name': 'SystemSettings.exe', 'pid': 18288, 'vms': 124.12109375}
{'username': 'BHAVESH\\ahire', 'name': 'unsecapp.exe', 'pid': 18532, 'vms': 1.80078125}
{'username': None, 'name': 'SecurityHealthService.exe', 'pid': 18752, 'vms': 8.33984375}
{'username': None, 'name': 'svchost.exe', 'pid': 18848, 'vms': 3.60546875}
{'username': None, 'name': 'FileSyncHelper.exe', 'pid': 18984, 'vms': 5.3125}
{'username': None, 'name': 'svchost.exe', 'pid': 19012, 'vms': 9.375}
{'username': 'BHAVESH\\ahire', 'name': 'chrome.exe', 'pid': 19040, 'vms': 2.328125}
{'username': 'BHAVESH\\ahire', 'name': 'OneDrive.exe', 'pid': 19256, 'vms': 121.078125}
{'username': 'BHAVESH\\ahire', 'name': 'HPSystemEventUtilityBackground.exe', 'pid': 19320, 'vms': 39.84375}
{'username': None, 'name': 'svchost.exe', 'pid': 19444, 'vms': 3.30859375}
{'username': 'BHAVESH\\ahire', 'name': 'chrome.exe', 'pid': 19452, 'vms': 71.234375}
{'username': 'BHAVESH\\ahire', 'name': 'HPQuickDrop.exe', 'pid': 19876, 'vms': 42.86328125}
{'username': 'BHAVESH\\ahire', 'name': 'chrome.exe', 'pid': 19948, 'vms': 138.5703125}
{'username': 'BHAVESH\\ahire', 'name': 'Code.exe', 'pid': 19964, 'vms': 83.84765625}
{'username': 'BHAVESH\\ahire', 'name': 'Code.exe', 'pid': 20040, 'vms': 109.39453125}
{'username': 'BHAVESH\\ahire', 'name': 'chrome.exe', 'pid': 20124, 'vms': 30.76953125}
{'username': 'BHAVESH\\ahire', 'name': 'Code.exe', 'pid': 20452, 'vms': 310.1171875}
{'username': 'BHAVESH\\ahire', 'name': 'chrome.exe', 'pid': 20752, 'vms': 25.7890625}
{'username': 'BHAVESH\\ahire', 'name': 'OpenConsole.exe', 'pid': 20964, 'vms': 2.484375}
{'username': 'BHAVESH\\ahire', 'name': 'RuntimeBroker.exe', 'pid': 21236, 'vms': 2.24609375}
{'username': 'BHAVESH\\ahire', 'name': 'chrome.exe', 'pid': 21680, 'vms': 227.26171875}
{'username': 'BHAVESH\\ahire', 'name': 'chrome.exe', 'pid': 21844, 'vms': 54.28125}
{'username': 'BHAVESH\\ahire', 'name': 'chrome.exe', 'pid': 22216, 'vms': 7.78125}
{'username': 'BHAVESH\\ahire', 'name': 'chrome.exe', 'pid': 22224, 'vms': 29.00390625}
{'username': 'BHAVESH\\ahire', 'name': 'chrome.exe', 'pid': 22680, 'vms': 38.2265625}
{'username': None, 'name': 'svchost.exe', 'pid': 23872, 'vms': 1.39453125}
{'username': 'BHAVESH\\ahire', 'name': 'HPSystemEventUtilityHost.exe', 'pid': 24428, 'vms': 34.375}
------------------------------------------------------------------------------------------
-----------------------------------------End of Automation script ---------------------------
-----------------------------------Thanks for using the automation script-----------------------------------------
