------------------------------------------------------------------------------------------
-----------------------------Welcome to the ProcessInfo automation script-----------------------------------
------------------------------------------------------------------------------------------

{'username': 'NT AUTHORITY\\SYSTEM', 'name': 'System Idle Process', 'pid': 0, 'vms': 0.05859375}
{'username': 'NT AUTHORITY\\SYSTEM', 'name': 'System', 'pid': 4, 'vms': 0.0390625}
{'username': None, 'name': '', 'pid': 188, 'vms': 0.171875}
{'username': None, 'name': 'Registry', 'pid': 232, 'vms': 34.046875}
{'username': None, 'name': 'SearchProtocolHost.exe', 'pid': 428, 'vms': 2.5859375}
{'username': 'BHAVESH\\ahire', 'name': 'BridgeCommunication.exe', 'pid': 728, 'vms': 5.85546875}
{'username': None, 'name': 'smss.exe', 'pid': 800, 'vms': 1.140625}
{'username': 'BHAVESH\\ahire', 'name': 'RuntimeBroker.exe', 'pid': 960, 'vms': 1.87109375}
{'username': None, 'name': 'svchost.exe', 'pid': 964, 'vms': 1.90234375}
{'username': 'BHAVESH\\ahire', 'name': 'cmd.exe', 'pid': 968, 'vms': 1.8828125}
{'username': 'BHAVESH\\ahire', 'name': 'conhost.exe', 'pid': 1232, 'vms': 1.703125}
{'username': None, 'name': 'audiodg.exe', 'pid': 1248, 'vms': 19.53125}
{'username': None, 'name': 'csrss.exe', 'pid': 1364, 'vms': 2.43359375}
{'username': 'BHAVESH\\ahire', 'name': 'chrome.exe', 'pid': 1372, 'vms': 44.73828125}
{'username': None, 'name': 'wininit.exe', 'pid': 1452, 'vms': 1.44921875}
{'username': None, 'name': 'csrss.exe', 'pid': 1460, 'vms': 2.94140625}
{'username': None, 'name': 'winlogon.exe', 'pid': 1520, 'vms': 2.7578125}
{'username': 'BHAVESH\\ahire', 'name': 'powershell.exe', 'pid': 1572, 'vms': 69.0625}
{'username': None, 'name': 'services.exe', 'pid': 1596, 'vms': 5.796875}
{'username': None, 'name': 'LsaIso.exe', 'pid': 1604, 'vms': 1.25390625}
{'username': None, 'name': 'lsass.exe', 'pid': 1624, 'vms': 12.24609375}
{'username': None, 'name': 'dwm.exe', 'pid': 1636, 'vms': 176.1171875}
{'username': None, 'name': 'svchost.exe', 'pid': 1764, 'vms': 13.90234375}
{'username': None, 'name': 'fontdrvhost.exe', 'pid': 1796, 'vms': 1.6640625}
{'username': None, 'name': 'fontdrvhost.exe', 'pid': 1800, 'vms': 2.015625}
{'username': None, 'name': 'WUDFHost.exe', 'pid': 1872, 'vms': 5.49609375}
{'username': 'BHAVESH\\ahire', 'name': 'HP.myHP.exe', 'pid': 1900, 'vms': 53.19921875}
{'username': None, 'name': 'svchost.exe', 'pid': 1944, 'vms': 9.8203125}
{'username': None, 'name': 'svchost.exe', 'pid': 1996, 'vms': 3.140625}
{'username': None, 'name': 'WUDFHost.exe', 'pid': 2076, 'vms': 8.77734375}
{'username': 'BHAVESH\\ahire', 'name': 'ms-teams.exe', 'pid': 2148, 'vms': 24.01953125}
{'username': 'BHAVESH\\ahire', 'name': 'WindowsTerminal.exe', 'pid': 2160, 'vms': 64.42578125}
{'username': None, 'name': 'svchost.exe', 'pid': 2168, 'vms': 1.26953125}
{'username': None, 'name': 'svchost.exe', 'pid': 2176, 'vms': 1.78515625}
{'username': None, 'name': 'svchost.exe', 'pid': 2200, 'vms': 2.31640625}
{'username': 'BHAVESH\\ahire', 'name': 'OmenCommandCenterBackground.exe', 'pid': 2248, 'vms': 233.67578125}
{'username': 'BHAVESH\\ahire', 'name': 'SDXHelper.exe', 'pid': 2280, 'vms': 14.34765625}
{'username': 'BHAVESH\\ahire', 'name': 'svchost.exe', 'pid': 2324, 'vms': 10.60546875}
{'username': None, 'name': 'svchost.exe', 'pid': 2452, 'vms': 4.2421875}
{'username': None, 'name': 'svchost.exe', 'pid': 2460, 'vms': 7.2265625}
{'username': None, 'name': 'svchost.exe', 'pid': 2468, 'vms': 3.25}
{'username': None, 'name': 'svchost.exe', 'pid': 2476, 'vms': 2.359375}
{'username': None, 'name': 'svchost.exe', 'pid': 2484, 'vms': 3.578125}
{'username': None, 'name': 'svchost.exe', 'pid': 2492, 'vms': 2.83203125}
{'username': 'BHAVESH\\ahire', 'name': 'conhost.exe', 'pid': 2508, 'vms': 1.70703125}
{'username': 'BHAVESH\\ahire', 'name': 'svchost.exe', 'pid': 2600, 'vms': 3.453125}
{'username': None, 'name': 'WUDFHost.exe', 'pid': 2668, 'vms': 4.33203125}
{'username': None, 'name': 'svchost.exe', 'pid': 2676, 'vms': 3.83203125}
{'username': 'BHAVESH\\ahire', 'name': 'AdobeCollabSync.exe', 'pid': 2688, 'vms': 7.8671875}
{'username': None, 'name': 'svchost.exe', 'pid': 2692, 'vms': 6.62109375}
{'username': None, 'name': 'svchost.exe', 'pid': 2732, 'vms': 6.48046875}
{'username': 'BHAVESH\\ahire', 'name': 'msedgewebview2.exe', 'pid': 2752, 'vms': 46.5859375}
{'username': None, 'name': 'IntelCpHDCPSvc.exe', 'pid': 2776, 'vms': 1.484375}
{'username': None, 'name': 'svchost.exe', 'pid': 2800, 'vms': 2.78515625}
{'username': None, 'name': 'svchost.exe', 'pid': 2820, 'vms': 2.53515625}
{'username': None, 'name': 'svchost.exe', 'pid': 2848, 'vms': 1.54296875}
{'username': None, 'name': 'svchost.exe', 'pid': 2864, 'vms': 2.0859375}
{'username': None, 'name': 'svchost.exe', 'pid': 2868, 'vms': 2.546875}
{'username': None, 'name': 'svchost.exe', 'pid': 2900, 'vms': 5.58203125}
{'username': None, 'name': 'svchost.exe', 'pid': 2936, 'vms': 1.71484375}
{'username': 'BHAVESH\\ahire', 'name': 'RuntimeBroker.exe', 'pid': 3068, 'vms': 2.05859375}
{'username': None, 'name': 'svchost.exe', 'pid': 3200, 'vms': 3.51171875}
{'username': None, 'name': 'svchost.exe', 'pid': 3288, 'vms': 2.15625}
{'username': 'BHAVESH\\ahire', 'name': 'chrome.exe', 'pid': 3320, 'vms': 50.23828125}
{'username': 'BHAVESH\\ahire', 'name': 'browserhost.exe', 'pid': 3336, 'vms': 6.5390625}
{'username': None, 'name': 'svchost.exe', 'pid': 3364, 'vms': 2.65625}
{'username': 'BHAVESH\\ahire', 'name': 'svchost.exe', 'pid': 3372, 'vms': 7.09375}
{'username': None, 'name': 'svchost.exe', 'pid': 3480, 'vms': 2.84375}
{'username': None, 'name': 'svchost.exe', 'pid': 3588, 'vms': 2.3515625}
{'username': None, 'name': 'svchost.exe', 'pid': 3680, 'vms': 2.36328125}
{'username': None, 'name': 'svchost.exe', 'pid': 3700, 'vms': 17.13671875}
{'username': 'BHAVESH\\ahire', 'name': 'chrome.exe', 'pid': 3720, 'vms': 507.1796875}
{'username': None, 'name': 'svchost.exe', 'pid': 3764, 'vms': 3.80078125}
{'username': None, 'name': 'svchost.exe', 'pid': 3824, 'vms': 1.46484375}
{'username': None, 'name': 'svchost.exe', 'pid': 3836, 'vms': 3.15625}
{'username': None, 'name': 'svchost.exe', 'pid': 3844, 'vms': 2.0625}
{'username': None, 'name': 'dasHost.exe', 'pid': 3888, 'vms': 4.68359375}
{'username': None, 'name': 'svchost.exe', 'pid': 3940, 'vms': 2.23046875}
{'username': None, 'name': 'MemCompression', 'pid': 4048, 'vms': 2.1328125}
{'username': 'BHAVESH\\ahire', 'name': 'msedgewebview2.exe', 'pid': 4060, 'vms': 12.3671875}
{'username': None, 'name': 'svchost.exe', 'pid': 4164, 'vms': 3.625}
{'username': 'BHAVESH\\ahire', 'name': 'msedgewebview2.exe', 'pid': 4188, 'vms': 2.2578125}
{'username': None, 'name': 'svchost.exe', 'pid': 4196, 'vms': 2.28125}
{'username': None, 'name': 'TouchpointAnalyticsClientService.exe', 'pid': 4216, 'vms': 84.7109375}
{'username': 'BHAVESH\\ahire', 'name': 'ShellExperienceHost.exe', 'pid': 4260, 'vms': 41.59375}
{'username': None, 'name': 'NetworkCap.exe', 'pid': 4276, 'vms': 3.69921875}
{'username': None, 'name': 'AppHelperCap.exe', 'pid': 4284, 'vms': 8.26953125}
{'username': None, 'name': 'SysInfoCap.exe', 'pid': 4288, 'vms': 11.84375}
{'username': None, 'name': 'DiagsCap.exe', 'pid': 4300, 'vms': 29.1171875}
{'username': None, 'name': 'svchost.exe', 'pid': 4516, 'vms': 32.421875}
{'username': None, 'name': 'svchost.exe', 'pid': 4628, 'vms': 5.55078125}
{'username': 'BHAVESH\\ahire', 'name': 'msedgewebview2.exe', 'pid': 4800, 'vms': 274.64453125}
{'username': 'BHAVESH\\ahire', 'name': 'RuntimeBroker.exe', 'pid': 4816, 'vms': 2.48828125}
{'username': None, 'name': 'svchost.exe', 'pid': 4824, 'vms': 13.66796875}
{'username': 'BHAVESH\\ahire', 'name': 'msedgewebview2.exe', 'pid': 4940, 'vms': 8.6953125}
{'username': None, 'name': 'svchost.exe', 'pid': 4952, 'vms': 2.3515625}
{'username': None, 'name': 'svchost.exe', 'pid': 5068, 'vms': 1.578125}
{'username': 'BHAVESH\\ahire', 'name': 'dllhost.exe', 'pid': 5076, 'vms': 1.83203125}
{'username': None, 'name': 'svchost.exe', 'pid': 5228, 'vms': 2.39453125}
{'username': None, 'name': 'svchost.exe', 'pid': 5296, 'vms': 8.32421875}
{'username': None, 'name': 'svchost.exe', 'pid': 5324, 'vms': 3.8359375}
{'username': None, 'name': 'spoolsv.exe', 'pid': 5352, 'vms': 5.7890625}
{'username': None, 'name': 'svchost.exe', 'pid': 5388, 'vms': 15.234375}
{'username': None, 'name': 'svchost.exe', 'pid': 5452, 'vms': 1.828125}
{'username': None, 'name': 'svchost.exe', 'pid': 5532, 'vms': 5.91796875}
{'username': 'BHAVESH\\ahire', 'name': 'cmd.exe', 'pid': 5632, 'vms': 1.89453125}
{'username': None, 'name': 'ipf_uf.exe', 'pid': 5636, 'vms': 2.0546875}
{'username': None, 'name': 'armsvc.exe', 'pid': 5644, 'vms': 1.76171875}
{'username': None, 'name': 'svchost.exe', 'pid': 5652, 'vms': 2.58984375}
{'username': None, 'name': 'svchost.exe', 'pid': 5660, 'vms': 27.12890625}
{'username': None, 'name': 'svchost.exe', 'pid': 5668, 'vms': 3.05859375}
{'username': None, 'name': 'IntelAudioService.exe', 'pid': 5680, 'vms': 38.73046875}
{'username': None, 'name': 'OneApp.IGCC.WinService.exe', 'pid': 5688, 'vms': 33.140625}
{'username': None, 'name': 'ETDService.exe', 'pid': 5696, 'vms': 1.5078125}
{'username': None, 'name': 'HPCommRecovery.exe', 'pid': 5704, 'vms': 22.9921875}
{'username': None, 'name': 'jhi_service.exe', 'pid': 5712, 'vms': 1.38671875}
{'username': None, 'name': 'HPPrintScanDoctorService.exe', 'pid': 5720, 'vms': 1.921875}
{'username': None, 'name': 'ipfsvc.exe', 'pid': 5732, 'vms': 1.57421875}
{'username': None, 'name': 'servicehost.exe', 'pid': 5752, 'vms': 22.24609375}
{'username': None, 'name': 'svchost.exe', 'pid': 5764, 'vms': 35.0859375}
{'username': None, 'name': 'OfficeClickToRun.exe', 'pid': 5800, 'vms': 31.40625}
{'username': None, 'name': 'mc-fw-host.exe', 'pid': 5808, 'vms': 253.44140625}
{'username': None, 'name': 'MpDefenderCoreService.exe', 'pid': 5828, 'vms': 12.703125}
{'username': None, 'name': 'RtkAudUService64.exe', 'pid': 5848, 'vms': 29.75390625}
{'username': None, 'name': 'RtkBtManServ.exe', 'pid': 5856, 'vms': 2.1796875}
{'username': None, 'name': 'SECOMN64.exe', 'pid': 5924, 'vms': 7.80078125}
{'username': 'BHAVESH\\ahire', 'name': 'msedgewebview2.exe', 'pid': 5936, 'vms': 8.48046875}
{'username': None, 'name': 'svchost.exe', 'pid': 5968, 'vms': 1.34375}
{'username': None, 'name': 'svchost.exe', 'pid': 5992, 'vms': 1.5859375}
{'username': None, 'name': 'mc-neo-host.exe', 'pid': 6108, 'vms': 19.3359375}
{'username': None, 'name': 'svchost.exe', 'pid': 6116, 'vms': 12.36328125}
{'username': None, 'name': 'MsMpEng.exe', 'pid': 6140, 'vms': 248.05078125}
{'username': None, 'name': 'svchost.exe', 'pid': 6200, 'vms': 4.73046875}
{'username': None, 'name': 'svchost.exe', 'pid': 6208, 'vms': 1.7265625}
{'username': None, 'name': 'WMIRegistrationService.exe', 'pid': 6216, 'vms': 2.95703125}
{'username': None, 'name': 'svchost.exe', 'pid': 6244, 'vms': 2.35546875}
{'username': None, 'name': 'XtuService.exe', 'pid': 6280, 'vms': 59.98828125}
{'username': None, 'name': 'WmiPrvSE.exe', 'pid': 6336, 'vms': 6.93359375}
{'username': 'BHAVESH\\ahire', 'name': 'ApplicationFrameHost.exe', 'pid': 6804, 'vms': 53.9296875}
{'username': 'BHAVESH\\ahire', 'name': 'powershell.exe', 'pid': 6816, 'vms': 56.48046875}
{'username': None, 'name': 'svchost.exe', 'pid': 7256, 'vms': 2.65625}
{'username': 'BHAVESH\\ahire', 'name': 'ms-teams.exe', 'pid': 7336, 'vms': 70.6875}
{'username': None, 'name': 'NgcIso.exe', 'pid': 7720, 'vms': 1.2421875}
{'username': None, 'name': 'svchost.exe', 'pid': 7732, 'vms': 1.4765625}
{'username': 'BHAVESH\\ahire', 'name': 'uihost.exe', 'pid': 7896, 'vms': 19.30859375}
{'username': 'BHAVESH\\ahire', 'name': 'RuntimeBroker.exe', 'pid': 7928, 'vms': 3.015625}
{'username': None, 'name': 'unsecapp.exe', 'pid': 8260, 'vms': 1.796875}
{'username': None, 'name': 'svchost.exe', 'pid': 8744, 'vms': 1.80859375}
{'username': 'BHAVESH\\ahire', 'name': 'Code.exe', 'pid': 8840, 'vms': 13.77734375}
{'username': 'BHAVESH\\ahire', 'name': 'SecurityHealthSystray.exe', 'pid': 8964, 'vms': 1.98828125}
{'username': 'BHAVESH\\ahire', 'name': 'sihost.exe', 'pid': 9012, 'vms': 7.75390625}
{'username': 'BHAVESH\\ahire', 'name': 'msedgewebview2.exe', 'pid': 9164, 'vms': 77.390625}
{'username': None, 'name': 'WmiPrvSE.exe', 'pid': 9244, 'vms': 4.93359375}
{'username': None, 'name': 'svchost.exe', 'pid': 9416, 'vms': 31.65234375}
{'username': None, 'name': 'svchost.exe', 'pid': 9472, 'vms': 13.859375}
{'username': 'BHAVESH\\ahire', 'name': 'svchost.exe', 'pid': 9540, 'vms': 2.42578125}
{'username': 'BHAVESH\\ahire', 'name': 'mc-fw-host.exe', 'pid': 9548, 'vms': 9.9609375}
{'username': None, 'name': 'AggregatorHost.exe', 'pid': 9740, 'vms': 4.5234375}
{'username': 'BHAVESH\\ahire', 'name': 'chrome.exe', 'pid': 9756, 'vms': 11.34765625}
{'username': None, 'name': 'RtkAudUService64.exe', 'pid': 9860, 'vms': 25.8359375}
{'username': 'BHAVESH\\ahire', 'name': 'chrome.exe', 'pid': 9920, 'vms': 123.98046875}
{'username': 'BHAVESH\\ahire', 'name': 'msedge.exe', 'pid': 9944, 'vms': 2.27734375}
{'username': 'BHAVESH\\ahire', 'name': 'ipf_helper.exe', 'pid': 9972, 'vms': 2.0546875}
{'username': None, 'name': 'svchost.exe', 'pid': 10120, 'vms': 1.6640625}
{'username': 'BHAVESH\\ahire', 'name': 'ETDCtrl.exe', 'pid': 10140, 'vms': 7.1875}
{'username': 'BHAVESH\\ahire', 'name': 'Code.exe', 'pid': 10184, 'vms': 142.23046875}
{'username': 'BHAVESH\\ahire', 'name': 'svchost.exe', 'pid': 10340, 'vms': 2.0625}
{'username': 'BHAVESH\\ahire', 'name': 'svchost.exe', 'pid': 10396, 'vms': 7.9765625}
{'username': 'BHAVESH\\ahire', 'name': 'taskhostw.exe', 'pid': 10472, 'vms': 8.265625}
{'username': 'BHAVESH\\ahire', 'name': 'OverlayHelper.exe', 'pid': 10484, 'vms': 32.94140625}
{'username': 'BHAVESH\\ahire', 'name': 'SystemOptimizer.exe', 'pid': 10528, 'vms': 41.43359375}
{'username': None, 'name': 'svchost.exe', 'pid': 10604, 'vms': 4.1015625}
{'username': None, 'name': 'svchost.exe', 'pid': 10648, 'vms': 2.38671875}
{'username': 'BHAVESH\\ahire', 'name': 'OmenInstallMonitor.exe', 'pid': 10756, 'vms': 31.05078125}
{'username': 'BHAVESH\\ahire', 'name': 'TextInputHost.exe', 'pid': 11108, 'vms': 45.9921875}
{'username': None, 'name': 'svchost.exe', 'pid': 11224, 'vms': 6.1328125}
{'username': 'BHAVESH\\ahire', 'name': 'explorer.exe', 'pid': 11284, 'vms': 325.15625}
{'username': None, 'name': 'svchost.exe', 'pid': 11324, 'vms': 7.0703125}
{'username': 'BHAVESH\\ahire', 'name': 'ShellHost.exe', 'pid': 11432, 'vms': 33.09375}
{'username': 'BHAVESH\\ahire', 'name': 'svchost.exe', 'pid': 11492, 'vms': 1.875}
{'username': None, 'name': 'svchost.exe', 'pid': 11576, 'vms': 1.06640625}
{'username': 'BHAVESH\\ahire', 'name': 'SECOCL64.exe', 'pid': 11616, 'vms': 2.94921875}
{'username': 'BHAVESH\\ahire', 'name': 'conhost.exe', 'pid': 11648, 'vms': 1.23046875}
{'username': 'BHAVESH\\ahire', 'name': 'Code.exe', 'pid': 11672, 'vms': 117.33984375}
{'username': 'BHAVESH\\ahire', 'name': 'CrossDeviceResume.exe', 'pid': 11796, 'vms': 35.45703125}
{'username': None, 'name': 'svchost.exe', 'pid': 12004, 'vms': 8.609375}
{'username': 'BHAVESH\\ahire', 'name': 'conhost.exe', 'pid': 12072, 'vms': 1.44921875}
{'username': 'BHAVESH\\ahire', 'name': 'Code.exe', 'pid': 12144, 'vms': 10.76171875}
{'username': 'BHAVESH\\ahire', 'name': 'msedge.exe', 'pid': 12216, 'vms': 53.96484375}
{'username': 'BHAVESH\\ahire', 'name': 'RtkAudUService64.exe', 'pid': 12444, 'vms': 26.2421875}
{'username': 'BHAVESH\\ahire', 'name': 'FileCoAuth.exe', 'pid': 12508, 'vms': 6.07421875}
{'username': 'BHAVESH\\ahire', 'name': 'UserOOBEBroker.exe', 'pid': 12540, 'vms': 1.9453125}
{'username': 'BHAVESH\\ahire', 'name': 'CrossDeviceService.exe', 'pid': 12556, 'vms': 28.17578125}
{'username': 'BHAVESH\\ahire', 'name': 'svchost.exe', 'pid': 12560, 'vms': 8.375}
{'username': None, 'name': 'SearchIndexer.exe', 'pid': 12848, 'vms': 32.44921875}
{'username': 'BHAVESH\\ahire', 'name': 'Widgets.exe', 'pid': 12884, 'vms': 9.6640625}
{'username': None, 'name': 'svchost.exe', 'pid': 12964, 'vms': 3.99609375}
{'username': 'BHAVESH\\ahire', 'name': 'msedgewebview2.exe', 'pid': 13032, 'vms': 76.59765625}
{'username': 'BHAVESH\\ahire', 'name': 'SearchHost.exe', 'pid': 13180, 'vms': 64.921875}
{'username': 'BHAVESH\\ahire', 'name': 'StartMenuExperienceHost.exe', 'pid': 13204, 'vms': 82.1171875}
{'username': 'BHAVESH\\ahire', 'name': 'RuntimeBroker.exe', 'pid': 13356, 'vms': 13.49609375}
{'username': 'BHAVESH\\ahire', 'name': 'svchost.exe', 'pid': 13404, 'vms': 3.6953125}
{'username': 'BHAVESH\\ahire', 'name': 'RuntimeBroker.exe', 'pid': 13420, 'vms': 9.1875}
{'username': 'BHAVESH\\ahire', 'name': 'ONENOTEM.EXE', 'pid': 13456, 'vms': 3.1640625}
{'username': 'BHAVESH\\ahire', 'name': 'jusched.exe', 'pid': 13508, 'vms': 2.234375}
{'username': 'BHAVESH\\ahire', 'name': 'python.exe', 'pid': 13532, 'vms': 10.11328125}
{'username': 'BHAVESH\\ahire', 'name': 'chrome.exe', 'pid': 13560, 'vms': 12.94921875}
{'username': 'BHAVESH\\ahire', 'name': 'WidgetService.exe', 'pid': 13704, 'vms': 4.69921875}
{'username': 'BHAVESH\\ahire', 'name': 'Code.exe', 'pid': 13792, 'vms': 110.41015625}
{'username': 'BHAVESH\\ahire', 'name': 'Code.exe', 'pid': 13884, 'vms': 85.42578125}
{'username': 'BHAVESH\\ahire', 'name': 'RuntimeBroker.exe', 'pid': 13924, 'vms': 2.38671875}
{'username': 'BHAVESH\\ahire', 'name': 'AdobeCollabSync.exe', 'pid': 13948, 'vms': 10.5625}
{'username': 'BHAVESH\\ahire', 'name': 'msedgewebview2.exe', 'pid': 14288, 'vms': 38.59375}
{'username': 'BHAVESH\\ahire', 'name': 'msedgewebview2.exe', 'pid': 14676, 'vms': 2.29296875}
{'username': 'BHAVESH\\ahire', 'name': 'msedgewebview2.exe', 'pid': 14956, 'vms': 72.14453125}
{'username': 'BHAVESH\\ahire', 'name': 'msedgewebview2.exe', 'pid': 14984, 'vms': 13.921875}
{'username': 'BHAVESH\\ahire', 'name': 'msedgewebview2.exe', 'pid': 15120, 'vms': 8.42578125}
{'username': 'BHAVESH\\ahire', 'name': 'ctfmon.exe', 'pid': 15308, 'vms': 7.90625}
{'username': 'BHAVESH\\ahire', 'name': 'jucheck.exe', 'pid': 15448, 'vms': 3.5625}
{'username': 'BHAVESH\\ahire', 'name': 'WhatsApp.exe', 'pid': 15528, 'vms': 129.35546875}
{'username': 'BHAVESH\\ahire', 'name': 'LockApp.exe', 'pid': 15544, 'vms': 42.078125}
{'username': 'BHAVESH\\ahire', 'name': 'LightStudio-background.exe', 'pid': 15584, 'vms': 165.5}
{'username': 'BHAVESH\\ahire', 'name': 'mc-extn-browserhost.exe', 'pid': 15640, 'vms': 5.18359375}
{'username': 'BHAVESH\\ahire', 'name': 'msedge.exe', 'pid': 15688, 'vms': 8.23046875}
{'username': 'BHAVESH\\ahire', 'name': 'chrome.exe', 'pid': 15756, 'vms': 450.19921875}
{'username': 'BHAVESH\\ahire', 'name': 'DesktopExtension.exe', 'pid': 16044, 'vms': 24.046875}
{'username': None, 'name': 'svchost.exe', 'pid': 16208, 'vms': 6.93359375}
{'username': 'BHAVESH\\ahire', 'name': 'powershell.exe', 'pid': 16268, 'vms': 60.1640625}
{'username': 'BHAVESH\\ahire', 'name': 'conhost.exe', 'pid': 16380, 'vms': 1.44140625}
{'username': None, 'name': 'svchost.exe', 'pid': 16472, 'vms': 4.7890625}
{'username': 'BHAVESH\\ahire', 'name': 'HPSystemEventUtilityHost.exe', 'pid': 16484, 'vms': 34.1953125}
{'username': 'BHAVESH\\ahire', 'name': 'chrome.exe', 'pid': 16532, 'vms': 96.41015625}
{'username': 'BHAVESH\\ahire', 'name': 'PhoneExperienceHost.exe', 'pid': 16868, 'vms': 73.54296875}
{'username': 'BHAVESH\\ahire', 'name': 'RuntimeBroker.exe', 'pid': 17000, 'vms': 5.93359375}
{'username': 'BHAVESH\\ahire', 'name': 'RuntimeBroker.exe', 'pid': 17076, 'vms': 2.92578125}
{'username': None, 'name': 'svchost.exe', 'pid': 17136, 'vms': 3.90234375}
{'username': 'BHAVESH\\ahire', 'name': 'RuntimeBroker.exe', 'pid': 17176, 'vms': 12.265625}
{'username': 'BHAVESH\\ahire', 'name': 'CastSrv.exe', 'pid': 17256, 'vms': 4.4453125}
{'username': None, 'name': 'svchost.exe', 'pid': 17340, 'vms': 2.921875}
{'username': 'BHAVESH\\ahire', 'name': 'backgroundTaskHost.exe', 'pid': 17876, 'vms': 4.90234375}
{'username': 'BHAVESH\\ahire', 'name': 'chrome.exe', 'pid': 18068, 'vms': 177.0625}
{'username': 'BHAVESH\\ahire', 'name': 'SystemSettings.exe', 'pid': 18288, 'vms': 124.12109375}
{'username': 'BHAVESH\\ahire', 'name': 'unsecapp.exe', 'pid': 18532, 'vms': 1.80859375}
{'username': 'BHAVESH\\ahire', 'name': 'chrome.exe', 'pid': 18604, 'vms': 38.51953125}
{'username': None, 'name': 'SecurityHealthService.exe', 'pid': 18752, 'vms': 7.68359375}
{'username': None, 'name': 'svchost.exe', 'pid': 18848, 'vms': 3.703125}
{'username': None, 'name': 'FileSyncHelper.exe', 'pid': 18984, 'vms': 4.984375}
{'username': None, 'name': 'svchost.exe', 'pid': 19012, 'vms': 9.23046875}
{'username': 'BHAVESH\\ahire', 'name': 'chrome.exe', 'pid': 19040, 'vms': 2.328125}
{'username': 'BHAVESH\\ahire', 'name': 'OneDrive.exe', 'pid': 19256, 'vms': 119.1640625}
{'username': 'BHAVESH\\ahire', 'name': 'HPSystemEventUtilityBackground.exe', 'pid': 19320, 'vms': 39.37890625}
{'username': None, 'name': 'svchost.exe', 'pid': 19444, 'vms': 3.29296875}
{'username': 'BHAVESH\\ahire', 'name': 'chrome.exe', 'pid': 19452, 'vms': 70.140625}
{'username': 'BHAVESH\\ahire', 'name': 'msedge.exe', 'pid': 19528, 'vms': 61.125}
{'username': None, 'name': 'svchost.exe', 'pid': 19704, 'vms': 1.3828125}
{'username': 'BHAVESH\\ahire', 'name': 'HPQuickDrop.exe', 'pid': 19876, 'vms': 42.87890625}
{'username': 'BHAVESH\\ahire', 'name': 'backgroundTaskHost.exe', 'pid': 19916, 'vms': 14.06640625}
{'username': 'BHAVESH\\ahire', 'name': 'chrome.exe', 'pid': 19948, 'vms': 128.203125}
{'username': 'BHAVESH\\ahire', 'name': 'Code.exe', 'pid': 19964, 'vms': 83.328125}
{'username': 'BHAVESH\\ahire', 'name': 'RuntimeBroker.exe', 'pid': 19968, 'vms': 2.625}
{'username': 'BHAVESH\\ahire', 'name': 'Code.exe', 'pid': 20040, 'vms': 109.359375}
{'username': 'BHAVESH\\ahire', 'name': 'chrome.exe', 'pid': 20124, 'vms': 26.734375}
{'username': 'BHAVESH\\ahire', 'name': 'Code.exe', 'pid': 20452, 'vms': 295.5078125}
{'username': 'BHAVESH\\ahire', 'name': 'chrome.exe', 'pid': 20752, 'vms': 25.26171875}
{'username': 'BHAVESH\\ahire', 'name': 'OpenConsole.exe', 'pid': 20964, 'vms': 2.484375}
{'username': 'BHAVESH\\ahire', 'name': 'msedge.exe', 'pid': 20988, 'vms': 17.5234375}
{'username': 'BHAVESH\\ahire', 'name': 'RuntimeBroker.exe', 'pid': 21236, 'vms': 2.30078125}
{'username': None, 'name': 'svchost.exe', 'pid': 21584, 'vms': 1.69140625}
{'username': 'BHAVESH\\ahire', 'name': 'chrome.exe', 'pid': 21680, 'vms': 228.77734375}
{'username': 'BHAVESH\\ahire', 'name': 'chrome.exe', 'pid': 21844, 'vms': 51.8515625}
{'username': 'BHAVESH\\ahire', 'name': 'chrome.exe', 'pid': 22216, 'vms': 7.87109375}
{'username': 'BHAVESH\\ahire', 'name': 'chrome.exe', 'pid': 22224, 'vms': 28.9765625}
------------------------------------------------------------------------------------------
-----------------------------------------End of Automation script ---------------------------
-----------------------------------Thanks for using the automation script-----------------------------------------
