------------------------------------------------------------------------------------------
-----------------------------Welcome to the ProcessInfo automation script-----------------------------------
------------------------------------------------------------------------------------------

{'name': 'System Idle Process', 'username': 'NT AUTHORITY\\SYSTEM', 'pid': 0, 'vms': 0.05859375}
{'name': 'System', 'username': 'NT AUTHORITY\\SYSTEM', 'pid': 4, 'vms': 0.04296875}
{'name': '', 'username': None, 'pid': 188, 'vms': 0.171875}
{'name': 'Registry', 'username': None, 'pid': 232, 'vms': 40.3671875}
{'name': 'smss.exe', 'username': None, 'pid': 800, 'vms': 1.140625}
{'name': 'RuntimeBroker.exe', 'username': 'BHAVESH\\ahire', 'pid': 960, 'vms': 1.8828125}
{'name': 'svchost.exe', 'username': None, 'pid': 964, 'vms': 1.90234375}
{'name': 'cmd.exe', 'username': 'BHAVESH\\ahire', 'pid': 968, 'vms': 1.8828125}
{'name': 'conhost.exe', 'username': 'BHAVESH\\ahire', 'pid': 1232, 'vms': 1.703125}
{'name': 'csrss.exe', 'username': None, 'pid': 1364, 'vms': 2.43359375}
{'name': 'wininit.exe', 'username': None, 'pid': 1452, 'vms': 1.44921875}
{'name': 'csrss.exe', 'username': None, 'pid': 1460, 'vms': 2.93359375}
{'name': 'winlogon.exe', 'username': None, 'pid': 1520, 'vms': 2.7109375}
{'name': 'powershell.exe', 'username': 'BHAVESH\\ahire', 'pid': 1572, 'vms': 69.078125}
{'name': 'services.exe', 'username': None, 'pid': 1596, 'vms': 6.0}
{'name': 'LsaIso.exe', 'username': None, 'pid': 1604, 'vms': 1.28515625}
{'name': 'lsass.exe', 'username': None, 'pid': 1624, 'vms': 12.4140625}
{'name': 'dwm.exe', 'username': None, 'pid': 1636, 'vms': 179.0234375}
{'name': 'VSSVC.exe', 'username': None, 'pid': 1748, 'vms': 2.359375}
{'name': 'svchost.exe', 'username': None, 'pid': 1764, 'vms': 13.7890625}
{'name': 'fontdrvhost.exe', 'username': None, 'pid': 1796, 'vms': 1.7421875}
{'name': 'fontdrvhost.exe', 'username': None, 'pid': 1800, 'vms': 2.015625}
{'name': 'WUDFHost.exe', 'username': None, 'pid': 1872, 'vms': 5.49609375}
{'name': 'HP.myHP.exe', 'username': 'BHAVESH\\ahire', 'pid': 1900, 'vms': 53.25}
{'name': 'svchost.exe', 'username': None, 'pid': 1944, 'vms': 10.31640625}
{'name': 'powershell.exe', 'username': 'BHAVESH\\ahire', 'pid': 1960, 'vms': 70.77734375}
{'name': 'svchost.exe', 'username': None, 'pid': 1996, 'vms': 3.125}
{'name': 'svchost.exe', 'username': None, 'pid': 2072, 'vms': 1.8203125}
{'name': 'WUDFHost.exe', 'username': None, 'pid': 2076, 'vms': 8.77734375}
{'name': 'ms-teams.exe', 'username': 'BHAVESH\\ahire', 'pid': 2148, 'vms': 24.015625}
{'name': 'svchost.exe', 'username': None, 'pid': 2168, 'vms': 1.26953125}
{'name': 'svchost.exe', 'username': None, 'pid': 2176, 'vms': 1.83203125}
{'name': 'svchost.exe', 'username': None, 'pid': 2200, 'vms': 2.34765625}
{'name': 'OmenCommandCenterBackground.exe', 'username': 'BHAVESH\\ahire', 'pid': 2248, 'vms': 235.9453125}
{'name': 'SDXHelper.exe', 'username': 'BHAVESH\\ahire', 'pid': 2280, 'vms': 14.6015625}
{'name': 'svchost.exe', 'username': 'BHAVESH\\ahire', 'pid': 2324, 'vms': 10.71875}
{'name': 'svchost.exe', 'username': None, 'pid': 2452, 'vms': 4.09765625}
{'name': 'svchost.exe', 'username': None, 'pid': 2460, 'vms': 8.12109375}
{'name': 'svchost.exe', 'username': None, 'pid': 2468, 'vms': 3.265625}
{'name': 'svchost.exe', 'username': None, 'pid': 2476, 'vms': 2.26171875}
{'name': 'svchost.exe', 'username': None, 'pid': 2484, 'vms': 3.5859375}
{'name': 'svchost.exe', 'username': None, 'pid': 2492, 'vms': 3.02734375}
{'name': 'chrome.exe', 'username': 'BHAVESH\\ahire', 'pid': 2500, 'vms': 166.0234375}
{'name': 'conhost.exe', 'username': 'BHAVESH\\ahire', 'pid': 2508, 'vms': 1.70703125}
{'name': 'svchost.exe', 'username': 'BHAVESH\\ahire', 'pid': 2600, 'vms': 3.16015625}
{'name': 'WUDFHost.exe', 'username': None, 'pid': 2668, 'vms': 4.33203125}
{'name': 'svchost.exe', 'username': None, 'pid': 2676, 'vms': 3.81640625}
{'name': 'AdobeCollabSync.exe', 'username': 'BHAVESH\\ahire', 'pid': 2688, 'vms': 8.0078125}
{'name': 'svchost.exe', 'username': None, 'pid': 2692, 'vms': 6.9375}
{'name': 'svchost.exe', 'username': None, 'pid': 2732, 'vms': 6.82421875}
{'name': 'msedgewebview2.exe', 'username': 'BHAVESH\\ahire', 'pid': 2752, 'vms': 46.6484375}
{'name': 'IntelCpHDCPSvc.exe', 'username': None, 'pid': 2776, 'vms': 1.484375}
{'name': 'svchost.exe', 'username': None, 'pid': 2800, 'vms': 2.8984375}
{'name': 'svchost.exe', 'username': None, 'pid': 2820, 'vms': 2.65234375}
{'name': 'svchost.exe', 'username': None, 'pid': 2848, 'vms': 1.546875}
{'name': 'svchost.exe', 'username': None, 'pid': 2864, 'vms': 2.328125}
{'name': 'svchost.exe', 'username': None, 'pid': 2868, 'vms': 2.546875}
{'name': 'svchost.exe', 'username': None, 'pid': 2936, 'vms': 1.734375}
{'name': 'RuntimeBroker.exe', 'username': 'BHAVESH\\ahire', 'pid': 3068, 'vms': 2.12109375}
{'name': 'svchost.exe', 'username': None, 'pid': 3200, 'vms': 3.38671875}
{'name': 'svchost.exe', 'username': None, 'pid': 3288, 'vms': 2.0859375}
{'name': 'chrome.exe', 'username': 'BHAVESH\\ahire', 'pid': 3320, 'vms': 51.3125}
{'name': 'browserhost.exe', 'username': 'BHAVESH\\ahire', 'pid': 3336, 'vms': 6.671875}
{'name': 'svchost.exe', 'username': None, 'pid': 3364, 'vms': 2.73046875}
{'name': 'svchost.exe', 'username': 'BHAVESH\\ahire', 'pid': 3372, 'vms': 6.5859375}
{'name': 'svchost.exe', 'username': None, 'pid': 3480, 'vms': 3.0078125}
{'name': 'svchost.exe', 'username': None, 'pid': 3588, 'vms': 2.3515625}
{'name': 'svchost.exe', 'username': None, 'pid': 3680, 'vms': 2.55078125}
{'name': 'svchost.exe', 'username': None, 'pid': 3700, 'vms': 18.46875}
{'name': 'chrome.exe', 'username': 'BHAVESH\\ahire', 'pid': 3720, 'vms': 507.1875}
{'name': 'svchost.exe', 'username': None, 'pid': 3764, 'vms': 3.8046875}
{'name': 'svchost.exe', 'username': None, 'pid': 3824, 'vms': 1.46484375}
{'name': 'svchost.exe', 'username': None, 'pid': 3836, 'vms': 3.25390625}
{'name': 'svchost.exe', 'username': None, 'pid': 3844, 'vms': 2.44140625}
{'name': 'dasHost.exe', 'username': None, 'pid': 3888, 'vms': 4.8359375}
{'name': 'svchost.exe', 'username': None, 'pid': 3940, 'vms': 2.24609375}
{'name': 'MemCompression', 'username': None, 'pid': 4048, 'vms': 2.2265625}
{'name': 'msedgewebview2.exe', 'username': 'BHAVESH\\ahire', 'pid': 4060, 'vms': 12.484375}
{'name': 'svchost.exe', 'username': None, 'pid': 4164, 'vms': 3.515625}
{'name': 'msedgewebview2.exe', 'username': 'BHAVESH\\ahire', 'pid': 4188, 'vms': 2.2734375}
{'name': 'svchost.exe', 'username': None, 'pid': 4196, 'vms': 2.140625}
{'name': 'TouchpointAnalyticsClientService.exe', 'username': None, 'pid': 4216, 'vms': 86.33984375}
{'name': 'ShellExperienceHost.exe', 'username': 'BHAVESH\\ahire', 'pid': 4260, 'vms': 44.578125}
{'name': 'chrome.exe', 'username': 'BHAVESH\\ahire', 'pid': 4264, 'vms': 126.74609375}
{'name': 'NetworkCap.exe', 'username': None, 'pid': 4276, 'vms': 3.71875}
{'name': 'AppHelperCap.exe', 'username': None, 'pid': 4284, 'vms': 8.4296875}
{'name': 'SysInfoCap.exe', 'username': None, 'pid': 4288, 'vms': 12.26953125}
{'name': 'DiagsCap.exe', 'username': None, 'pid': 4300, 'vms': 29.1171875}
{'name': 'svchost.exe', 'username': None, 'pid': 4516, 'vms': 32.67578125}
{'name': 'svchost.exe', 'username': None, 'pid': 4628, 'vms': 5.35546875}
{'name': 'msedge.exe', 'username': 'BHAVESH\\ahire', 'pid': 4732, 'vms': 17.69921875}
{'name': 'msedgewebview2.exe', 'username': 'BHAVESH\\ahire', 'pid': 4800, 'vms': 270.32421875}
{'name': 'RuntimeBroker.exe', 'username': 'BHAVESH\\ahire', 'pid': 4816, 'vms': 2.55859375}
{'name': 'svchost.exe', 'username': None, 'pid': 4824, 'vms': 15.40625}
{'name': 'msedgewebview2.exe', 'username': 'BHAVESH\\ahire', 'pid': 4940, 'vms': 8.703125}
{'name': 'svchost.exe', 'username': None, 'pid': 4952, 'vms': 2.38671875}
{'name': 'svchost.exe', 'username': None, 'pid': 5068, 'vms': 1.58203125}
{'name': 'svchost.exe', 'username': None, 'pid': 5228, 'vms': 2.421875}
{'name': 'svchost.exe', 'username': None, 'pid': 5296, 'vms': 8.79296875}
{'name': 'svchost.exe', 'username': None, 'pid': 5324, 'vms': 3.80078125}
{'name': 'spoolsv.exe', 'username': None, 'pid': 5352, 'vms': 5.7890625}
{'name': 'svchost.exe', 'username': None, 'pid': 5388, 'vms': 15.4296875}
{'name': 'svchost.exe', 'username': None, 'pid': 5452, 'vms': 1.77734375}
{'name': 'svchost.exe', 'username': None, 'pid': 5532, 'vms': 6.38671875}
{'name': 'cmd.exe', 'username': 'BHAVESH\\ahire', 'pid': 5632, 'vms': 1.89453125}
{'name': 'ipf_uf.exe', 'username': None, 'pid': 5636, 'vms': 2.140625}
{'name': 'armsvc.exe', 'username': None, 'pid': 5644, 'vms': 1.76171875}
{'name': 'svchost.exe', 'username': None, 'pid': 5652, 'vms': 2.671875}
{'name': 'svchost.exe', 'username': None, 'pid': 5660, 'vms': 30.25390625}
{'name': 'svchost.exe', 'username': None, 'pid': 5668, 'vms': 3.04296875}
{'name': 'IntelAudioService.exe', 'username': None, 'pid': 5680, 'vms': 38.65234375}
{'name': 'OneApp.IGCC.WinService.exe', 'username': None, 'pid': 5688, 'vms': 33.15234375}
{'name': 'ETDService.exe', 'username': None, 'pid': 5696, 'vms': 1.5078125}
{'name': 'HPCommRecovery.exe', 'username': None, 'pid': 5704, 'vms': 22.83203125}
{'name': 'jhi_service.exe', 'username': None, 'pid': 5712, 'vms': 1.38671875}
{'name': 'HPPrintScanDoctorService.exe', 'username': None, 'pid': 5720, 'vms': 1.93359375}
{'name': 'ipfsvc.exe', 'username': None, 'pid': 5732, 'vms': 1.578125}
{'name': 'servicehost.exe', 'username': None, 'pid': 5752, 'vms': 24.19921875}
{'name': 'svchost.exe', 'username': None, 'pid': 5764, 'vms': 33.546875}
{'name': 'OfficeClickToRun.exe', 'username': None, 'pid': 5800, 'vms': 31.5}
{'name': 'mc-fw-host.exe', 'username': None, 'pid': 5808, 'vms': 255.11328125}
{'name': 'MpDefenderCoreService.exe', 'username': None, 'pid': 5828, 'vms': 12.84375}
{'name': 'RtkAudUService64.exe', 'username': None, 'pid': 5848, 'vms': 29.6953125}
{'name': 'RtkBtManServ.exe', 'username': None, 'pid': 5856, 'vms': 2.1796875}
{'name': 'SECOMN64.exe', 'username': None, 'pid': 5924, 'vms': 7.75}
{'name': 'msedgewebview2.exe', 'username': 'BHAVESH\\ahire', 'pid': 5936, 'vms': 8.375}
{'name': 'svchost.exe', 'username': None, 'pid': 5968, 'vms': 1.34375}
{'name': 'svchost.exe', 'username': None, 'pid': 5992, 'vms': 1.6796875}
{'name': 'msedge.exe', 'username': 'BHAVESH\\ahire', 'pid': 6096, 'vms': 54.88671875}
{'name': 'mc-neo-host.exe', 'username': None, 'pid': 6108, 'vms': 19.33984375}
{'name': 'svchost.exe', 'username': None, 'pid': 6116, 'vms': 12.70703125}
{'name': 'MsMpEng.exe', 'username': None, 'pid': 6140, 'vms': 248.12109375}
{'name': 'svchost.exe', 'username': None, 'pid': 6200, 'vms': 4.76171875}
{'name': 'svchost.exe', 'username': None, 'pid': 6208, 'vms': 1.73828125}
{'name': 'WMIRegistrationService.exe', 'username': None, 'pid': 6216, 'vms': 2.95703125}
{'name': 'svchost.exe', 'username': None, 'pid': 6244, 'vms': 2.33984375}
{'name': 'XtuService.exe', 'username': None, 'pid': 6280, 'vms': 59.98828125}
{'name': 'svchost.exe', 'username': None, 'pid': 6696, 'vms': 2.3828125}
{'name': 'ApplicationFrameHost.exe', 'username': 'BHAVESH\\ahire', 'pid': 6804, 'vms': 53.9296875}
{'name': 'svchost.exe', 'username': None, 'pid': 7256, 'vms': 2.64453125}
{'name': 'ms-teams.exe', 'username': 'BHAVESH\\ahire', 'pid': 7336, 'vms': 70.75}
{'name': 'NgcIso.exe', 'username': None, 'pid': 7720, 'vms': 1.25}
{'name': 'svchost.exe', 'username': None, 'pid': 7732, 'vms': 1.4765625}
{'name': 'uihost.exe', 'username': 'BHAVESH\\ahire', 'pid': 7896, 'vms': 19.61328125}
{'name': 'RuntimeBroker.exe', 'username': 'BHAVESH\\ahire', 'pid': 7928, 'vms': 3.3046875}
{'name': 'WindowsTerminal.exe', 'username': 'BHAVESH\\ahire', 'pid': 7964, 'vms': 64.0390625}
{'name': 'unsecapp.exe', 'username': None, 'pid': 8260, 'vms': 2.1796875}
{'name': 'svchost.exe', 'username': None, 'pid': 8744, 'vms': 1.7421875}
{'name': 'Code.exe', 'username': 'BHAVESH\\ahire', 'pid': 8840, 'vms': 14.37109375}
{'name': 'SecurityHealthSystray.exe', 'username': 'BHAVESH\\ahire', 'pid': 8964, 'vms': 2.0078125}
{'name': 'sihost.exe', 'username': 'BHAVESH\\ahire', 'pid': 9012, 'vms': 7.99609375}
{'name': 'msedgewebview2.exe', 'username': 'BHAVESH\\ahire', 'pid': 9164, 'vms': 77.40625}
{'name': 'WmiPrvSE.exe', 'username': None, 'pid': 9244, 'vms': 5.359375}
{'name': 'svchost.exe', 'username': None, 'pid': 9416, 'vms': 30.37890625}
{'name': 'msedge.exe', 'username': 'BHAVESH\\ahire', 'pid': 9460, 'vms': 2.3828125}
{'name': 'svchost.exe', 'username': None, 'pid': 9472, 'vms': 13.74609375}
{'name': 'svchost.exe', 'username': 'BHAVESH\\ahire', 'pid': 9540, 'vms': 2.44921875}
{'name': 'mc-fw-host.exe', 'username': 'BHAVESH\\ahire', 'pid': 9548, 'vms': 10.38671875}
{'name': 'AggregatorHost.exe', 'username': None, 'pid': 9740, 'vms': 5.33203125}
{'name': 'chrome.exe', 'username': 'BHAVESH\\ahire', 'pid': 9756, 'vms': 11.54296875}
{'name': 'msedge.exe', 'username': 'BHAVESH\\ahire', 'pid': 9840, 'vms': 61.1484375}
{'name': 'RtkAudUService64.exe', 'username': None, 'pid': 9860, 'vms': 25.77734375}
{'name': 'chrome.exe', 'username': 'BHAVESH\\ahire', 'pid': 9920, 'vms': 237.8671875}
{'name': 'ipf_helper.exe', 'username': 'BHAVESH\\ahire', 'pid': 9972, 'vms': 2.078125}
{'name': 'ETDCtrl.exe', 'username': 'BHAVESH\\ahire', 'pid': 10140, 'vms': 7.20703125}
{'name': 'Code.exe', 'username': 'BHAVESH\\ahire', 'pid': 10184, 'vms': 144.35546875}
{'name': 'svchost.exe', 'username': 'BHAVESH\\ahire', 'pid': 10340, 'vms': 2.140625}
{'name': 'svchost.exe', 'username': 'BHAVESH\\ahire', 'pid': 10396, 'vms': 8.265625}
{'name': 'taskhostw.exe', 'username': 'BHAVESH\\ahire', 'pid': 10472, 'vms': 9.92578125}
{'name': 'OverlayHelper.exe', 'username': 'BHAVESH\\ahire', 'pid': 10484, 'vms': 32.84375}
{'name': 'TiWorker.exe', 'username': None, 'pid': 10492, 'vms': 287.125}
{'name': 'SystemOptimizer.exe', 'username': 'BHAVESH\\ahire', 'pid': 10528, 'vms': 41.6875}
{'name': 'RuntimeBroker.exe', 'username': 'BHAVESH\\ahire', 'pid': 10600, 'vms': 2.49609375}
{'name': 'svchost.exe', 'username': None, 'pid': 10604, 'vms': 4.25390625}
{'name': 'msedge.exe', 'username': 'BHAVESH\\ahire', 'pid': 10640, 'vms': 8.25390625}
{'name': 'svchost.exe', 'username': None, 'pid': 10648, 'vms': 2.33984375}
{'name': 'OmenInstallMonitor.exe', 'username': 'BHAVESH\\ahire', 'pid': 10756, 'vms': 31.109375}
{'name': 'TextInputHost.exe', 'username': 'BHAVESH\\ahire', 'pid': 11108, 'vms': 46.00390625}
{'name': 'svchost.exe', 'username': None, 'pid': 11224, 'vms': 6.109375}
{'name': 'explorer.exe', 'username': 'BHAVESH\\ahire', 'pid': 11284, 'vms': 344.40234375}
{'name': 'svchost.exe', 'username': None, 'pid': 11324, 'vms': 7.125}
{'name': 'ShellHost.exe', 'username': 'BHAVESH\\ahire', 'pid': 11432, 'vms': 33.1171875}
{'name': 'svchost.exe', 'username': 'BHAVESH\\ahire', 'pid': 11492, 'vms': 1.82421875}
{'name': 'svchost.exe', 'username': None, 'pid': 11576, 'vms': 1.06640625}
{'name': 'SECOCL64.exe', 'username': 'BHAVESH\\ahire', 'pid': 11616, 'vms': 2.890625}
{'name': 'conhost.exe', 'username': 'BHAVESH\\ahire', 'pid': 11648, 'vms': 1.23046875}
{'name': 'Code.exe', 'username': 'BHAVESH\\ahire', 'pid': 11672, 'vms': 120.91796875}
{'name': 'CrossDeviceResume.exe', 'username': 'BHAVESH\\ahire', 'pid': 11796, 'vms': 35.55078125}
{'name': 'svchost.exe', 'username': None, 'pid': 12004, 'vms': 9.03125}
{'name': 'conhost.exe', 'username': 'BHAVESH\\ahire', 'pid': 12072, 'vms': 1.48046875}
{'name': 'Code.exe', 'username': 'BHAVESH\\ahire', 'pid': 12144, 'vms': 10.78515625}
{'name': 'TrustedInstaller.exe', 'username': None, 'pid': 12328, 'vms': 2.98046875}
{'name': 'RtkAudUService64.exe', 'username': 'BHAVESH\\ahire', 'pid': 12444, 'vms': 26.18359375}
{'name': 'FileCoAuth.exe', 'username': 'BHAVESH\\ahire', 'pid': 12508, 'vms': 6.359375}
{'name': 'UserOOBEBroker.exe', 'username': 'BHAVESH\\ahire', 'pid': 12540, 'vms': 1.953125}
{'name': 'CrossDeviceService.exe', 'username': 'BHAVESH\\ahire', 'pid': 12556, 'vms': 26.6328125}
{'name': 'svchost.exe', 'username': 'BHAVESH\\ahire', 'pid': 12560, 'vms': 8.5078125}
{'name': 'MoUsoCoreWorker.exe', 'username': None, 'pid': 12700, 'vms': 33.01171875}
{'name': 'SearchIndexer.exe', 'username': None, 'pid': 12848, 'vms': 32.9453125}
{'name': 'Widgets.exe', 'username': 'BHAVESH\\ahire', 'pid': 12884, 'vms': 10.6875}
{'name': 'svchost.exe', 'username': None, 'pid': 12964, 'vms': 3.9765625}
{'name': 'msedgewebview2.exe', 'username': 'BHAVESH\\ahire', 'pid': 13032, 'vms': 78.1171875}
{'name': 'SearchHost.exe', 'username': 'BHAVESH\\ahire', 'pid': 13180, 'vms': 65.2578125}
{'name': 'StartMenuExperienceHost.exe', 'username': 'BHAVESH\\ahire', 'pid': 13204, 'vms': 84.5}
{'name': 'RuntimeBroker.exe', 'username': 'BHAVESH\\ahire', 'pid': 13356, 'vms': 15.26171875}
{'name': 'svchost.exe', 'username': 'BHAVESH\\ahire', 'pid': 13404, 'vms': 3.6640625}
{'name': 'RuntimeBroker.exe', 'username': 'BHAVESH\\ahire', 'pid': 13420, 'vms': 9.3515625}
{'name': 'ONENOTEM.EXE', 'username': 'BHAVESH\\ahire', 'pid': 13456, 'vms': 3.1640625}
{'name': 'jusched.exe', 'username': 'BHAVESH\\ahire', 'pid': 13508, 'vms': 2.3203125}
{'name': 'WidgetService.exe', 'username': 'BHAVESH\\ahire', 'pid': 13704, 'vms': 4.74609375}
{'name': 'chrome.exe', 'username': 'BHAVESH\\ahire', 'pid': 13760, 'vms': 25.9609375}
{'name': 'Code.exe', 'username': 'BHAVESH\\ahire', 'pid': 13792, 'vms': 123.01953125}
{'name': 'Code.exe', 'username': 'BHAVESH\\ahire', 'pid': 13884, 'vms': 85.4609375}
{'name': 'RuntimeBroker.exe', 'username': 'BHAVESH\\ahire', 'pid': 13924, 'vms': 2.44921875}
{'name': 'AdobeCollabSync.exe', 'username': 'BHAVESH\\ahire', 'pid': 13948, 'vms': 10.73828125}
{'name': 'backgroundTaskHost.exe', 'username': 'BHAVESH\\ahire', 'pid': 13968, 'vms': 14.29296875}
{'name': 'python.exe', 'username': 'BHAVESH\\ahire', 'pid': 14136, 'vms': 12.79296875}
{'name': 'svchost.exe', 'username': None, 'pid': 14160, 'vms': 1.66015625}
{'name': 'msedgewebview2.exe', 'username': 'BHAVESH\\ahire', 'pid': 14288, 'vms': 38.71484375}
{'name': 'msedgewebview2.exe', 'username': 'BHAVESH\\ahire', 'pid': 14676, 'vms': 2.3046875}
{'name': 'msedgewebview2.exe', 'username': 'BHAVESH\\ahire', 'pid': 14956, 'vms': 73.22265625}
{'name': 'msedgewebview2.exe', 'username': 'BHAVESH\\ahire', 'pid': 14984, 'vms': 14.12890625}
{'name': 'msedgewebview2.exe', 'username': 'BHAVESH\\ahire', 'pid': 15120, 'vms': 8.52734375}
{'name': 'ctfmon.exe', 'username': 'BHAVESH\\ahire', 'pid': 15308, 'vms': 8.28515625}
{'name': 'jucheck.exe', 'username': 'BHAVESH\\ahire', 'pid': 15448, 'vms': 3.70703125}
{'name': 'WhatsApp.exe', 'username': 'BHAVESH\\ahire', 'pid': 15528, 'vms': 132.453125}
{'name': 'LockApp.exe', 'username': 'BHAVESH\\ahire', 'pid': 15544, 'vms': 42.17578125}
{'name': 'LightStudio-background.exe', 'username': 'BHAVESH\\ahire', 'pid': 15584, 'vms': 166.03515625}
{'name': 'mc-extn-browserhost.exe', 'username': 'BHAVESH\\ahire', 'pid': 15640, 'vms': 5.19921875}
{'name': 'chrome.exe', 'username': 'BHAVESH\\ahire', 'pid': 15756, 'vms': 413.9375}
{'name': 'DesktopExtension.exe', 'username': 'BHAVESH\\ahire', 'pid': 16044, 'vms': 24.1171875}
{'name': 'svchost.exe', 'username': None, 'pid': 16208, 'vms': 6.76953125}
{'name': 'powershell.exe', 'username': 'BHAVESH\\ahire', 'pid': 16268, 'vms': 60.25390625}
{'name': 'conhost.exe', 'username': 'BHAVESH\\ahire', 'pid': 16380, 'vms': 1.47265625}
{'name': 'svchost.exe', 'username': None, 'pid': 16472, 'vms': 4.87890625}
{'name': 'PhoneExperienceHost.exe', 'username': 'BHAVESH\\ahire', 'pid': 16868, 'vms': 76.8828125}
{'name': 'chrome.exe', 'username': 'BHAVESH\\ahire', 'pid': 16964, 'vms': 24.90234375}
{'name': 'RuntimeBroker.exe', 'username': 'BHAVESH\\ahire', 'pid': 17000, 'vms': 5.99609375}
{'name': 'RuntimeBroker.exe', 'username': 'BHAVESH\\ahire', 'pid': 17076, 'vms': 2.96875}
{'name': 'WmiPrvSE.exe', 'username': None, 'pid': 17096, 'vms': 5.48828125}
{'name': 'svchost.exe', 'username': None, 'pid': 17136, 'vms': 3.8515625}
{'name': 'RuntimeBroker.exe', 'username': 'BHAVESH\\ahire', 'pid': 17176, 'vms': 12.3671875}
{'name': 'CastSrv.exe', 'username': 'BHAVESH\\ahire', 'pid': 17256, 'vms': 4.52734375}
{'name': 'svchost.exe', 'username': None, 'pid': 17340, 'vms': 2.984375}
{'name': 'backgroundTaskHost.exe', 'username': 'BHAVESH\\ahire', 'pid': 17876, 'vms': 4.90234375}
{'name': 'chrome.exe', 'username': 'BHAVESH\\ahire', 'pid': 18068, 'vms': 230.484375}
{'name': 'SystemSettings.exe', 'username': 'BHAVESH\\ahire', 'pid': 18288, 'vms': 124.12109375}
{'name': 'unsecapp.exe', 'username': 'BHAVESH\\ahire', 'pid': 18532, 'vms': 2.5234375}
{'name': 'SecurityHealthService.exe', 'username': None, 'pid': 18752, 'vms': 7.96875}
{'name': 'svchost.exe', 'username': None, 'pid': 18848, 'vms': 3.68359375}
{'name': 'FileSyncHelper.exe', 'username': None, 'pid': 18984, 'vms': 5.390625}
{'name': 'svchost.exe', 'username': None, 'pid': 19012, 'vms': 9.87890625}
{'name': 'chrome.exe', 'username': 'BHAVESH\\ahire', 'pid': 19040, 'vms': 2.3515625}
{'name': 'OneDrive.exe', 'username': 'BHAVESH\\ahire', 'pid': 19256, 'vms': 119.1953125}
{'name': 'HPSystemEventUtilityBackground.exe', 'username': 'BHAVESH\\ahire', 'pid': 19320, 'vms': 41.73828125}
{'name': 'svchost.exe', 'username': None, 'pid': 19444, 'vms': 3.4921875}
{'name': 'chrome.exe', 'username': 'BHAVESH\\ahire', 'pid': 19452, 'vms': 66.515625}
{'name': 'svchost.exe', 'username': None, 'pid': 19516, 'vms': 43.9375}
{'name': 'chrome.exe', 'username': 'BHAVESH\\ahire', 'pid': 19724, 'vms': 13.30078125}
{'name': 'HPQuickDrop.exe', 'username': 'BHAVESH\\ahire', 'pid': 19876, 'vms': 42.86328125}
{'name': 'chrome.exe', 'username': 'BHAVESH\\ahire', 'pid': 19948, 'vms': 158.53125}
{'name': 'Code.exe', 'username': 'BHAVESH\\ahire', 'pid': 19964, 'vms': 84.32421875}
{'name': 'Code.exe', 'username': 'BHAVESH\\ahire', 'pid': 20040, 'vms': 111.10546875}
{'name': 'powershell.exe', 'username': 'BHAVESH\\ahire', 'pid': 20276, 'vms': 53.88671875}
{'name': 'OpenConsole.exe', 'username': 'BHAVESH\\ahire', 'pid': 20288, 'vms': 2.5}
{'name': 'Code.exe', 'username': 'BHAVESH\\ahire', 'pid': 20452, 'vms': 394.0}
{'name': 'chrome.exe', 'username': 'BHAVESH\\ahire', 'pid': 20752, 'vms': 28.14453125}
{'name': 'chrome.exe', 'username': 'BHAVESH\\ahire', 'pid': 21536, 'vms': 18.6953125}
{'name': 'chrome.exe', 'username': 'BHAVESH\\ahire', 'pid': 21680, 'vms': 251.64453125}
{'name': 'chrome.exe', 'username': 'BHAVESH\\ahire', 'pid': 21844, 'vms': 59.546875}
{'name': 'RuntimeBroker.exe', 'username': 'BHAVESH\\ahire', 'pid': 21972, 'vms': 2.23046875}
{'name': 'svchost.exe', 'username': None, 'pid': 22104, 'vms': 1.66796875}
{'name': 'smartscreen.exe', 'username': 'BHAVESH\\ahire', 'pid': 22168, 'vms': 2.75390625}
{'name': 'chrome.exe', 'username': 'BHAVESH\\ahire', 'pid': 22216, 'vms': 7.78515625}
{'name': 'chrome.exe', 'username': 'BHAVESH\\ahire', 'pid': 22224, 'vms': 29.00390625}
{'name': 'audiodg.exe', 'username': None, 'pid': 22716, 'vms': 18.90625}
{'name': 'chrome.exe', 'username': 'BHAVESH\\ahire', 'pid': 23176, 'vms': 46.8984375}
{'name': 'svchost.exe', 'username': None, 'pid': 23872, 'vms': 1.33203125}
{'name': 'conhost.exe', 'username': 'BHAVESH\\ahire', 'pid': 24140, 'vms': 1.5234375}
{'name': 'HPSystemEventUtilityHost.exe', 'username': 'BHAVESH\\ahire', 'pid': 24428, 'vms': 35.3046875}
------------------------------------------------------------------------------------------
-----------------------------------------End of Automation script ---------------------------
-----------------------------------Thanks for using the automation script-----------------------------------------
