------------------------------------------------------------------------------------------
-----------------------------Welcome to the ProcessInfo automation script-----------------------------------
------------------------------------------------------------------------------------------

{'username': 'NT AUTHORITY\\SYSTEM', 'pid': 0, 'name': 'System Idle Process', 'vms': 0.05859375}
{'username': 'NT AUTHORITY\\SYSTEM', 'pid': 4, 'name': 'System', 'vms': 0.0390625}
{'username': None, 'pid': 188, 'name': '', 'vms': 0.171875}
{'username': None, 'pid': 232, 'name': 'Registry', 'vms': 27.5859375}
{'username': None, 'pid': 800, 'name': 'smss.exe', 'vms': 1.140625}
{'username': 'BHAVESH\\ahire', 'pid': 960, 'name': 'RuntimeBroker.exe', 'vms': 1.8828125}
{'username': None, 'pid': 964, 'name': 'svchost.exe', 'vms': 1.90234375}
{'username': 'BHAVESH\\ahire', 'pid': 968, 'name': 'cmd.exe', 'vms': 1.8828125}
{'username': 'BHAVESH\\ahire', 'pid': 1232, 'name': 'conhost.exe', 'vms': 1.703125}
{'username': None, 'pid': 1364, 'name': 'csrss.exe', 'vms': 2.43359375}
{'username': None, 'pid': 1452, 'name': 'wininit.exe', 'vms': 1.44921875}
{'username': None, 'pid': 1460, 'name': 'csrss.exe', 'vms': 2.94140625}
{'username': None, 'pid': 1520, 'name': 'winlogon.exe', 'vms': 2.7109375}
{'username': 'BHAVESH\\ahire', 'pid': 1572, 'name': 'powershell.exe', 'vms': 69.0625}
{'username': None, 'pid': 1596, 'name': 'services.exe', 'vms': 5.70703125}
{'username': None, 'pid': 1604, 'name': 'LsaIso.exe', 'vms': 1.26953125}
{'username': None, 'pid': 1624, 'name': 'lsass.exe', 'vms': 12.44921875}
{'username': None, 'pid': 1636, 'name': 'dwm.exe', 'vms': 175.8984375}
{'username': None, 'pid': 1764, 'name': 'svchost.exe', 'vms': 13.6875}
{'username': None, 'pid': 1796, 'name': 'fontdrvhost.exe', 'vms': 1.6640625}
{'username': None, 'pid': 1800, 'name': 'fontdrvhost.exe', 'vms': 2.015625}
{'username': None, 'pid': 1872, 'name': 'WUDFHost.exe', 'vms': 5.49609375}
{'username': 'BHAVESH\\ahire', 'pid': 1900, 'name': 'HP.myHP.exe', 'vms': 53.1796875}
{'username': None, 'pid': 1944, 'name': 'svchost.exe', 'vms': 10.015625}
{'username': None, 'pid': 1996, 'name': 'svchost.exe', 'vms': 3.12890625}
{'username': None, 'pid': 2076, 'name': 'WUDFHost.exe', 'vms': 8.77734375}
{'username': 'BHAVESH\\ahire', 'pid': 2148, 'name': 'ms-teams.exe', 'vms': 24.07421875}
{'username': 'BHAVESH\\ahire', 'pid': 2160, 'name': 'WindowsTerminal.exe', 'vms': 64.5}
{'username': None, 'pid': 2168, 'name': 'svchost.exe', 'vms': 1.26953125}
{'username': None, 'pid': 2176, 'name': 'svchost.exe', 'vms': 1.8828125}
{'username': None, 'pid': 2200, 'name': 'svchost.exe', 'vms': 2.41015625}
{'username': 'BHAVESH\\ahire', 'pid': 2248, 'name': 'OmenCommandCenterBackground.exe', 'vms': 237.41015625}
{'username': 'BHAVESH\\ahire', 'pid': 2280, 'name': 'SDXHelper.exe', 'vms': 14.35546875}
{'username': 'BHAVESH\\ahire', 'pid': 2324, 'name': 'svchost.exe', 'vms': 10.73828125}
{'username': None, 'pid': 2452, 'name': 'svchost.exe', 'vms': 4.1796875}
{'username': None, 'pid': 2460, 'name': 'svchost.exe', 'vms': 7.3671875}
{'username': None, 'pid': 2468, 'name': 'svchost.exe', 'vms': 3.25}
{'username': None, 'pid': 2476, 'name': 'svchost.exe', 'vms': 2.3125}
{'username': None, 'pid': 2484, 'name': 'svchost.exe', 'vms': 3.5078125}
{'username': None, 'pid': 2492, 'name': 'svchost.exe', 'vms': 2.93359375}
{'username': 'BHAVESH\\ahire', 'pid': 2500, 'name': 'chrome.exe', 'vms': 157.50390625}
{'username': 'BHAVESH\\ahire', 'pid': 2508, 'name': 'conhost.exe', 'vms': 1.70703125}
{'username': 'BHAVESH\\ahire', 'pid': 2600, 'name': 'svchost.exe', 'vms': 3.1640625}
{'username': None, 'pid': 2668, 'name': 'WUDFHost.exe', 'vms': 4.33203125}
{'username': None, 'pid': 2676, 'name': 'svchost.exe', 'vms': 3.85546875}
{'username': 'BHAVESH\\ahire', 'pid': 2688, 'name': 'AdobeCollabSync.exe', 'vms': 7.984375}
{'username': None, 'pid': 2692, 'name': 'svchost.exe', 'vms': 6.671875}
{'username': None, 'pid': 2732, 'name': 'svchost.exe', 'vms': 6.50390625}
{'username': 'BHAVESH\\ahire', 'pid': 2752, 'name': 'msedgewebview2.exe', 'vms': 46.67578125}
{'username': None, 'pid': 2776, 'name': 'IntelCpHDCPSvc.exe', 'vms': 1.484375}
{'username': None, 'pid': 2800, 'name': 'svchost.exe', 'vms': 2.8984375}
{'username': None, 'pid': 2820, 'name': 'svchost.exe', 'vms': 2.66796875}
{'username': None, 'pid': 2848, 'name': 'svchost.exe', 'vms': 1.61328125}
{'username': None, 'pid': 2864, 'name': 'svchost.exe', 'vms': 2.15234375}
{'username': None, 'pid': 2868, 'name': 'svchost.exe', 'vms': 2.609375}
{'username': None, 'pid': 2900, 'name': 'svchost.exe', 'vms': 5.734375}
{'username': 'BHAVESH\\ahire', 'pid': 2924, 'name': 'msedge.exe', 'vms': 8.578125}
{'username': None, 'pid': 2936, 'name': 'svchost.exe', 'vms': 1.671875}
{'username': 'BHAVESH\\ahire', 'pid': 3068, 'name': 'RuntimeBroker.exe', 'vms': 2.12109375}
{'username': None, 'pid': 3200, 'name': 'svchost.exe', 'vms': 3.23828125}
{'username': None, 'pid': 3288, 'name': 'svchost.exe', 'vms': 2.1171875}
{'username': 'BHAVESH\\ahire', 'pid': 3320, 'name': 'chrome.exe', 'vms': 55.2734375}
{'username': 'BHAVESH\\ahire', 'pid': 3336, 'name': 'browserhost.exe', 'vms': 6.62109375}
{'username': None, 'pid': 3364, 'name': 'svchost.exe', 'vms': 2.86328125}
{'username': 'BHAVESH\\ahire', 'pid': 3372, 'name': 'svchost.exe', 'vms': 6.82421875}
{'username': None, 'pid': 3480, 'name': 'svchost.exe', 'vms': 2.98046875}
{'username': None, 'pid': 3588, 'name': 'svchost.exe', 'vms': 2.4140625}
{'username': None, 'pid': 3680, 'name': 'svchost.exe', 'vms': 2.37890625}
{'username': None, 'pid': 3700, 'name': 'svchost.exe', 'vms': 18.890625}
{'username': 'BHAVESH\\ahire', 'pid': 3720, 'name': 'chrome.exe', 'vms': 507.1796875}
{'username': None, 'pid': 3764, 'name': 'svchost.exe', 'vms': 3.75}
{'username': None, 'pid': 3824, 'name': 'svchost.exe', 'vms': 1.46484375}
{'username': None, 'pid': 3836, 'name': 'svchost.exe', 'vms': 3.23828125}
{'username': None, 'pid': 3844, 'name': 'svchost.exe', 'vms': 2.0625}
{'username': None, 'pid': 3888, 'name': 'dasHost.exe', 'vms': 4.8359375}
{'username': None, 'pid': 3940, 'name': 'svchost.exe', 'vms': 2.30859375}
{'username': None, 'pid': 4048, 'name': 'MemCompression', 'vms': 2.12109375}
{'username': 'BHAVESH\\ahire', 'pid': 4060, 'name': 'msedgewebview2.exe', 'vms': 12.41796875}
{'username': None, 'pid': 4164, 'name': 'svchost.exe', 'vms': 3.5625}
{'username': 'BHAVESH\\ahire', 'pid': 4188, 'name': 'msedgewebview2.exe', 'vms': 2.2578125}
{'username': None, 'pid': 4196, 'name': 'svchost.exe', 'vms': 2.14453125}
{'username': None, 'pid': 4216, 'name': 'TouchpointAnalyticsClientService.exe', 'vms': 84.140625}
{'username': 'BHAVESH\\ahire', 'pid': 4260, 'name': 'ShellExperienceHost.exe', 'vms': 41.59375}
{'username': None, 'pid': 4276, 'name': 'NetworkCap.exe', 'vms': 3.703125}
{'username': None, 'pid': 4284, 'name': 'AppHelperCap.exe', 'vms': 8.8359375}
{'username': None, 'pid': 4288, 'name': 'SysInfoCap.exe', 'vms': 12.26953125}
{'username': None, 'pid': 4300, 'name': 'DiagsCap.exe', 'vms': 29.1171875}
{'username': None, 'pid': 4516, 'name': 'svchost.exe', 'vms': 32.3984375}
{'username': None, 'pid': 4628, 'name': 'svchost.exe', 'vms': 5.234375}
{'username': 'BHAVESH\\ahire', 'pid': 4676, 'name': 'msedge.exe', 'vms': 54.6328125}
{'username': 'BHAVESH\\ahire', 'pid': 4800, 'name': 'msedgewebview2.exe', 'vms': 269.19921875}
{'username': 'BHAVESH\\ahire', 'pid': 4816, 'name': 'RuntimeBroker.exe', 'vms': 2.55859375}
{'username': None, 'pid': 4824, 'name': 'svchost.exe', 'vms': 13.59375}
{'username': 'BHAVESH\\ahire', 'pid': 4940, 'name': 'msedgewebview2.exe', 'vms': 8.69140625}
{'username': None, 'pid': 4952, 'name': 'svchost.exe', 'vms': 2.44140625}
{'username': None, 'pid': 5068, 'name': 'svchost.exe', 'vms': 1.6484375}
{'username': None, 'pid': 5228, 'name': 'svchost.exe', 'vms': 2.421875}
{'username': None, 'pid': 5296, 'name': 'svchost.exe', 'vms': 8.54296875}
{'username': None, 'pid': 5324, 'name': 'svchost.exe', 'vms': 3.890625}
{'username': None, 'pid': 5352, 'name': 'spoolsv.exe', 'vms': 5.7890625}
{'username': None, 'pid': 5388, 'name': 'svchost.exe', 'vms': 15.3984375}
{'username': None, 'pid': 5452, 'name': 'svchost.exe', 'vms': 1.8828125}
{'username': None, 'pid': 5532, 'name': 'svchost.exe', 'vms': 6.23828125}
{'username': 'BHAVESH\\ahire', 'pid': 5632, 'name': 'cmd.exe', 'vms': 1.89453125}
{'username': None, 'pid': 5636, 'name': 'ipf_uf.exe', 'vms': 2.0546875}
{'username': None, 'pid': 5644, 'name': 'armsvc.exe', 'vms': 1.76171875}
{'username': None, 'pid': 5652, 'name': 'svchost.exe', 'vms': 2.5546875}
{'username': None, 'pid': 5660, 'name': 'svchost.exe', 'vms': 27.20703125}
{'username': None, 'pid': 5668, 'name': 'svchost.exe', 'vms': 2.9609375}
{'username': None, 'pid': 5680, 'name': 'IntelAudioService.exe', 'vms': 38.65234375}
{'username': None, 'pid': 5688, 'name': 'OneApp.IGCC.WinService.exe', 'vms': 33.015625}
{'username': None, 'pid': 5696, 'name': 'ETDService.exe', 'vms': 1.5078125}
{'username': None, 'pid': 5704, 'name': 'HPCommRecovery.exe', 'vms': 23.22265625}
{'username': None, 'pid': 5712, 'name': 'jhi_service.exe', 'vms': 1.38671875}
{'username': None, 'pid': 5720, 'name': 'HPPrintScanDoctorService.exe', 'vms': 1.921875}
{'username': None, 'pid': 5732, 'name': 'ipfsvc.exe', 'vms': 1.57421875}
{'username': None, 'pid': 5752, 'name': 'servicehost.exe', 'vms': 23.6875}
{'username': None, 'pid': 5764, 'name': 'svchost.exe', 'vms': 18.015625}
{'username': None, 'pid': 5800, 'name': 'OfficeClickToRun.exe', 'vms': 31.43359375}
{'username': None, 'pid': 5808, 'name': 'mc-fw-host.exe', 'vms': 254.953125}
{'username': None, 'pid': 5828, 'name': 'MpDefenderCoreService.exe', 'vms': 11.80859375}
{'username': None, 'pid': 5848, 'name': 'RtkAudUService64.exe', 'vms': 29.6953125}
{'username': None, 'pid': 5856, 'name': 'RtkBtManServ.exe', 'vms': 2.1796875}
{'username': None, 'pid': 5924, 'name': 'SECOMN64.exe', 'vms': 7.75}
{'username': 'BHAVESH\\ahire', 'pid': 5936, 'name': 'msedgewebview2.exe', 'vms': 8.35546875}
{'username': None, 'pid': 5968, 'name': 'svchost.exe', 'vms': 1.34375}
{'username': None, 'pid': 5992, 'name': 'svchost.exe', 'vms': 1.73046875}
{'username': None, 'pid': 6108, 'name': 'mc-neo-host.exe', 'vms': 19.33984375}
{'username': None, 'pid': 6116, 'name': 'svchost.exe', 'vms': 12.68359375}
{'username': None, 'pid': 6140, 'name': 'MsMpEng.exe', 'vms': 247.8828125}
{'username': None, 'pid': 6200, 'name': 'svchost.exe', 'vms': 4.78125}
{'username': None, 'pid': 6208, 'name': 'svchost.exe', 'vms': 1.80078125}
{'username': None, 'pid': 6216, 'name': 'WMIRegistrationService.exe', 'vms': 2.95703125}
{'username': None, 'pid': 6244, 'name': 'svchost.exe', 'vms': 2.3828125}
{'username': None, 'pid': 6280, 'name': 'XtuService.exe', 'vms': 59.94921875}
{'username': None, 'pid': 6336, 'name': 'WmiPrvSE.exe', 'vms': 8.52734375}
{'username': 'BHAVESH\\ahire', 'pid': 6804, 'name': 'ApplicationFrameHost.exe', 'vms': 53.9296875}
{'username': 'BHAVESH\\ahire', 'pid': 6816, 'name': 'powershell.exe', 'vms': 56.60546875}
{'username': 'BHAVESH\\ahire', 'pid': 7116, 'name': 'dllhost.exe', 'vms': 1.9453125}
{'username': None, 'pid': 7256, 'name': 'svchost.exe', 'vms': 2.58984375}
{'username': 'BHAVESH\\ahire', 'pid': 7336, 'name': 'ms-teams.exe', 'vms': 70.69921875}
{'username': None, 'pid': 7720, 'name': 'NgcIso.exe', 'vms': 1.2421875}
{'username': None, 'pid': 7732, 'name': 'svchost.exe', 'vms': 1.4765625}
{'username': 'BHAVESH\\ahire', 'pid': 7896, 'name': 'uihost.exe', 'vms': 19.44921875}
{'username': 'BHAVESH\\ahire', 'pid': 7928, 'name': 'RuntimeBroker.exe', 'vms': 3.09375}
{'username': None, 'pid': 8260, 'name': 'unsecapp.exe', 'vms': 1.765625}
{'username': None, 'pid': 8744, 'name': 'svchost.exe', 'vms': 1.7421875}
{'username': 'BHAVESH\\ahire', 'pid': 8840, 'name': 'Code.exe', 'vms': 14.16015625}
{'username': 'BHAVESH\\ahire', 'pid': 8964, 'name': 'SecurityHealthSystray.exe', 'vms': 2.0078125}
{'username': 'BHAVESH\\ahire', 'pid': 9012, 'name': 'sihost.exe', 'vms': 8.05078125}
{'username': 'BHAVESH\\ahire', 'pid': 9164, 'name': 'msedgewebview2.exe', 'vms': 77.390625}
{'username': None, 'pid': 9244, 'name': 'WmiPrvSE.exe', 'vms': 4.98046875}
{'username': None, 'pid': 9416, 'name': 'svchost.exe', 'vms': 30.2890625}
{'username': None, 'pid': 9472, 'name': 'svchost.exe', 'vms': 13.796875}
{'username': 'BHAVESH\\ahire', 'pid': 9540, 'name': 'svchost.exe', 'vms': 2.50390625}
{'username': 'BHAVESH\\ahire', 'pid': 9548, 'name': 'mc-fw-host.exe', 'vms': 10.3359375}
{'username': None, 'pid': 9740, 'name': 'AggregatorHost.exe', 'vms': 4.71875}
{'username': 'BHAVESH\\ahire', 'pid': 9756, 'name': 'chrome.exe', 'vms': 11.421875}
{'username': None, 'pid': 9860, 'name': 'RtkAudUService64.exe', 'vms': 25.77734375}
{'username': 'BHAVESH\\ahire', 'pid': 9920, 'name': 'chrome.exe', 'vms': 122.5546875}
{'username': 'BHAVESH\\ahire', 'pid': 9972, 'name': 'ipf_helper.exe', 'vms': 2.0546875}
{'username': None, 'pid': 10120, 'name': 'svchost.exe', 'vms': 1.66796875}
{'username': 'BHAVESH\\ahire', 'pid': 10140, 'name': 'ETDCtrl.exe', 'vms': 7.20703125}
{'username': 'BHAVESH\\ahire', 'pid': 10184, 'name': 'Code.exe', 'vms': 145.51953125}
{'username': 'BHAVESH\\ahire', 'pid': 10340, 'name': 'svchost.exe', 'vms': 2.1953125}
{'username': 'BHAVESH\\ahire', 'pid': 10396, 'name': 'svchost.exe', 'vms': 7.95703125}
{'username': 'BHAVESH\\ahire', 'pid': 10432, 'name': 'chrome.exe', 'vms': 52.26171875}
{'username': 'BHAVESH\\ahire', 'pid': 10472, 'name': 'taskhostw.exe', 'vms': 8.38671875}
{'username': 'BHAVESH\\ahire', 'pid': 10484, 'name': 'OverlayHelper.exe', 'vms': 33.05859375}
{'username': 'BHAVESH\\ahire', 'pid': 10528, 'name': 'SystemOptimizer.exe', 'vms': 41.56640625}
{'username': None, 'pid': 10604, 'name': 'svchost.exe', 'vms': 4.015625}
{'username': 'BHAVESH\\ahire', 'pid': 10640, 'name': 'chrome.exe', 'vms': 18.76171875}
{'username': None, 'pid': 10648, 'name': 'svchost.exe', 'vms': 2.41015625}
{'username': 'BHAVESH\\ahire', 'pid': 10756, 'name': 'OmenInstallMonitor.exe', 'vms': 31.12890625}
{'username': 'BHAVESH\\ahire', 'pid': 11108, 'name': 'TextInputHost.exe', 'vms': 45.94140625}
{'username': None, 'pid': 11224, 'name': 'svchost.exe', 'vms': 6.10546875}
{'username': 'BHAVESH\\ahire', 'pid': 11284, 'name': 'explorer.exe', 'vms': 327.02734375}
{'username': None, 'pid': 11324, 'name': 'svchost.exe', 'vms': 7.0546875}
{'username': 'BHAVESH\\ahire', 'pid': 11428, 'name': 'chrome.exe', 'vms': 12.94921875}
{'username': 'BHAVESH\\ahire', 'pid': 11432, 'name': 'ShellHost.exe', 'vms': 33.0625}
{'username': 'BHAVESH\\ahire', 'pid': 11492, 'name': 'svchost.exe', 'vms': 1.82421875}
{'username': None, 'pid': 11576, 'name': 'svchost.exe', 'vms': 1.06640625}
{'username': 'BHAVESH\\ahire', 'pid': 11616, 'name': 'SECOCL64.exe', 'vms': 2.890625}
{'username': 'BHAVESH\\ahire', 'pid': 11648, 'name': 'conhost.exe', 'vms': 1.23046875}
{'username': 'BHAVESH\\ahire', 'pid': 11672, 'name': 'Code.exe', 'vms': 115.9609375}
{'username': 'BHAVESH\\ahire', 'pid': 11796, 'name': 'CrossDeviceResume.exe', 'vms': 35.59765625}
{'username': None, 'pid': 12004, 'name': 'svchost.exe', 'vms': 8.78125}
{'username': 'BHAVESH\\ahire', 'pid': 12072, 'name': 'conhost.exe', 'vms': 1.44921875}
{'username': 'BHAVESH\\ahire', 'pid': 12144, 'name': 'Code.exe', 'vms': 10.76171875}
{'username': 'BHAVESH\\ahire', 'pid': 12444, 'name': 'RtkAudUService64.exe', 'vms': 26.18359375}
{'username': 'BHAVESH\\ahire', 'pid': 12508, 'name': 'FileCoAuth.exe', 'vms': 6.07421875}
{'username': 'BHAVESH\\ahire', 'pid': 12540, 'name': 'UserOOBEBroker.exe', 'vms': 1.953125}
{'username': 'BHAVESH\\ahire', 'pid': 12556, 'name': 'CrossDeviceService.exe', 'vms': 28.14453125}
{'username': 'BHAVESH\\ahire', 'pid': 12560, 'name': 'svchost.exe', 'vms': 8.4375}
{'username': None, 'pid': 12848, 'name': 'SearchIndexer.exe', 'vms': 32.84765625}
{'username': 'BHAVESH\\ahire', 'pid': 12884, 'name': 'Widgets.exe', 'vms': 10.3046875}
{'username': None, 'pid': 12964, 'name': 'svchost.exe', 'vms': 3.875}
{'username': 'BHAVESH\\ahire', 'pid': 13032, 'name': 'msedgewebview2.exe', 'vms': 77.86328125}
{'username': 'BHAVESH\\ahire', 'pid': 13056, 'name': 'msedge.exe', 'vms': 2.27734375}
{'username': 'BHAVESH\\ahire', 'pid': 13180, 'name': 'SearchHost.exe', 'vms': 65.1875}
{'username': 'BHAVESH\\ahire', 'pid': 13204, 'name': 'StartMenuExperienceHost.exe', 'vms': 84.4765625}
{'username': 'BHAVESH\\ahire', 'pid': 13356, 'name': 'RuntimeBroker.exe', 'vms': 14.8046875}
{'username': 'BHAVESH\\ahire', 'pid': 13404, 'name': 'svchost.exe', 'vms': 3.703125}
{'username': 'BHAVESH\\ahire', 'pid': 13420, 'name': 'RuntimeBroker.exe', 'vms': 9.29296875}
{'username': 'BHAVESH\\ahire', 'pid': 13456, 'name': 'ONENOTEM.EXE', 'vms': 3.1640625}
{'username': 'BHAVESH\\ahire', 'pid': 13508, 'name': 'jusched.exe', 'vms': 2.3203125}
{'username': 'BHAVESH\\ahire', 'pid': 13704, 'name': 'WidgetService.exe', 'vms': 4.69921875}
{'username': 'BHAVESH\\ahire', 'pid': 13792, 'name': 'Code.exe', 'vms': 110.42578125}
{'username': 'BHAVESH\\ahire', 'pid': 13816, 'name': 'msedge.exe', 'vms': 61.0859375}
{'username': 'BHAVESH\\ahire', 'pid': 13824, 'name': 'python.exe', 'vms': 9.96484375}
{'username': 'BHAVESH\\ahire', 'pid': 13884, 'name': 'Code.exe', 'vms': 85.43359375}
{'username': 'BHAVESH\\ahire', 'pid': 13924, 'name': 'RuntimeBroker.exe', 'vms': 2.44921875}
{'username': 'BHAVESH\\ahire', 'pid': 13948, 'name': 'AdobeCollabSync.exe', 'vms': 10.73828125}
{'username': 'BHAVESH\\ahire', 'pid': 14288, 'name': 'msedgewebview2.exe', 'vms': 38.625}
{'username': 'BHAVESH\\ahire', 'pid': 14676, 'name': 'msedgewebview2.exe', 'vms': 2.29296875}
{'username': 'BHAVESH\\ahire', 'pid': 14956, 'name': 'msedgewebview2.exe', 'vms': 72.140625}
{'username': 'BHAVESH\\ahire', 'pid': 14984, 'name': 'msedgewebview2.exe', 'vms': 13.74609375}
{'username': 'BHAVESH\\ahire', 'pid': 15120, 'name': 'msedgewebview2.exe', 'vms': 8.64453125}
{'username': 'BHAVESH\\ahire', 'pid': 15308, 'name': 'ctfmon.exe', 'vms': 8.2109375}
{'username': 'BHAVESH\\ahire', 'pid': 15448, 'name': 'jucheck.exe', 'vms': 3.67578125}
{'username': 'BHAVESH\\ahire', 'pid': 15528, 'name': 'WhatsApp.exe', 'vms': 129.57421875}
{'username': 'BHAVESH\\ahire', 'pid': 15544, 'name': 'LockApp.exe', 'vms': 42.17578125}
{'username': 'BHAVESH\\ahire', 'pid': 15584, 'name': 'LightStudio-background.exe', 'vms': 165.5078125}
{'username': 'BHAVESH\\ahire', 'pid': 15640, 'name': 'mc-extn-browserhost.exe', 'vms': 5.19921875}
{'username': 'BHAVESH\\ahire', 'pid': 15756, 'name': 'chrome.exe', 'vms': 409.79296875}
{'username': 'BHAVESH\\ahire', 'pid': 16044, 'name': 'DesktopExtension.exe', 'vms': 24.1171875}
{'username': None, 'pid': 16208, 'name': 'svchost.exe', 'vms': 6.8046875}
{'username': 'BHAVESH\\ahire', 'pid': 16268, 'name': 'powershell.exe', 'vms': 60.0546875}
{'username': 'BHAVESH\\ahire', 'pid': 16380, 'name': 'conhost.exe', 'vms': 1.44140625}
{'username': None, 'pid': 16472, 'name': 'svchost.exe', 'vms': 4.875}
{'username': 'BHAVESH\\ahire', 'pid': 16868, 'name': 'PhoneExperienceHost.exe', 'vms': 78.9921875}
{'username': 'BHAVESH\\ahire', 'pid': 17000, 'name': 'RuntimeBroker.exe', 'vms': 5.83203125}
{'username': None, 'pid': 17040, 'name': 'SearchProtocolHost.exe', 'vms': 2.4453125}
{'username': 'BHAVESH\\ahire', 'pid': 17056, 'name': 'msedge.exe', 'vms': 17.6015625}
{'username': 'BHAVESH\\ahire', 'pid': 17076, 'name': 'RuntimeBroker.exe', 'vms': 3.07421875}
{'username': None, 'pid': 17136, 'name': 'svchost.exe', 'vms': 3.77734375}
{'username': 'BHAVESH\\ahire', 'pid': 17176, 'name': 'RuntimeBroker.exe', 'vms': 12.31640625}
{'username': 'BHAVESH\\ahire', 'pid': 17256, 'name': 'CastSrv.exe', 'vms': 4.4453125}
{'username': None, 'pid': 17340, 'name': 'svchost.exe', 'vms': 2.984375}
{'username': 'BHAVESH\\ahire', 'pid': 17500, 'name': 'chrome.exe', 'vms': 28.47265625}
{'username': 'BHAVESH\\ahire', 'pid': 17876, 'name': 'backgroundTaskHost.exe', 'vms': 4.90234375}
{'username': 'BHAVESH\\ahire', 'pid': 18068, 'name': 'chrome.exe', 'vms': 234.69140625}
{'username': 'BHAVESH\\ahire', 'pid': 18288, 'name': 'SystemSettings.exe', 'vms': 124.12109375}
{'username': 'BHAVESH\\ahire', 'pid': 18532, 'name': 'unsecapp.exe', 'vms': 1.83203125}
{'username': None, 'pid': 18752, 'name': 'SecurityHealthService.exe', 'vms': 8.04296875}
{'username': None, 'pid': 18848, 'name': 'svchost.exe', 'vms': 3.60546875}
{'username': None, 'pid': 18984, 'name': 'FileSyncHelper.exe', 'vms': 5.3125}
{'username': None, 'pid': 19012, 'name': 'svchost.exe', 'vms': 9.4140625}
{'username': 'BHAVESH\\ahire', 'pid': 19040, 'name': 'chrome.exe', 'vms': 2.28515625}
{'username': 'BHAVESH\\ahire', 'pid': 19256, 'name': 'OneDrive.exe', 'vms': 125.30859375}
{'username': 'BHAVESH\\ahire', 'pid': 19320, 'name': 'HPSystemEventUtilityBackground.exe', 'vms': 39.96484375}
{'username': None, 'pid': 19444, 'name': 'svchost.exe', 'vms': 3.33203125}
{'username': 'BHAVESH\\ahire', 'pid': 19452, 'name': 'chrome.exe', 'vms': 71.234375}
{'username': 'BHAVESH\\ahire', 'pid': 19876, 'name': 'HPQuickDrop.exe', 'vms': 42.86328125}
{'username': 'BHAVESH\\ahire', 'pid': 19948, 'name': 'chrome.exe', 'vms': 135.9453125}
{'username': 'BHAVESH\\ahire', 'pid': 19964, 'name': 'Code.exe', 'vms': 83.71484375}
{'username': 'BHAVESH\\ahire', 'pid': 20040, 'name': 'Code.exe', 'vms': 109.91015625}
{'username': 'BHAVESH\\ahire', 'pid': 20452, 'name': 'Code.exe', 'vms': 324.41796875}
{'username': 'BHAVESH\\ahire', 'pid': 20752, 'name': 'chrome.exe', 'vms': 25.63671875}
{'username': 'BHAVESH\\ahire', 'pid': 20964, 'name': 'OpenConsole.exe', 'vms': 2.484375}
{'username': 'BHAVESH\\ahire', 'pid': 21236, 'name': 'RuntimeBroker.exe', 'vms': 2.24609375}
{'username': 'BHAVESH\\ahire', 'pid': 21680, 'name': 'chrome.exe', 'vms': 238.1328125}
{'username': 'BHAVESH\\ahire', 'pid': 21844, 'name': 'chrome.exe', 'vms': 54.8984375}
{'username': 'BHAVESH\\ahire', 'pid': 22216, 'name': 'chrome.exe', 'vms': 7.78125}
{'username': 'BHAVESH\\ahire', 'pid': 22224, 'name': 'chrome.exe', 'vms': 29.00390625}
{'username': None, 'pid': 23872, 'name': 'svchost.exe', 'vms': 1.33203125}
{'username': 'BHAVESH\\ahire', 'pid': 24428, 'name': 'HPSystemEventUtilityHost.exe', 'vms': 34.390625}
------------------------------------------------------------------------------------------
-----------------------------------------End of Automation script ---------------------------
-----------------------------------Thanks for using the automation script-----------------------------------------
