------------------------------------------------------------------------------------------
-----------------------------Welcome to the ProcessInfo automation script-----------------------------------
------------------------------------------------------------------------------------------

{'pid': 0, 'name': 'System Idle Process', 'username': 'NT AUTHORITY\\SYSTEM', 'vms': 0.05859375}
{'pid': 4, 'name': 'System', 'username': 'NT AUTHORITY\\SYSTEM', 'vms': 0.0390625}
{'pid': 188, 'name': '', 'username': None, 'vms': 0.171875}
{'pid': 232, 'name': 'Registry', 'username': None, 'vms': 27.9140625}
{'pid': 800, 'name': 'smss.exe', 'username': None, 'vms': 1.140625}
{'pid': 960, 'name': 'RuntimeBroker.exe', 'username': 'BHAVESH\\ahire', 'vms': 1.8828125}
{'pid': 964, 'name': 'svchost.exe', 'username': None, 'vms': 1.90234375}
{'pid': 968, 'name': 'cmd.exe', 'username': 'BHAVESH\\ahire', 'vms': 1.8828125}
{'pid': 1232, 'name': 'conhost.exe', 'username': 'BHAVESH\\ahire', 'vms': 1.703125}
{'pid': 1364, 'name': 'csrss.exe', 'username': None, 'vms': 2.43359375}
{'pid': 1452, 'name': 'wininit.exe', 'username': None, 'vms': 1.44921875}
{'pid': 1460, 'name': 'csrss.exe', 'username': None, 'vms': 2.94140625}
{'pid': 1520, 'name': 'winlogon.exe', 'username': None, 'vms': 2.7109375}
{'pid': 1572, 'name': 'powershell.exe', 'username': 'BHAVESH\\ahire', 'vms': 69.0625}
{'pid': 1596, 'name': 'services.exe', 'username': None, 'vms': 5.9296875}
{'pid': 1604, 'name': 'LsaIso.exe', 'username': None, 'vms': 1.26953125}
{'pid': 1624, 'name': 'lsass.exe', 'username': None, 'vms': 12.734375}
{'pid': 1636, 'name': 'dwm.exe', 'username': None, 'vms': 179.96484375}
{'pid': 1764, 'name': 'svchost.exe', 'username': None, 'vms': 14.3515625}
{'pid': 1796, 'name': 'fontdrvhost.exe', 'username': None, 'vms': 1.6640625}
{'pid': 1800, 'name': 'fontdrvhost.exe', 'username': None, 'vms': 2.015625}
{'pid': 1872, 'name': 'WUDFHost.exe', 'username': None, 'vms': 5.49609375}
{'pid': 1900, 'name': 'HP.myHP.exe', 'username': 'BHAVESH\\ahire', 'vms': 53.203125}
{'pid': 1944, 'name': 'svchost.exe', 'username': None, 'vms': 10.38671875}
{'pid': 1960, 'name': 'powershell.exe', 'username': 'BHAVESH\\ahire', 'vms': 70.859375}
{'pid': 1996, 'name': 'svchost.exe', 'username': None, 'vms': 3.453125}
{'pid': 2076, 'name': 'WUDFHost.exe', 'username': None, 'vms': 8.77734375}
{'pid': 2148, 'name': 'ms-teams.exe', 'username': 'BHAVESH\\ahire', 'vms': 24.0625}
{'pid': 2168, 'name': 'svchost.exe', 'username': None, 'vms': 1.26953125}
{'pid': 2176, 'name': 'svchost.exe', 'username': None, 'vms': 1.828125}
{'pid': 2200, 'name': 'svchost.exe', 'username': None, 'vms': 2.34765625}
{'pid': 2248, 'name': 'OmenCommandCenterBackground.exe', 'username': 'BHAVESH\\ahire', 'vms': 236.23828125}
{'pid': 2280, 'name': 'SDXHelper.exe', 'username': 'BHAVESH\\ahire', 'vms': 14.3828125}
{'pid': 2324, 'name': 'svchost.exe', 'username': 'BHAVESH\\ahire', 'vms': 10.6953125}
{'pid': 2452, 'name': 'svchost.exe', 'username': None, 'vms': 4.09765625}
{'pid': 2460, 'name': 'svchost.exe', 'username': None, 'vms': 7.5859375}
{'pid': 2468, 'name': 'svchost.exe', 'username': None, 'vms': 3.25}
{'pid': 2476, 'name': 'svchost.exe', 'username': None, 'vms': 2.4453125}
{'pid': 2484, 'name': 'svchost.exe', 'username': None, 'vms': 3.5859375}
{'pid': 2492, 'name': 'svchost.exe', 'username': None, 'vms': 3.0234375}
{'pid': 2500, 'name': 'chrome.exe', 'username': 'BHAVESH\\ahire', 'vms': 158.35546875}
{'pid': 2508, 'name': 'conhost.exe', 'username': 'BHAVESH\\ahire', 'vms': 1.70703125}
{'pid': 2600, 'name': 'svchost.exe', 'username': 'BHAVESH\\ahire', 'vms': 3.16015625}
{'pid': 2668, 'name': 'WUDFHost.exe', 'username': None, 'vms': 4.33203125}
{'pid': 2676, 'name': 'svchost.exe', 'username': None, 'vms': 3.87890625}
{'pid': 2688, 'name': 'AdobeCollabSync.exe', 'username': 'BHAVESH\\ahire', 'vms': 8.0078125}
{'pid': 2692, 'name': 'svchost.exe', 'username': None, 'vms': 6.8671875}
{'pid': 2732, 'name': 'svchost.exe', 'username': None, 'vms': 6.640625}
{'pid': 2752, 'name': 'msedgewebview2.exe', 'username': 'BHAVESH\\ahire', 'vms': 46.68359375}
{'pid': 2776, 'name': 'IntelCpHDCPSvc.exe', 'username': None, 'vms': 1.484375}
{'pid': 2800, 'name': 'svchost.exe', 'username': None, 'vms': 2.83203125}
{'pid': 2820, 'name': 'svchost.exe', 'username': None, 'vms': 2.65234375}
{'pid': 2848, 'name': 'svchost.exe', 'username': None, 'vms': 1.546875}
{'pid': 2864, 'name': 'svchost.exe', 'username': None, 'vms': 2.328125}
{'pid': 2868, 'name': 'svchost.exe', 'username': None, 'vms': 2.546875}
{'pid': 2900, 'name': 'svchost.exe', 'username': None, 'vms': 5.73828125}
{'pid': 2924, 'name': 'msedge.exe', 'username': 'BHAVESH\\ahire', 'vms': 8.58203125}
{'pid': 2936, 'name': 'svchost.exe', 'username': None, 'vms': 1.734375}
{'pid': 3068, 'name': 'RuntimeBroker.exe', 'username': 'BHAVESH\\ahire', 'vms': 2.19140625}
{'pid': 3200, 'name': 'svchost.exe', 'username': None, 'vms': 3.61328125}
{'pid': 3288, 'name': 'svchost.exe', 'username': None, 'vms': 2.44921875}
{'pid': 3320, 'name': 'chrome.exe', 'username': 'BHAVESH\\ahire', 'vms': 50.9765625}
{'pid': 3336, 'name': 'browserhost.exe', 'username': 'BHAVESH\\ahire', 'vms': 6.66796875}
{'pid': 3364, 'name': 'svchost.exe', 'username': None, 'vms': 2.8671875}
{'pid': 3372, 'name': 'svchost.exe', 'username': 'BHAVESH\\ahire', 'vms': 6.28125}
{'pid': 3480, 'name': 'svchost.exe', 'username': None, 'vms': 3.0}
{'pid': 3588, 'name': 'svchost.exe', 'username': None, 'vms': 2.3515625}
{'pid': 3680, 'name': 'svchost.exe', 'username': None, 'vms': 2.37890625}
{'pid': 3700, 'name': 'svchost.exe', 'username': None, 'vms': 17.6953125}
{'pid': 3720, 'name': 'chrome.exe', 'username': 'BHAVESH\\ahire', 'vms': 507.1875}
{'pid': 3764, 'name': 'svchost.exe', 'username': None, 'vms': 3.80859375}
{'pid': 3824, 'name': 'svchost.exe', 'username': None, 'vms': 1.46484375}
{'pid': 3836, 'name': 'svchost.exe', 'username': None, 'vms': 3.328125}
{'pid': 3844, 'name': 'svchost.exe', 'username': None, 'vms': 2.0625}
{'pid': 3888, 'name': 'dasHost.exe', 'username': None, 'vms': 4.8359375}
{'pid': 3940, 'name': 'svchost.exe', 'username': None, 'vms': 2.24609375}
{'pid': 4048, 'name': 'MemCompression', 'username': None, 'vms': 2.2265625}
{'pid': 4060, 'name': 'msedgewebview2.exe', 'username': 'BHAVESH\\ahire', 'vms': 12.421875}
{'pid': 4164, 'name': 'svchost.exe', 'username': None, 'vms': 3.5}
{'pid': 4188, 'name': 'msedgewebview2.exe', 'username': 'BHAVESH\\ahire', 'vms': 2.2734375}
{'pid': 4196, 'name': 'svchost.exe', 'username': None, 'vms': 2.29296875}
{'pid': 4216, 'name': 'TouchpointAnalyticsClientService.exe', 'username': None, 'vms': 86.48046875}
{'pid': 4260, 'name': 'ShellExperienceHost.exe', 'username': 'BHAVESH\\ahire', 'vms': 41.88671875}
{'pid': 4264, 'name': 'chrome.exe', 'username': 'BHAVESH\\ahire', 'vms': 114.9453125}
{'pid': 4276, 'name': 'NetworkCap.exe', 'username': None, 'vms': 3.703125}
{'pid': 4284, 'name': 'AppHelperCap.exe', 'username': None, 'vms': 8.16015625}
{'pid': 4288, 'name': 'SysInfoCap.exe', 'username': None, 'vms': 13.046875}
{'pid': 4300, 'name': 'DiagsCap.exe', 'username': None, 'vms': 29.1171875}
{'pid': 4516, 'name': 'svchost.exe', 'username': None, 'vms': 32.8671875}
{'pid': 4628, 'name': 'svchost.exe', 'username': None, 'vms': 5.3515625}
{'pid': 4676, 'name': 'msedge.exe', 'username': 'BHAVESH\\ahire', 'vms': 54.265625}
{'pid': 4800, 'name': 'msedgewebview2.exe', 'username': 'BHAVESH\\ahire', 'vms': 270.91015625}
{'pid': 4816, 'name': 'RuntimeBroker.exe', 'username': 'BHAVESH\\ahire', 'vms': 2.625}
{'pid': 4824, 'name': 'svchost.exe', 'username': None, 'vms': 17.171875}
{'pid': 4940, 'name': 'msedgewebview2.exe', 'username': 'BHAVESH\\ahire', 'vms': 8.703125}
{'pid': 4952, 'name': 'svchost.exe', 'username': None, 'vms': 2.37109375}
{'pid': 5068, 'name': 'svchost.exe', 'username': None, 'vms': 1.58203125}
{'pid': 5228, 'name': 'svchost.exe', 'username': None, 'vms': 2.5234375}
{'pid': 5296, 'name': 'svchost.exe', 'username': None, 'vms': 8.50390625}
{'pid': 5324, 'name': 'svchost.exe', 'username': None, 'vms': 3.828125}
{'pid': 5352, 'name': 'spoolsv.exe', 'username': None, 'vms': 5.7890625}
{'pid': 5388, 'name': 'svchost.exe', 'username': None, 'vms': 15.40234375}
{'pid': 5452, 'name': 'svchost.exe', 'username': None, 'vms': 1.85546875}
{'pid': 5532, 'name': 'svchost.exe', 'username': None, 'vms': 6.68359375}
{'pid': 5632, 'name': 'cmd.exe', 'username': 'BHAVESH\\ahire', 'vms': 1.89453125}
{'pid': 5636, 'name': 'ipf_uf.exe', 'username': None, 'vms': 2.13671875}
{'pid': 5644, 'name': 'armsvc.exe', 'username': None, 'vms': 1.76171875}
{'pid': 5652, 'name': 'svchost.exe', 'username': None, 'vms': 2.55078125}
{'pid': 5660, 'name': 'svchost.exe', 'username': None, 'vms': 27.82421875}
{'pid': 5668, 'name': 'svchost.exe', 'username': None, 'vms': 3.0234375}
{'pid': 5680, 'name': 'IntelAudioService.exe', 'username': None, 'vms': 38.65234375}
{'pid': 5688, 'name': 'OneApp.IGCC.WinService.exe', 'username': None, 'vms': 33.125}
{'pid': 5696, 'name': 'ETDService.exe', 'username': None, 'vms': 1.5078125}
{'pid': 5704, 'name': 'HPCommRecovery.exe', 'username': None, 'vms': 23.22265625}
{'pid': 5712, 'name': 'jhi_service.exe', 'username': None, 'vms': 1.38671875}
{'pid': 5720, 'name': 'HPPrintScanDoctorService.exe', 'username': None, 'vms': 1.921875}
{'pid': 5732, 'name': 'ipfsvc.exe', 'username': None, 'vms': 1.57421875}
{'pid': 5752, 'name': 'servicehost.exe', 'username': None, 'vms': 23.734375}
{'pid': 5764, 'name': 'svchost.exe', 'username': None, 'vms': 28.64453125}
{'pid': 5800, 'name': 'OfficeClickToRun.exe', 'username': None, 'vms': 31.453125}
{'pid': 5808, 'name': 'mc-fw-host.exe', 'username': None, 'vms': 254.76171875}
{'pid': 5828, 'name': 'MpDefenderCoreService.exe', 'username': None, 'vms': 11.73828125}
{'pid': 5848, 'name': 'RtkAudUService64.exe', 'username': None, 'vms': 29.6953125}
{'pid': 5856, 'name': 'RtkBtManServ.exe', 'username': None, 'vms': 2.1796875}
{'pid': 5924, 'name': 'SECOMN64.exe', 'username': None, 'vms': 7.75}
{'pid': 5936, 'name': 'msedgewebview2.exe', 'username': 'BHAVESH\\ahire', 'vms': 8.37890625}
{'pid': 5968, 'name': 'svchost.exe', 'username': None, 'vms': 1.34375}
{'pid': 5992, 'name': 'svchost.exe', 'username': None, 'vms': 1.6796875}
{'pid': 6108, 'name': 'mc-neo-host.exe', 'username': None, 'vms': 19.33984375}
{'pid': 6116, 'name': 'svchost.exe', 'username': None, 'vms': 12.64453125}
{'pid': 6140, 'name': 'MsMpEng.exe', 'username': None, 'vms': 247.875}
{'pid': 6200, 'name': 'svchost.exe', 'username': None, 'vms': 4.71484375}
{'pid': 6208, 'name': 'svchost.exe', 'username': None, 'vms': 1.73828125}
{'pid': 6216, 'name': 'WMIRegistrationService.exe', 'username': None, 'vms': 2.95703125}
{'pid': 6244, 'name': 'svchost.exe', 'username': None, 'vms': 2.40625}
{'pid': 6280, 'name': 'XtuService.exe', 'username': None, 'vms': 59.98828125}
{'pid': 6804, 'name': 'ApplicationFrameHost.exe', 'username': 'BHAVESH\\ahire', 'vms': 53.9296875}
{'pid': 7256, 'name': 'svchost.exe', 'username': None, 'vms': 2.66015625}
{'pid': 7336, 'name': 'ms-teams.exe', 'username': 'BHAVESH\\ahire', 'vms': 70.734375}
{'pid': 7720, 'name': 'NgcIso.exe', 'username': None, 'vms': 1.2421875}
{'pid': 7732, 'name': 'svchost.exe', 'username': None, 'vms': 1.4765625}
{'pid': 7896, 'name': 'uihost.exe', 'username': 'BHAVESH\\ahire', 'vms': 18.09765625}
{'pid': 7928, 'name': 'RuntimeBroker.exe', 'username': 'BHAVESH\\ahire', 'vms': 2.984375}
{'pid': 7964, 'name': 'WindowsTerminal.exe', 'username': 'BHAVESH\\ahire', 'vms': 64.08203125}
{'pid': 8260, 'name': 'unsecapp.exe', 'username': None, 'vms': 1.796875}
{'pid': 8744, 'name': 'svchost.exe', 'username': None, 'vms': 1.7421875}
{'pid': 8840, 'name': 'Code.exe', 'username': 'BHAVESH\\ahire', 'vms': 14.25390625}
{'pid': 8964, 'name': 'SecurityHealthSystray.exe', 'username': 'BHAVESH\\ahire', 'vms': 2.0078125}
{'pid': 9012, 'name': 'sihost.exe', 'username': 'BHAVESH\\ahire', 'vms': 8.6015625}
{'pid': 9048, 'name': 'chrome.exe', 'username': 'BHAVESH\\ahire', 'vms': 15.5546875}
{'pid': 9164, 'name': 'msedgewebview2.exe', 'username': 'BHAVESH\\ahire', 'vms': 77.40625}
{'pid': 9244, 'name': 'WmiPrvSE.exe', 'username': None, 'vms': 5.546875}
{'pid': 9416, 'name': 'svchost.exe', 'username': None, 'vms': 30.453125}
{'pid': 9472, 'name': 'svchost.exe', 'username': None, 'vms': 13.796875}
{'pid': 9540, 'name': 'svchost.exe', 'username': 'BHAVESH\\ahire', 'vms': 2.44921875}
{'pid': 9548, 'name': 'mc-fw-host.exe', 'username': 'BHAVESH\\ahire', 'vms': 10.30078125}
{'pid': 9740, 'name': 'AggregatorHost.exe', 'username': None, 'vms': 5.13671875}
{'pid': 9756, 'name': 'chrome.exe', 'username': 'BHAVESH\\ahire', 'vms': 11.51953125}
{'pid': 9860, 'name': 'RtkAudUService64.exe', 'username': None, 'vms': 25.77734375}
{'pid': 9920, 'name': 'chrome.exe', 'username': 'BHAVESH\\ahire', 'vms': 160.7734375}
{'pid': 9972, 'name': 'ipf_helper.exe', 'username': 'BHAVESH\\ahire', 'vms': 2.078125}
{'pid': 10140, 'name': 'ETDCtrl.exe', 'username': 'BHAVESH\\ahire', 'vms': 7.20703125}
{'pid': 10184, 'name': 'Code.exe', 'username': 'BHAVESH\\ahire', 'vms': 136.5234375}
{'pid': 10340, 'name': 'svchost.exe', 'username': 'BHAVESH\\ahire', 'vms': 2.140625}
{'pid': 10396, 'name': 'svchost.exe', 'username': 'BHAVESH\\ahire', 'vms': 7.984375}
{'pid': 10472, 'name': 'taskhostw.exe', 'username': 'BHAVESH\\ahire', 'vms': 10.01171875}
{'pid': 10484, 'name': 'OverlayHelper.exe', 'username': 'BHAVESH\\ahire', 'vms': 32.84375}
{'pid': 10528, 'name': 'SystemOptimizer.exe', 'username': 'BHAVESH\\ahire', 'vms': 41.59375}
{'pid': 10600, 'name': 'RuntimeBroker.exe', 'username': 'BHAVESH\\ahire', 'vms': 2.8125}
{'pid': 10604, 'name': 'svchost.exe', 'username': None, 'vms': 5.15234375}
{'pid': 10648, 'name': 'svchost.exe', 'username': None, 'vms': 2.55078125}
{'pid': 10756, 'name': 'OmenInstallMonitor.exe', 'username': 'BHAVESH\\ahire', 'vms': 31.140625}
{'pid': 11108, 'name': 'TextInputHost.exe', 'username': 'BHAVESH\\ahire', 'vms': 46.03515625}
{'pid': 11224, 'name': 'svchost.exe', 'username': None, 'vms': 6.046875}
{'pid': 11284, 'name': 'explorer.exe', 'username': 'BHAVESH\\ahire', 'vms': 344.234375}
{'pid': 11324, 'name': 'svchost.exe', 'username': None, 'vms': 7.05078125}
{'pid': 11432, 'name': 'ShellHost.exe', 'username': 'BHAVESH\\ahire', 'vms': 33.1171875}
{'pid': 11492, 'name': 'svchost.exe', 'username': 'BHAVESH\\ahire', 'vms': 1.82421875}
{'pid': 11576, 'name': 'svchost.exe', 'username': None, 'vms': 1.06640625}
{'pid': 11616, 'name': 'SECOCL64.exe', 'username': 'BHAVESH\\ahire', 'vms': 2.890625}
{'pid': 11648, 'name': 'conhost.exe', 'username': 'BHAVESH\\ahire', 'vms': 1.23046875}
{'pid': 11672, 'name': 'Code.exe', 'username': 'BHAVESH\\ahire', 'vms': 119.05078125}
{'pid': 11796, 'name': 'CrossDeviceResume.exe', 'username': 'BHAVESH\\ahire', 'vms': 35.56640625}
{'pid': 12004, 'name': 'svchost.exe', 'username': None, 'vms': 9.30078125}
{'pid': 12072, 'name': 'conhost.exe', 'username': 'BHAVESH\\ahire', 'vms': 1.4765625}
{'pid': 12144, 'name': 'Code.exe', 'username': 'BHAVESH\\ahire', 'vms': 10.78515625}
{'pid': 12444, 'name': 'RtkAudUService64.exe', 'username': 'BHAVESH\\ahire', 'vms': 26.18359375}
{'pid': 12472, 'name': 'svchost.exe', 'username': None, 'vms': 3.67578125}
{'pid': 12508, 'name': 'FileCoAuth.exe', 'username': 'BHAVESH\\ahire', 'vms': 6.2578125}
{'pid': 12540, 'name': 'UserOOBEBroker.exe', 'username': 'BHAVESH\\ahire', 'vms': 1.953125}
{'pid': 12556, 'name': 'CrossDeviceService.exe', 'username': 'BHAVESH\\ahire', 'vms': 27.04296875}
{'pid': 12560, 'name': 'svchost.exe', 'username': 'BHAVESH\\ahire', 'vms': 8.86328125}
{'pid': 12848, 'name': 'SearchIndexer.exe', 'username': None, 'vms': 34.953125}
{'pid': 12884, 'name': 'Widgets.exe', 'username': 'BHAVESH\\ahire', 'vms': 9.71875}
{'pid': 12964, 'name': 'svchost.exe', 'username': None, 'vms': 3.875}
{'pid': 13032, 'name': 'msedgewebview2.exe', 'username': 'BHAVESH\\ahire', 'vms': 91.81640625}
{'pid': 13056, 'name': 'msedge.exe', 'username': 'BHAVESH\\ahire', 'vms': 2.30078125}
{'pid': 13180, 'name': 'SearchHost.exe', 'username': 'BHAVESH\\ahire', 'vms': 66.94921875}
{'pid': 13204, 'name': 'StartMenuExperienceHost.exe', 'username': 'BHAVESH\\ahire', 'vms': 84.67578125}
{'pid': 13356, 'name': 'RuntimeBroker.exe', 'username': 'BHAVESH\\ahire', 'vms': 16.578125}
{'pid': 13404, 'name': 'svchost.exe', 'username': 'BHAVESH\\ahire', 'vms': 3.87890625}
{'pid': 13420, 'name': 'RuntimeBroker.exe', 'username': 'BHAVESH\\ahire', 'vms': 9.22265625}
{'pid': 13456, 'name': 'ONENOTEM.EXE', 'username': 'BHAVESH\\ahire', 'vms': 3.1640625}
{'pid': 13508, 'name': 'jusched.exe', 'username': 'BHAVESH\\ahire', 'vms': 2.3203125}
{'pid': 13704, 'name': 'WidgetService.exe', 'username': 'BHAVESH\\ahire', 'vms': 4.69921875}
{'pid': 13792, 'name': 'Code.exe', 'username': 'BHAVESH\\ahire', 'vms': 123.08984375}
{'pid': 13816, 'name': 'msedge.exe', 'username': 'BHAVESH\\ahire', 'vms': 61.09375}
{'pid': 13884, 'name': 'Code.exe', 'username': 'BHAVESH\\ahire', 'vms': 85.4453125}
{'pid': 13924, 'name': 'RuntimeBroker.exe', 'username': 'BHAVESH\\ahire', 'vms': 2.515625}
{'pid': 13948, 'name': 'AdobeCollabSync.exe', 'username': 'BHAVESH\\ahire', 'vms': 10.73828125}
{'pid': 13968, 'name': 'backgroundTaskHost.exe', 'username': 'BHAVESH\\ahire', 'vms': 14.56640625}
{'pid': 14160, 'name': 'svchost.exe', 'username': None, 'vms': 1.7109375}
{'pid': 14288, 'name': 'msedgewebview2.exe', 'username': 'BHAVESH\\ahire', 'vms': 38.69921875}
{'pid': 14676, 'name': 'msedgewebview2.exe', 'username': 'BHAVESH\\ahire', 'vms': 2.3046875}
{'pid': 14956, 'name': 'msedgewebview2.exe', 'username': 'BHAVESH\\ahire', 'vms': 73.34765625}
{'pid': 14984, 'name': 'msedgewebview2.exe', 'username': 'BHAVESH\\ahire', 'vms': 14.30859375}
{'pid': 15120, 'name': 'msedgewebview2.exe', 'username': 'BHAVESH\\ahire', 'vms': 8.47265625}
{'pid': 15308, 'name': 'ctfmon.exe', 'username': 'BHAVESH\\ahire', 'vms': 8.36328125}
{'pid': 15448, 'name': 'jucheck.exe', 'username': 'BHAVESH\\ahire', 'vms': 3.67578125}
{'pid': 15528, 'name': 'WhatsApp.exe', 'username': 'BHAVESH\\ahire', 'vms': 130.1015625}
{'pid': 15544, 'name': 'LockApp.exe', 'username': 'BHAVESH\\ahire', 'vms': 42.17578125}
{'pid': 15584, 'name': 'LightStudio-background.exe', 'username': 'BHAVESH\\ahire', 'vms': 166.1015625}
{'pid': 15640, 'name': 'mc-extn-browserhost.exe', 'username': 'BHAVESH\\ahire', 'vms': 5.19921875}
{'pid': 15756, 'name': 'chrome.exe', 'username': 'BHAVESH\\ahire', 'vms': 402.56640625}
{'pid': 16044, 'name': 'DesktopExtension.exe', 'username': 'BHAVESH\\ahire', 'vms': 24.1171875}
{'pid': 16092, 'name': 'WmiPrvSE.exe', 'username': None, 'vms': 7.3203125}
{'pid': 16208, 'name': 'svchost.exe', 'username': None, 'vms': 6.94921875}
{'pid': 16268, 'name': 'powershell.exe', 'username': 'BHAVESH\\ahire', 'vms': 60.0546875}
{'pid': 16380, 'name': 'conhost.exe', 'username': 'BHAVESH\\ahire', 'vms': 1.46875}
{'pid': 16472, 'name': 'svchost.exe', 'username': None, 'vms': 4.95703125}
{'pid': 16528, 'name': 'python.exe', 'username': 'BHAVESH\\ahire', 'vms': 13.390625}
{'pid': 16868, 'name': 'PhoneExperienceHost.exe', 'username': 'BHAVESH\\ahire', 'vms': 76.9375}
{'pid': 17000, 'name': 'RuntimeBroker.exe', 'username': 'BHAVESH\\ahire', 'vms': 5.8984375}
{'pid': 17056, 'name': 'msedge.exe', 'username': 'BHAVESH\\ahire', 'vms': 17.50390625}
{'pid': 17076, 'name': 'RuntimeBroker.exe', 'username': 'BHAVESH\\ahire', 'vms': 2.89453125}
{'pid': 17136, 'name': 'svchost.exe', 'username': None, 'vms': 3.87109375}
{'pid': 17176, 'name': 'RuntimeBroker.exe', 'username': 'BHAVESH\\ahire', 'vms': 12.40625}
{'pid': 17256, 'name': 'CastSrv.exe', 'username': 'BHAVESH\\ahire', 'vms': 4.5}
{'pid': 17340, 'name': 'svchost.exe', 'username': None, 'vms': 2.90234375}
{'pid': 17876, 'name': 'backgroundTaskHost.exe', 'username': 'BHAVESH\\ahire', 'vms': 4.90234375}
{'pid': 18068, 'name': 'chrome.exe', 'username': 'BHAVESH\\ahire', 'vms': 218.8828125}
{'pid': 18288, 'name': 'SystemSettings.exe', 'username': 'BHAVESH\\ahire', 'vms': 124.12109375}
{'pid': 18532, 'name': 'unsecapp.exe', 'username': 'BHAVESH\\ahire', 'vms': 1.80078125}
{'pid': 18752, 'name': 'SecurityHealthService.exe', 'username': None, 'vms': 7.78125}
{'pid': 18848, 'name': 'svchost.exe', 'username': None, 'vms': 3.60546875}
{'pid': 18984, 'name': 'FileSyncHelper.exe', 'username': None, 'vms': 5.65625}
{'pid': 19012, 'name': 'svchost.exe', 'username': None, 'vms': 9.4609375}
{'pid': 19040, 'name': 'chrome.exe', 'username': 'BHAVESH\\ahire', 'vms': 2.3515625}
{'pid': 19256, 'name': 'OneDrive.exe', 'username': 'BHAVESH\\ahire', 'vms': 118.92578125}
{'pid': 19320, 'name': 'HPSystemEventUtilityBackground.exe', 'username': 'BHAVESH\\ahire', 'vms': 39.90234375}
{'pid': 19444, 'name': 'svchost.exe', 'username': None, 'vms': 3.3046875}
{'pid': 19452, 'name': 'chrome.exe', 'username': 'BHAVESH\\ahire', 'vms': 66.29296875}
{'pid': 19540, 'name': 'chrome.exe', 'username': 'BHAVESH\\ahire', 'vms': 25.390625}
{'pid': 19876, 'name': 'HPQuickDrop.exe', 'username': 'BHAVESH\\ahire', 'vms': 42.86328125}
{'pid': 19948, 'name': 'chrome.exe', 'username': 'BHAVESH\\ahire', 'vms': 158.28515625}
{'pid': 19964, 'name': 'Code.exe', 'username': 'BHAVESH\\ahire', 'vms': 84.09375}
{'pid': 20040, 'name': 'Code.exe', 'username': 'BHAVESH\\ahire', 'vms': 110.8515625}
{'pid': 20276, 'name': 'powershell.exe', 'username': 'BHAVESH\\ahire', 'vms': 53.9765625}
{'pid': 20288, 'name': 'OpenConsole.exe', 'username': 'BHAVESH\\ahire', 'vms': 2.5}
{'pid': 20452, 'name': 'Code.exe', 'username': 'BHAVESH\\ahire', 'vms': 371.2421875}
{'pid': 20752, 'name': 'chrome.exe', 'username': 'BHAVESH\\ahire', 'vms': 27.71875}
{'pid': 21536, 'name': 'chrome.exe', 'username': 'BHAVESH\\ahire', 'vms': 18.6953125}
{'pid': 21680, 'name': 'chrome.exe', 'username': 'BHAVESH\\ahire', 'vms': 232.953125}
{'pid': 21844, 'name': 'chrome.exe', 'username': 'BHAVESH\\ahire', 'vms': 59.546875}
{'pid': 21972, 'name': 'RuntimeBroker.exe', 'username': 'BHAVESH\\ahire', 'vms': 2.49609375}
{'pid': 22216, 'name': 'chrome.exe', 'username': 'BHAVESH\\ahire', 'vms': 7.78125}
{'pid': 22224, 'name': 'chrome.exe', 'username': 'BHAVESH\\ahire', 'vms': 29.00390625}
{'pid': 22604, 'name': 'svchost.exe', 'username': None, 'vms': 1.80078125}
{'pid': 23184, 'name': 'SearchProtocolHost.exe', 'username': None, 'vms': 2.43359375}
{'pid': 23872, 'name': 'svchost.exe', 'username': None, 'vms': 1.33203125}
{'pid': 24140, 'name': 'conhost.exe', 'username': 'BHAVESH\\ahire', 'vms': 1.4453125}
{'pid': 24428, 'name': 'HPSystemEventUtilityHost.exe', 'username': 'BHAVESH\\ahire', 'vms': 34.390625}
------------------------------------------------------------------------------------------
-----------------------------------------End of Automation script ---------------------------
-----------------------------------Thanks for using the automation script-----------------------------------------
