------------------------------------------------------------------------------------------
-----------------------------Welcome to the ProcessInfo automation script-----------------------------------
------------------------------------------------------------------------------------------

{'name': 'System Idle Process', 'pid': 0, 'username': 'NT AUTHORITY\\SYSTEM', 'vms': 0.05859375}
{'name': 'System', 'pid': 4, 'username': 'NT AUTHORITY\\SYSTEM', 'vms': 0.0390625}
{'name': '', 'pid': 188, 'username': None, 'vms': 0.171875}
{'name': 'Registry', 'pid': 232, 'username': None, 'vms': 27.91796875}
{'name': 'smss.exe', 'pid': 800, 'username': None, 'vms': 1.140625}
{'name': 'RuntimeBroker.exe', 'pid': 960, 'username': 'BHAVESH\\ahire', 'vms': 1.8828125}
{'name': 'svchost.exe', 'pid': 964, 'username': None, 'vms': 1.90234375}
{'name': 'cmd.exe', 'pid': 968, 'username': 'BHAVESH\\ahire', 'vms': 1.8828125}
{'name': 'conhost.exe', 'pid': 1232, 'username': 'BHAVESH\\ahire', 'vms': 1.703125}
{'name': 'csrss.exe', 'pid': 1364, 'username': None, 'vms': 2.43359375}
{'name': 'wininit.exe', 'pid': 1452, 'username': None, 'vms': 1.44921875}
{'name': 'csrss.exe', 'pid': 1460, 'username': None, 'vms': 3.0625}
{'name': 'winlogon.exe', 'pid': 1520, 'username': None, 'vms': 2.7109375}
{'name': 'powershell.exe', 'pid': 1572, 'username': 'BHAVESH\\ahire', 'vms': 69.0625}
{'name': 'services.exe', 'pid': 1596, 'username': None, 'vms': 5.78125}
{'name': 'LsaIso.exe', 'pid': 1604, 'username': None, 'vms': 1.26953125}
{'name': 'lsass.exe', 'pid': 1624, 'username': None, 'vms': 12.2578125}
{'name': 'dwm.exe', 'pid': 1636, 'username': None, 'vms': 177.28515625}
{'name': 'svchost.exe', 'pid': 1764, 'username': None, 'vms': 13.46484375}
{'name': 'fontdrvhost.exe', 'pid': 1796, 'username': None, 'vms': 1.6640625}
{'name': 'fontdrvhost.exe', 'pid': 1800, 'username': None, 'vms': 2.015625}
{'name': 'WUDFHost.exe', 'pid': 1872, 'username': None, 'vms': 5.49609375}
{'name': 'HP.myHP.exe', 'pid': 1900, 'username': 'BHAVESH\\ahire', 'vms': 53.2109375}
{'name': 'svchost.exe', 'pid': 1944, 'username': None, 'vms': 9.9296875}
{'name': 'svchost.exe', 'pid': 1996, 'username': None, 'vms': 3.12109375}
{'name': 'WUDFHost.exe', 'pid': 2076, 'username': None, 'vms': 8.77734375}
{'name': 'ms-teams.exe', 'pid': 2148, 'username': 'BHAVESH\\ahire', 'vms': 24.015625}
{'name': 'WindowsTerminal.exe', 'pid': 2160, 'username': 'BHAVESH\\ahire', 'vms': 64.4765625}
{'name': 'svchost.exe', 'pid': 2168, 'username': None, 'vms': 1.26953125}
{'name': 'svchost.exe', 'pid': 2176, 'username': None, 'vms': 1.88671875}
{'name': 'svchost.exe', 'pid': 2200, 'username': None, 'vms': 2.41015625}
{'name': 'OmenCommandCenterBackground.exe', 'pid': 2248, 'username': 'BHAVESH\\ahire', 'vms': 235.90234375}
{'name': 'SDXHelper.exe', 'pid': 2280, 'username': 'BHAVESH\\ahire', 'vms': 14.3828125}
{'name': 'svchost.exe', 'pid': 2324, 'username': 'BHAVESH\\ahire', 'vms': 10.7109375}
{'name': 'svchost.exe', 'pid': 2452, 'username': None, 'vms': 4.1796875}
{'name': 'svchost.exe', 'pid': 2460, 'username': None, 'vms': 7.49609375}
{'name': 'svchost.exe', 'pid': 2468, 'username': None, 'vms': 3.25}
{'name': 'svchost.exe', 'pid': 2476, 'username': None, 'vms': 2.34375}
{'name': 'svchost.exe', 'pid': 2484, 'username': None, 'vms': 3.5859375}
{'name': 'svchost.exe', 'pid': 2492, 'username': None, 'vms': 3.02734375}
{'name': 'chrome.exe', 'pid': 2500, 'username': 'BHAVESH\\ahire', 'vms': 163.19921875}
{'name': 'conhost.exe', 'pid': 2508, 'username': 'BHAVESH\\ahire', 'vms': 1.70703125}
{'name': 'svchost.exe', 'pid': 2600, 'username': 'BHAVESH\\ahire', 'vms': 3.1640625}
{'name': 'WUDFHost.exe', 'pid': 2668, 'username': None, 'vms': 4.33203125}
{'name': 'svchost.exe', 'pid': 2676, 'username': None, 'vms': 3.7890625}
{'name': 'AdobeCollabSync.exe', 'pid': 2688, 'username': 'BHAVESH\\ahire', 'vms': 8.0078125}
{'name': 'svchost.exe', 'pid': 2692, 'username': None, 'vms': 6.73046875}
{'name': 'svchost.exe', 'pid': 2732, 'username': None, 'vms': 6.56640625}
{'name': 'msedgewebview2.exe', 'pid': 2752, 'username': 'BHAVESH\\ahire', 'vms': 46.59765625}
{'name': 'IntelCpHDCPSvc.exe', 'pid': 2776, 'username': None, 'vms': 1.484375}
{'name': 'svchost.exe', 'pid': 2800, 'username': None, 'vms': 2.8984375}
{'name': 'svchost.exe', 'pid': 2820, 'username': None, 'vms': 2.5546875}
{'name': 'svchost.exe', 'pid': 2848, 'username': None, 'vms': 1.61328125}
{'name': 'svchost.exe', 'pid': 2864, 'username': None, 'vms': 2.53515625}
{'name': 'svchost.exe', 'pid': 2868, 'username': None, 'vms': 2.609375}
{'name': 'svchost.exe', 'pid': 2900, 'username': None, 'vms': 5.73828125}
{'name': 'msedge.exe', 'pid': 2924, 'username': 'BHAVESH\\ahire', 'vms': 8.59375}
{'name': 'svchost.exe', 'pid': 2936, 'username': None, 'vms': 1.734375}
{'name': 'RuntimeBroker.exe', 'pid': 3068, 'username': 'BHAVESH\\ahire', 'vms': 2.12109375}
{'name': 'svchost.exe', 'pid': 3200, 'username': None, 'vms': 3.234375}
{'name': 'svchost.exe', 'pid': 3288, 'username': None, 'vms': 2.03515625}
{'name': 'chrome.exe', 'pid': 3320, 'username': 'BHAVESH\\ahire', 'vms': 50.18359375}
{'name': 'browserhost.exe', 'pid': 3336, 'username': 'BHAVESH\\ahire', 'vms': 6.546875}
{'name': 'svchost.exe', 'pid': 3364, 'username': None, 'vms': 2.66015625}
{'name': 'svchost.exe', 'pid': 3372, 'username': 'BHAVESH\\ahire', 'vms': 6.41796875}
{'name': 'svchost.exe', 'pid': 3480, 'username': None, 'vms': 2.9609375}
{'name': 'svchost.exe', 'pid': 3588, 'username': None, 'vms': 2.4140625}
{'name': 'svchost.exe', 'pid': 3680, 'username': None, 'vms': 2.37890625}
{'name': 'svchost.exe', 'pid': 3700, 'username': None, 'vms': 18.06640625}
{'name': 'chrome.exe', 'pid': 3720, 'username': 'BHAVESH\\ahire', 'vms': 507.1875}
{'name': 'svchost.exe', 'pid': 3764, 'username': None, 'vms': 3.80859375}
{'name': 'svchost.exe', 'pid': 3824, 'username': None, 'vms': 1.46484375}
{'name': 'svchost.exe', 'pid': 3836, 'username': None, 'vms': 3.23828125}
{'name': 'svchost.exe', 'pid': 3844, 'username': None, 'vms': 2.125}
{'name': 'dasHost.exe', 'pid': 3888, 'username': None, 'vms': 4.8359375}
{'name': 'svchost.exe', 'pid': 3940, 'username': None, 'vms': 2.30859375}
{'name': 'MemCompression', 'pid': 4048, 'username': None, 'vms': 2.1328125}
{'name': 'msedgewebview2.exe', 'pid': 4060, 'username': 'BHAVESH\\ahire', 'vms': 12.4375}
{'name': 'svchost.exe', 'pid': 4164, 'username': None, 'vms': 3.5625}
{'name': 'msedgewebview2.exe', 'pid': 4188, 'username': 'BHAVESH\\ahire', 'vms': 2.3203125}
{'name': 'svchost.exe', 'pid': 4196, 'username': None, 'vms': 2.20703125}
{'name': 'TouchpointAnalyticsClientService.exe', 'pid': 4216, 'username': None, 'vms': 86.0234375}
{'name': 'ShellExperienceHost.exe', 'pid': 4260, 'username': 'BHAVESH\\ahire', 'vms': 41.88671875}
{'name': 'chrome.exe', 'pid': 4264, 'username': 'BHAVESH\\ahire', 'vms': 124.90625}
{'name': 'NetworkCap.exe', 'pid': 4276, 'username': None, 'vms': 3.703125}
{'name': 'AppHelperCap.exe', 'pid': 4284, 'username': None, 'vms': 8.16015625}
{'name': 'SysInfoCap.exe', 'pid': 4288, 'username': None, 'vms': 13.11328125}
{'name': 'DiagsCap.exe', 'pid': 4300, 'username': None, 'vms': 29.1171875}
{'name': 'chrome.exe', 'pid': 4364, 'username': 'BHAVESH\\ahire', 'vms': 30.9296875}
{'name': 'svchost.exe', 'pid': 4516, 'username': None, 'vms': 32.56640625}
{'name': 'svchost.exe', 'pid': 4628, 'username': None, 'vms': 5.21875}
{'name': 'msedge.exe', 'pid': 4676, 'username': 'BHAVESH\\ahire', 'vms': 54.359375}
{'name': 'msedgewebview2.exe', 'pid': 4800, 'username': 'BHAVESH\\ahire', 'vms': 270.66015625}
{'name': 'RuntimeBroker.exe', 'pid': 4816, 'username': 'BHAVESH\\ahire', 'vms': 2.5546875}
{'name': 'svchost.exe', 'pid': 4824, 'username': None, 'vms': 14.75390625}
{'name': 'msedgewebview2.exe', 'pid': 4940, 'username': 'BHAVESH\\ahire', 'vms': 8.69140625}
{'name': 'svchost.exe', 'pid': 4952, 'username': None, 'vms': 2.43359375}
{'name': 'svchost.exe', 'pid': 5068, 'username': None, 'vms': 1.6484375}
{'name': 'svchost.exe', 'pid': 5228, 'username': None, 'vms': 2.421875}
{'name': 'svchost.exe', 'pid': 5296, 'username': None, 'vms': 8.4296875}
{'name': 'svchost.exe', 'pid': 5324, 'username': None, 'vms': 3.8984375}
{'name': 'spoolsv.exe', 'pid': 5352, 'username': None, 'vms': 5.7890625}
{'name': 'svchost.exe', 'pid': 5388, 'username': None, 'vms': 15.40234375}
{'name': 'svchost.exe', 'pid': 5452, 'username': None, 'vms': 1.8828125}
{'name': 'svchost.exe', 'pid': 5532, 'username': None, 'vms': 6.2734375}
{'name': 'cmd.exe', 'pid': 5632, 'username': 'BHAVESH\\ahire', 'vms': 1.89453125}
{'name': 'ipf_uf.exe', 'pid': 5636, 'username': None, 'vms': 2.13671875}
{'name': 'armsvc.exe', 'pid': 5644, 'username': None, 'vms': 1.76171875}
{'name': 'svchost.exe', 'pid': 5652, 'username': None, 'vms': 2.55078125}
{'name': 'svchost.exe', 'pid': 5660, 'username': None, 'vms': 27.61328125}
{'name': 'svchost.exe', 'pid': 5668, 'username': None, 'vms': 3.02734375}
{'name': 'IntelAudioService.exe', 'pid': 5680, 'username': None, 'vms': 38.65234375}
{'name': 'OneApp.IGCC.WinService.exe', 'pid': 5688, 'username': None, 'vms': 33.078125}
{'name': 'ETDService.exe', 'pid': 5696, 'username': None, 'vms': 1.5078125}
{'name': 'HPCommRecovery.exe', 'pid': 5704, 'username': None, 'vms': 23.22265625}
{'name': 'jhi_service.exe', 'pid': 5712, 'username': None, 'vms': 1.38671875}
{'name': 'HPPrintScanDoctorService.exe', 'pid': 5720, 'username': None, 'vms': 1.921875}
{'name': 'ipfsvc.exe', 'pid': 5732, 'username': None, 'vms': 1.57421875}
{'name': 'servicehost.exe', 'pid': 5752, 'username': None, 'vms': 22.63671875}
{'name': 'svchost.exe', 'pid': 5764, 'username': None, 'vms': 26.41015625}
{'name': 'OfficeClickToRun.exe', 'pid': 5800, 'username': None, 'vms': 31.43359375}
{'name': 'mc-fw-host.exe', 'pid': 5808, 'username': None, 'vms': 255.5}
{'name': 'MpDefenderCoreService.exe', 'pid': 5828, 'username': None, 'vms': 11.83984375}
{'name': 'RtkAudUService64.exe', 'pid': 5848, 'username': None, 'vms': 29.6953125}
{'name': 'RtkBtManServ.exe', 'pid': 5856, 'username': None, 'vms': 2.1796875}
{'name': 'SECOMN64.exe', 'pid': 5924, 'username': None, 'vms': 7.75}
{'name': 'msedgewebview2.exe', 'pid': 5936, 'username': 'BHAVESH\\ahire', 'vms': 8.35546875}
{'name': 'svchost.exe', 'pid': 5968, 'username': None, 'vms': 1.34375}
{'name': 'svchost.exe', 'pid': 5992, 'username': None, 'vms': 1.73046875}
{'name': 'mc-neo-host.exe', 'pid': 6108, 'username': None, 'vms': 19.33984375}
{'name': 'svchost.exe', 'pid': 6116, 'username': None, 'vms': 12.69140625}
{'name': 'MsMpEng.exe', 'pid': 6140, 'username': None, 'vms': 247.875}
{'name': 'svchost.exe', 'pid': 6200, 'username': None, 'vms': 4.72265625}
{'name': 'svchost.exe', 'pid': 6208, 'username': None, 'vms': 1.80078125}
{'name': 'WMIRegistrationService.exe', 'pid': 6216, 'username': None, 'vms': 2.95703125}
{'name': 'svchost.exe', 'pid': 6244, 'username': None, 'vms': 2.40234375}
{'name': 'XtuService.exe', 'pid': 6280, 'username': None, 'vms': 59.94921875}
{'name': 'SearchProtocolHost.exe', 'pid': 6328, 'username': None, 'vms': 2.50390625}
{'name': 'ApplicationFrameHost.exe', 'pid': 6804, 'username': 'BHAVESH\\ahire', 'vms': 53.9296875}
{'name': 'powershell.exe', 'pid': 6816, 'username': 'BHAVESH\\ahire', 'vms': 56.62890625}
{'name': 'svchost.exe', 'pid': 7256, 'username': None, 'vms': 2.76171875}
{'name': 'ms-teams.exe', 'pid': 7336, 'username': 'BHAVESH\\ahire', 'vms': 70.734375}
{'name': 'NgcIso.exe', 'pid': 7720, 'username': None, 'vms': 1.2421875}
{'name': 'svchost.exe', 'pid': 7732, 'username': None, 'vms': 1.5390625}
{'name': 'uihost.exe', 'pid': 7896, 'username': 'BHAVESH\\ahire', 'vms': 19.43359375}
{'name': 'RuntimeBroker.exe', 'pid': 7928, 'username': 'BHAVESH\\ahire', 'vms': 3.0546875}
{'name': 'unsecapp.exe', 'pid': 8260, 'username': None, 'vms': 1.765625}
{'name': 'svchost.exe', 'pid': 8744, 'username': None, 'vms': 1.7421875}
{'name': 'Code.exe', 'pid': 8840, 'username': 'BHAVESH\\ahire', 'vms': 14.2734375}
{'name': 'SecurityHealthSystray.exe', 'pid': 8964, 'username': 'BHAVESH\\ahire', 'vms': 2.0078125}
{'name': 'sihost.exe', 'pid': 9012, 'username': 'BHAVESH\\ahire', 'vms': 8.453125}
{'name': 'msedgewebview2.exe', 'pid': 9164, 'username': 'BHAVESH\\ahire', 'vms': 77.390625}
{'name': 'WmiPrvSE.exe', 'pid': 9244, 'username': None, 'vms': 5.5078125}
{'name': 'svchost.exe', 'pid': 9416, 'username': None, 'vms': 30.36328125}
{'name': 'svchost.exe', 'pid': 9472, 'username': None, 'vms': 13.859375}
{'name': 'svchost.exe', 'pid': 9540, 'username': 'BHAVESH\\ahire', 'vms': 2.50390625}
{'name': 'mc-fw-host.exe', 'pid': 9548, 'username': 'BHAVESH\\ahire', 'vms': 10.30078125}
{'name': 'AggregatorHost.exe', 'pid': 9740, 'username': None, 'vms': 5.08984375}
{'name': 'chrome.exe', 'pid': 9756, 'username': 'BHAVESH\\ahire', 'vms': 11.62109375}
{'name': 'RtkAudUService64.exe', 'pid': 9860, 'username': None, 'vms': 25.77734375}
{'name': 'chrome.exe', 'pid': 9920, 'username': 'BHAVESH\\ahire', 'vms': 153.14453125}
{'name': 'ipf_helper.exe', 'pid': 9972, 'username': 'BHAVESH\\ahire', 'vms': 2.1171875}
{'name': 'svchost.exe', 'pid': 10120, 'username': None, 'vms': 1.6015625}
{'name': 'ETDCtrl.exe', 'pid': 10140, 'username': 'BHAVESH\\ahire', 'vms': 7.20703125}
{'name': 'Code.exe', 'pid': 10184, 'username': 'BHAVESH\\ahire', 'vms': 149.38671875}
{'name': 'svchost.exe', 'pid': 10340, 'username': 'BHAVESH\\ahire', 'vms': 2.1953125}
{'name': 'svchost.exe', 'pid': 10396, 'username': 'BHAVESH\\ahire', 'vms': 8.01171875}
{'name': 'taskhostw.exe', 'pid': 10472, 'username': 'BHAVESH\\ahire', 'vms': 9.31640625}
{'name': 'OverlayHelper.exe', 'pid': 10484, 'username': 'BHAVESH\\ahire', 'vms': 32.78125}
{'name': 'SystemOptimizer.exe', 'pid': 10528, 'username': 'BHAVESH\\ahire', 'vms': 41.59765625}
{'name': 'svchost.exe', 'pid': 10604, 'username': None, 'vms': 4.02734375}
{'name': 'svchost.exe', 'pid': 10648, 'username': None, 'vms': 2.45703125}
{'name': 'OmenInstallMonitor.exe', 'pid': 10756, 'username': 'BHAVESH\\ahire', 'vms': 31.140625}
{'name': 'TextInputHost.exe', 'pid': 11108, 'username': 'BHAVESH\\ahire', 'vms': 46.078125}
{'name': 'svchost.exe', 'pid': 11224, 'username': None, 'vms': 6.04296875}
{'name': 'explorer.exe', 'pid': 11284, 'username': 'BHAVESH\\ahire', 'vms': 318.734375}
{'name': 'svchost.exe', 'pid': 11324, 'username': None, 'vms': 7.05078125}
{'name': 'ShellHost.exe', 'pid': 11432, 'username': 'BHAVESH\\ahire', 'vms': 33.1171875}
{'name': 'svchost.exe', 'pid': 11492, 'username': 'BHAVESH\\ahire', 'vms': 1.82421875}
{'name': 'svchost.exe', 'pid': 11576, 'username': None, 'vms': 1.06640625}
{'name': 'SECOCL64.exe', 'pid': 11616, 'username': 'BHAVESH\\ahire', 'vms': 2.890625}
{'name': 'conhost.exe', 'pid': 11648, 'username': 'BHAVESH\\ahire', 'vms': 1.23046875}
{'name': 'Code.exe', 'pid': 11672, 'username': 'BHAVESH\\ahire', 'vms': 118.89453125}
{'name': 'CrossDeviceResume.exe', 'pid': 11796, 'username': 'BHAVESH\\ahire', 'vms': 35.5625}
{'name': 'svchost.exe', 'pid': 12004, 'username': None, 'vms': 9.13671875}
{'name': 'conhost.exe', 'pid': 12072, 'username': 'BHAVESH\\ahire', 'vms': 1.515625}
{'name': 'Code.exe', 'pid': 12144, 'username': 'BHAVESH\\ahire', 'vms': 10.81640625}
{'name': 'RtkAudUService64.exe', 'pid': 12444, 'username': 'BHAVESH\\ahire', 'vms': 26.18359375}
{'name': 'FileCoAuth.exe', 'pid': 12508, 'username': 'BHAVESH\\ahire', 'vms': 6.0390625}
{'name': 'UserOOBEBroker.exe', 'pid': 12540, 'username': 'BHAVESH\\ahire', 'vms': 1.953125}
{'name': 'CrossDeviceService.exe', 'pid': 12556, 'username': 'BHAVESH\\ahire', 'vms': 26.1328125}
{'name': 'svchost.exe', 'pid': 12560, 'username': 'BHAVESH\\ahire', 'vms': 8.55859375}
{'name': 'SearchIndexer.exe', 'pid': 12848, 'username': None, 'vms': 32.734375}
{'name': 'Widgets.exe', 'pid': 12884, 'username': 'BHAVESH\\ahire', 'vms': 9.72265625}
{'name': 'svchost.exe', 'pid': 12964, 'username': None, 'vms': 3.87890625}
{'name': 'msedgewebview2.exe', 'pid': 13032, 'username': 'BHAVESH\\ahire', 'vms': 78.0859375}
{'name': 'msedge.exe', 'pid': 13056, 'username': 'BHAVESH\\ahire', 'vms': 2.33984375}
{'name': 'SearchHost.exe', 'pid': 13180, 'username': 'BHAVESH\\ahire', 'vms': 64.96875}
{'name': 'StartMenuExperienceHost.exe', 'pid': 13204, 'username': 'BHAVESH\\ahire', 'vms': 84.453125}
{'name': 'RuntimeBroker.exe', 'pid': 13356, 'username': 'BHAVESH\\ahire', 'vms': 14.78515625}
{'name': 'svchost.exe', 'pid': 13404, 'username': 'BHAVESH\\ahire', 'vms': 3.70703125}
{'name': 'RuntimeBroker.exe', 'pid': 13420, 'username': 'BHAVESH\\ahire', 'vms': 9.29296875}
{'name': 'ONENOTEM.EXE', 'pid': 13456, 'username': 'BHAVESH\\ahire', 'vms': 3.1640625}
{'name': 'jusched.exe', 'pid': 13508, 'username': 'BHAVESH\\ahire', 'vms': 2.3203125}
{'name': 'WidgetService.exe', 'pid': 13704, 'username': 'BHAVESH\\ahire', 'vms': 4.69921875}
{'name': 'Code.exe', 'pid': 13792, 'username': 'BHAVESH\\ahire', 'vms': 110.48046875}
{'name': 'msedge.exe', 'pid': 13816, 'username': 'BHAVESH\\ahire', 'vms': 61.09375}
{'name': 'Code.exe', 'pid': 13884, 'username': 'BHAVESH\\ahire', 'vms': 85.4453125}
{'name': 'RuntimeBroker.exe', 'pid': 13924, 'username': 'BHAVESH\\ahire', 'vms': 2.44921875}
{'name': 'AdobeCollabSync.exe', 'pid': 13948, 'username': 'BHAVESH\\ahire', 'vms': 10.73828125}
{'name': 'msedgewebview2.exe', 'pid': 14288, 'username': 'BHAVESH\\ahire', 'vms': 38.6484375}
{'name': 'msedgewebview2.exe', 'pid': 14676, 'username': 'BHAVESH\\ahire', 'vms': 2.34765625}
{'name': 'msedgewebview2.exe', 'pid': 14956, 'username': 'BHAVESH\\ahire', 'vms': 72.15625}
{'name': 'msedgewebview2.exe', 'pid': 14984, 'username': 'BHAVESH\\ahire', 'vms': 13.8671875}
{'name': 'msedgewebview2.exe', 'pid': 15120, 'username': 'BHAVESH\\ahire', 'vms': 8.6484375}
{'name': 'ctfmon.exe', 'pid': 15308, 'username': 'BHAVESH\\ahire', 'vms': 8.07421875}
{'name': 'jucheck.exe', 'pid': 15448, 'username': 'BHAVESH\\ahire', 'vms': 3.67578125}
{'name': 'WhatsApp.exe', 'pid': 15528, 'username': 'BHAVESH\\ahire', 'vms': 130.1015625}
{'name': 'LockApp.exe', 'pid': 15544, 'username': 'BHAVESH\\ahire', 'vms': 42.17578125}
{'name': 'LightStudio-background.exe', 'pid': 15584, 'username': 'BHAVESH\\ahire', 'vms': 165.80859375}
{'name': 'mc-extn-browserhost.exe', 'pid': 15640, 'username': 'BHAVESH\\ahire', 'vms': 5.19921875}
{'name': 'chrome.exe', 'pid': 15756, 'username': 'BHAVESH\\ahire', 'vms': 411.85546875}
{'name': 'DesktopExtension.exe', 'pid': 16044, 'username': 'BHAVESH\\ahire', 'vms': 24.1171875}
{'name': 'svchost.exe', 'pid': 16208, 'username': None, 'vms': 6.765625}
{'name': 'powershell.exe', 'pid': 16268, 'username': 'BHAVESH\\ahire', 'vms': 60.0546875}
{'name': 'conhost.exe', 'pid': 16380, 'username': 'BHAVESH\\ahire', 'vms': 1.5078125}
{'name': 'svchost.exe', 'pid': 16472, 'username': None, 'vms': 4.87109375}
{'name': 'PhoneExperienceHost.exe', 'pid': 16868, 'username': 'BHAVESH\\ahire', 'vms': 76.9921875}
{'name': 'RuntimeBroker.exe', 'pid': 17000, 'username': 'BHAVESH\\ahire', 'vms': 5.8984375}
{'name': 'msedge.exe', 'pid': 17056, 'username': 'BHAVESH\\ahire', 'vms': 17.50390625}
{'name': 'RuntimeBroker.exe', 'pid': 17076, 'username': 'BHAVESH\\ahire', 'vms': 2.96875}
{'name': 'svchost.exe', 'pid': 17136, 'username': None, 'vms': 3.87109375}
{'name': 'RuntimeBroker.exe', 'pid': 17176, 'username': 'BHAVESH\\ahire', 'vms': 12.3515625}
{'name': 'CastSrv.exe', 'pid': 17256, 'username': 'BHAVESH\\ahire', 'vms': 4.5}
{'name': 'svchost.exe', 'pid': 17340, 'username': None, 'vms': 2.96875}
{'name': 'backgroundTaskHost.exe', 'pid': 17876, 'username': 'BHAVESH\\ahire', 'vms': 4.90234375}
{'name': 'chrome.exe', 'pid': 18068, 'username': 'BHAVESH\\ahire', 'vms': 264.125}
{'name': 'chrome.exe', 'pid': 18092, 'username': 'BHAVESH\\ahire', 'vms': 43.3984375}
{'name': 'SystemSettings.exe', 'pid': 18288, 'username': 'BHAVESH\\ahire', 'vms': 124.12109375}
{'name': 'unsecapp.exe', 'pid': 18532, 'username': 'BHAVESH\\ahire', 'vms': 1.80078125}
{'name': 'SecurityHealthService.exe', 'pid': 18752, 'username': None, 'vms': 7.78125}
{'name': 'svchost.exe', 'pid': 18848, 'username': None, 'vms': 3.60546875}
{'name': 'FileSyncHelper.exe', 'pid': 18984, 'username': None, 'vms': 5.65625}
{'name': 'svchost.exe', 'pid': 19012, 'username': None, 'vms': 9.4609375}
{'name': 'chrome.exe', 'pid': 19040, 'username': 'BHAVESH\\ahire', 'vms': 2.35546875}
{'name': 'OneDrive.exe', 'pid': 19256, 'username': 'BHAVESH\\ahire', 'vms': 123.0078125}
{'name': 'HPSystemEventUtilityBackground.exe', 'pid': 19320, 'username': 'BHAVESH\\ahire', 'vms': 39.88671875}
{'name': 'svchost.exe', 'pid': 19444, 'username': None, 'vms': 3.3046875}
{'name': 'chrome.exe', 'pid': 19452, 'username': 'BHAVESH\\ahire', 'vms': 66.13671875}
{'name': 'WmiPrvSE.exe', 'pid': 19552, 'username': None, 'vms': 5.80859375}
{'name': 'python.exe', 'pid': 19820, 'username': 'BHAVESH\\ahire', 'vms': 12.33984375}
{'name': 'HPQuickDrop.exe', 'pid': 19876, 'username': 'BHAVESH\\ahire', 'vms': 42.86328125}
{'name': 'chrome.exe', 'pid': 19904, 'username': 'BHAVESH\\ahire', 'vms': 62.10546875}
{'name': 'chrome.exe', 'pid': 19948, 'username': 'BHAVESH\\ahire', 'vms': 165.66796875}
{'name': 'Code.exe', 'pid': 19964, 'username': 'BHAVESH\\ahire', 'vms': 84.09765625}
{'name': 'Code.exe', 'pid': 20040, 'username': 'BHAVESH\\ahire', 'vms': 110.56640625}
{'name': 'chrome.exe', 'pid': 20220, 'username': 'BHAVESH\\ahire', 'vms': 24.58203125}
{'name': 'Code.exe', 'pid': 20452, 'username': 'BHAVESH\\ahire', 'vms': 373.0390625}
{'name': 'chrome.exe', 'pid': 20752, 'username': 'BHAVESH\\ahire', 'vms': 28.2421875}
{'name': 'OpenConsole.exe', 'pid': 20964, 'username': 'BHAVESH\\ahire', 'vms': 2.48828125}
{'name': 'RuntimeBroker.exe', 'pid': 21236, 'username': 'BHAVESH\\ahire', 'vms': 2.3125}
{'name': 'chrome.exe', 'pid': 21536, 'username': 'BHAVESH\\ahire', 'vms': 18.6953125}
{'name': 'chrome.exe', 'pid': 21680, 'username': 'BHAVESH\\ahire', 'vms': 252.46875}
{'name': 'chrome.exe', 'pid': 21844, 'username': 'BHAVESH\\ahire', 'vms': 58.93359375}
{'name': 'chrome.exe', 'pid': 22216, 'username': 'BHAVESH\\ahire', 'vms': 7.78125}
{'name': 'chrome.exe', 'pid': 22224, 'username': 'BHAVESH\\ahire', 'vms': 29.00390625}
{'name': 'chrome.exe', 'pid': 22972, 'username': 'BHAVESH\\ahire', 'vms': 15.578125}
{'name': 'chrome.exe', 'pid': 23536, 'username': 'BHAVESH\\ahire', 'vms': 22.515625}
{'name': 'svchost.exe', 'pid': 23872, 'username': None, 'vms': 1.33203125}
{'name': 'HPSystemEventUtilityHost.exe', 'pid': 24428, 'username': 'BHAVESH\\ahire', 'vms': 34.390625}
------------------------------------------------------------------------------------------
-----------------------------------------End of Automation script ---------------------------
-----------------------------------Thanks for using the automation script-----------------------------------------
