------------------------------------------------------------------------------------------
-----------------------------Welcome to the ProcessInfo automation script-----------------------------------
------------------------------------------------------------------------------------------

{'username': 'NT AUTHORITY\\SYSTEM', 'pid': 0, 'name': 'System Idle Process', 'vms': 0.05859375}
{'username': 'NT AUTHORITY\\SYSTEM', 'pid': 4, 'name': 'System', 'vms': 0.04296875}
{'username': None, 'pid': 188, 'name': '', 'vms': 0.171875}
{'username': None, 'pid': 232, 'name': 'Registry', 'vms': 39.765625}
{'username': None, 'pid': 800, 'name': 'smss.exe', 'vms': 1.140625}
{'username': 'BHAVESH\\ahire', 'pid': 960, 'name': 'RuntimeBroker.exe', 'vms': 1.8828125}
{'username': None, 'pid': 964, 'name': 'svchost.exe', 'vms': 1.90234375}
{'username': None, 'pid': 1364, 'name': 'csrss.exe', 'vms': 2.43359375}
{'username': None, 'pid': 1452, 'name': 'wininit.exe', 'vms': 1.44921875}
{'username': None, 'pid': 1460, 'name': 'csrss.exe', 'vms': 2.9375}
{'username': None, 'pid': 1520, 'name': 'winlogon.exe', 'vms': 2.7109375}
{'username': None, 'pid': 1596, 'name': 'services.exe', 'vms': 5.92578125}
{'username': None, 'pid': 1604, 'name': 'LsaIso.exe', 'vms': 1.28515625}
{'username': None, 'pid': 1624, 'name': 'lsass.exe', 'vms': 12.48046875}
{'username': None, 'pid': 1636, 'name': 'dwm.exe', 'vms': 176.0859375}
{'username': None, 'pid': 1764, 'name': 'svchost.exe', 'vms': 14.0234375}
{'username': None, 'pid': 1796, 'name': 'fontdrvhost.exe', 'vms': 1.7421875}
{'username': None, 'pid': 1800, 'name': 'fontdrvhost.exe', 'vms': 2.015625}
{'username': None, 'pid': 1872, 'name': 'WUDFHost.exe', 'vms': 5.49609375}
{'username': 'BHAVESH\\ahire', 'pid': 1900, 'name': 'HP.myHP.exe', 'vms': 53.2578125}
{'username': None, 'pid': 1944, 'name': 'svchost.exe', 'vms': 10.4765625}
{'username': None, 'pid': 1996, 'name': 'svchost.exe', 'vms': 3.36328125}
{'username': None, 'pid': 2072, 'name': 'svchost.exe', 'vms': 1.71484375}
{'username': None, 'pid': 2076, 'name': 'WUDFHost.exe', 'vms': 8.8046875}
{'username': 'BHAVESH\\ahire', 'pid': 2148, 'name': 'ms-teams.exe', 'vms': 24.05859375}
{'username': None, 'pid': 2168, 'name': 'svchost.exe', 'vms': 1.39453125}
{'username': None, 'pid': 2176, 'name': 'svchost.exe', 'vms': 1.82421875}
{'username': None, 'pid': 2200, 'name': 'svchost.exe', 'vms': 2.34765625}
{'username': 'BHAVESH\\ahire', 'pid': 2248, 'name': 'OmenCommandCenterBackground.exe', 'vms': 241.87109375}
{'username': 'BHAVESH\\ahire', 'pid': 2280, 'name': 'SDXHelper.exe', 'vms': 14.59765625}
{'username': 'BHAVESH\\ahire', 'pid': 2324, 'name': 'svchost.exe', 'vms': 10.75390625}
{'username': None, 'pid': 2452, 'name': 'svchost.exe', 'vms': 4.09765625}
{'username': None, 'pid': 2460, 'name': 'svchost.exe', 'vms': 8.07421875}
{'username': None, 'pid': 2468, 'name': 'svchost.exe', 'vms': 3.3125}
{'username': None, 'pid': 2476, 'name': 'svchost.exe', 'vms': 2.328125}
{'username': None, 'pid': 2484, 'name': 'svchost.exe', 'vms': 3.5859375}
{'username': None, 'pid': 2492, 'name': 'svchost.exe', 'vms': 3.02734375}
{'username': 'BHAVESH\\ahire', 'pid': 2600, 'name': 'svchost.exe', 'vms': 3.16015625}
{'username': None, 'pid': 2668, 'name': 'WUDFHost.exe', 'vms': 4.33203125}
{'username': None, 'pid': 2676, 'name': 'svchost.exe', 'vms': 4.0078125}
{'username': 'BHAVESH\\ahire', 'pid': 2688, 'name': 'AdobeCollabSync.exe', 'vms': 8.0078125}
{'username': None, 'pid': 2692, 'name': 'svchost.exe', 'vms': 7.04296875}
{'username': None, 'pid': 2732, 'name': 'svchost.exe', 'vms': 6.625}
{'username': 'BHAVESH\\ahire', 'pid': 2752, 'name': 'msedgewebview2.exe', 'vms': 46.6953125}
{'username': None, 'pid': 2776, 'name': 'IntelCpHDCPSvc.exe', 'vms': 1.484375}
{'username': None, 'pid': 2800, 'name': 'svchost.exe', 'vms': 2.83203125}
{'username': None, 'pid': 2820, 'name': 'svchost.exe', 'vms': 2.66015625}
{'username': None, 'pid': 2848, 'name': 'svchost.exe', 'vms': 1.546875}
{'username': None, 'pid': 2864, 'name': 'svchost.exe', 'vms': 2.328125}
{'username': None, 'pid': 2868, 'name': 'svchost.exe', 'vms': 2.546875}
{'username': None, 'pid': 2936, 'name': 'svchost.exe', 'vms': 1.734375}
{'username': 'BHAVESH\\ahire', 'pid': 3068, 'name': 'RuntimeBroker.exe', 'vms': 2.12109375}
{'username': None, 'pid': 3200, 'name': 'svchost.exe', 'vms': 3.39453125}
{'username': None, 'pid': 3288, 'name': 'svchost.exe', 'vms': 2.05859375}
{'username': None, 'pid': 3364, 'name': 'svchost.exe', 'vms': 2.66015625}
{'username': 'BHAVESH\\ahire', 'pid': 3372, 'name': 'svchost.exe', 'vms': 6.51953125}
{'username': None, 'pid': 3480, 'name': 'svchost.exe', 'vms': 3.0078125}
{'username': None, 'pid': 3588, 'name': 'svchost.exe', 'vms': 2.3515625}
{'username': None, 'pid': 3680, 'name': 'svchost.exe', 'vms': 2.42578125}
{'username': None, 'pid': 3700, 'name': 'svchost.exe', 'vms': 18.140625}
{'username': None, 'pid': 3764, 'name': 'svchost.exe', 'vms': 3.8046875}
{'username': None, 'pid': 3824, 'name': 'svchost.exe', 'vms': 1.46484375}
{'username': None, 'pid': 3836, 'name': 'svchost.exe', 'vms': 3.390625}
{'username': None, 'pid': 3844, 'name': 'svchost.exe', 'vms': 2.23828125}
{'username': None, 'pid': 3888, 'name': 'dasHost.exe', 'vms': 4.8359375}
{'username': None, 'pid': 3940, 'name': 'svchost.exe', 'vms': 2.24609375}
{'username': None, 'pid': 4048, 'name': 'MemCompression', 'vms': 2.1640625}
{'username': 'BHAVESH\\ahire', 'pid': 4060, 'name': 'msedgewebview2.exe', 'vms': 12.44140625}
{'username': None, 'pid': 4164, 'name': 'svchost.exe', 'vms': 3.515625}
{'username': 'BHAVESH\\ahire', 'pid': 4188, 'name': 'msedgewebview2.exe', 'vms': 2.2734375}
{'username': None, 'pid': 4196, 'name': 'svchost.exe', 'vms': 2.2109375}
{'username': None, 'pid': 4216, 'name': 'TouchpointAnalyticsClientService.exe', 'vms': 86.34375}
{'username': 'BHAVESH\\ahire', 'pid': 4260, 'name': 'ShellExperienceHost.exe', 'vms': 44.578125}
{'username': None, 'pid': 4276, 'name': 'NetworkCap.exe', 'vms': 3.71875}
{'username': None, 'pid': 4284, 'name': 'AppHelperCap.exe', 'vms': 8.34765625}
{'username': None, 'pid': 4288, 'name': 'SysInfoCap.exe', 'vms': 12.27734375}
{'username': None, 'pid': 4300, 'name': 'DiagsCap.exe', 'vms': 29.1171875}
{'username': None, 'pid': 4516, 'name': 'svchost.exe', 'vms': 32.73046875}
{'username': 'BHAVESH\\ahire', 'pid': 4608, 'name': 'Code.exe', 'vms': 86.5859375}
{'username': None, 'pid': 4628, 'name': 'svchost.exe', 'vms': 5.40625}
{'username': 'BHAVESH\\ahire', 'pid': 4732, 'name': 'msedge.exe', 'vms': 17.62890625}
{'username': 'BHAVESH\\ahire', 'pid': 4800, 'name': 'msedgewebview2.exe', 'vms': 270.57421875}
{'username': 'BHAVESH\\ahire', 'pid': 4816, 'name': 'RuntimeBroker.exe', 'vms': 2.5546875}
{'username': None, 'pid': 4824, 'name': 'svchost.exe', 'vms': 13.47265625}
{'username': 'BHAVESH\\ahire', 'pid': 4940, 'name': 'msedgewebview2.exe', 'vms': 8.69140625}
{'username': None, 'pid': 4952, 'name': 'svchost.exe', 'vms': 2.45703125}
{'username': None, 'pid': 5068, 'name': 'svchost.exe', 'vms': 1.58203125}
{'username': 'BHAVESH\\ahire', 'pid': 5124, 'name': 'Code.exe', 'vms': 10.72265625}
{'username': None, 'pid': 5228, 'name': 'svchost.exe', 'vms': 2.421875}
{'username': None, 'pid': 5296, 'name': 'svchost.exe', 'vms': 8.76171875}
{'username': None, 'pid': 5324, 'name': 'svchost.exe', 'vms': 3.80078125}
{'username': None, 'pid': 5352, 'name': 'spoolsv.exe', 'vms': 5.7890625}
{'username': None, 'pid': 5388, 'name': 'svchost.exe', 'vms': 15.6015625}
{'username': None, 'pid': 5452, 'name': 'svchost.exe', 'vms': 1.77734375}
{'username': None, 'pid': 5532, 'name': 'svchost.exe', 'vms': 6.37109375}
{'username': None, 'pid': 5636, 'name': 'ipf_uf.exe', 'vms': 2.140625}
{'username': None, 'pid': 5644, 'name': 'armsvc.exe', 'vms': 1.76171875}
{'username': None, 'pid': 5652, 'name': 'svchost.exe', 'vms': 2.65625}
{'username': None, 'pid': 5660, 'name': 'svchost.exe', 'vms': 29.44140625}
{'username': None, 'pid': 5668, 'name': 'svchost.exe', 'vms': 3.0390625}
{'username': None, 'pid': 5680, 'name': 'IntelAudioService.exe', 'vms': 38.65234375}
{'username': None, 'pid': 5688, 'name': 'OneApp.IGCC.WinService.exe', 'vms': 33.19921875}
{'username': None, 'pid': 5696, 'name': 'ETDService.exe', 'vms': 1.5078125}
{'username': None, 'pid': 5704, 'name': 'HPCommRecovery.exe', 'vms': 22.83203125}
{'username': None, 'pid': 5712, 'name': 'jhi_service.exe', 'vms': 1.38671875}
{'username': None, 'pid': 5720, 'name': 'HPPrintScanDoctorService.exe', 'vms': 1.93359375}
{'username': None, 'pid': 5732, 'name': 'ipfsvc.exe', 'vms': 1.578125}
{'username': None, 'pid': 5752, 'name': 'servicehost.exe', 'vms': 24.22265625}
{'username': None, 'pid': 5764, 'name': 'svchost.exe', 'vms': 34.5703125}
{'username': None, 'pid': 5800, 'name': 'OfficeClickToRun.exe', 'vms': 31.51171875}
{'username': None, 'pid': 5808, 'name': 'mc-fw-host.exe', 'vms': 255.3515625}
{'username': None, 'pid': 5828, 'name': 'MpDefenderCoreService.exe', 'vms': 11.91015625}
{'username': None, 'pid': 5848, 'name': 'RtkAudUService64.exe', 'vms': 29.6953125}
{'username': None, 'pid': 5856, 'name': 'RtkBtManServ.exe', 'vms': 2.1796875}
{'username': None, 'pid': 5924, 'name': 'SECOMN64.exe', 'vms': 7.75}
{'username': 'BHAVESH\\ahire', 'pid': 5936, 'name': 'msedgewebview2.exe', 'vms': 8.375}
{'username': None, 'pid': 5968, 'name': 'svchost.exe', 'vms': 1.34375}
{'username': None, 'pid': 5992, 'name': 'svchost.exe', 'vms': 1.6796875}
{'username': 'BHAVESH\\ahire', 'pid': 6096, 'name': 'msedge.exe', 'vms': 54.78125}
{'username': None, 'pid': 6108, 'name': 'mc-neo-host.exe', 'vms': 19.34375}
{'username': None, 'pid': 6116, 'name': 'svchost.exe', 'vms': 13.00390625}
{'username': None, 'pid': 6140, 'name': 'MsMpEng.exe', 'vms': 247.9921875}
{'username': None, 'pid': 6200, 'name': 'svchost.exe', 'vms': 4.76171875}
{'username': None, 'pid': 6208, 'name': 'svchost.exe', 'vms': 1.73828125}
{'username': None, 'pid': 6216, 'name': 'WMIRegistrationService.exe', 'vms': 2.95703125}
{'username': None, 'pid': 6244, 'name': 'svchost.exe', 'vms': 2.44140625}
{'username': None, 'pid': 6280, 'name': 'XtuService.exe', 'vms': 59.98828125}
{'username': None, 'pid': 6696, 'name': 'svchost.exe', 'vms': 2.22265625}
{'username': 'BHAVESH\\ahire', 'pid': 6804, 'name': 'ApplicationFrameHost.exe', 'vms': 53.9296875}
{'username': None, 'pid': 7256, 'name': 'svchost.exe', 'vms': 2.64453125}
{'username': 'BHAVESH\\ahire', 'pid': 7336, 'name': 'ms-teams.exe', 'vms': 70.734375}
{'username': None, 'pid': 7720, 'name': 'NgcIso.exe', 'vms': 1.25}
{'username': None, 'pid': 7732, 'name': 'svchost.exe', 'vms': 1.4765625}
{'username': 'BHAVESH\\ahire', 'pid': 7896, 'name': 'uihost.exe', 'vms': 19.62109375}
{'username': 'BHAVESH\\ahire', 'pid': 7928, 'name': 'RuntimeBroker.exe', 'vms': 3.15625}
{'username': None, 'pid': 8260, 'name': 'unsecapp.exe', 'vms': 2.18359375}
{'username': None, 'pid': 8744, 'name': 'svchost.exe', 'vms': 1.80859375}
{'username': 'BHAVESH\\ahire', 'pid': 8964, 'name': 'SecurityHealthSystray.exe', 'vms': 2.0078125}
{'username': 'BHAVESH\\ahire', 'pid': 9012, 'name': 'sihost.exe', 'vms': 8.125}
{'username': 'BHAVESH\\ahire', 'pid': 9164, 'name': 'msedgewebview2.exe', 'vms': 77.39453125}
{'username': 'BHAVESH\\ahire', 'pid': 9184, 'name': 'conhost.exe', 'vms': 1.45703125}
{'username': None, 'pid': 9244, 'name': 'WmiPrvSE.exe', 'vms': 6.0546875}
{'username': 'BHAVESH\\ahire', 'pid': 9340, 'name': 'powershell.exe', 'vms': 73.1640625}
{'username': 'BHAVESH\\ahire', 'pid': 9412, 'name': 'Code.exe', 'vms': 140.22265625}
{'username': None, 'pid': 9416, 'name': 'svchost.exe', 'vms': 30.39453125}
{'username': 'BHAVESH\\ahire', 'pid': 9460, 'name': 'msedge.exe', 'vms': 2.296875}
{'username': None, 'pid': 9472, 'name': 'svchost.exe', 'vms': 13.85546875}
{'username': 'BHAVESH\\ahire', 'pid': 9540, 'name': 'svchost.exe', 'vms': 2.44921875}
{'username': 'BHAVESH\\ahire', 'pid': 9548, 'name': 'mc-fw-host.exe', 'vms': 10.03515625}
{'username': None, 'pid': 9740, 'name': 'AggregatorHost.exe', 'vms': 5.32421875}
{'username': 'BHAVESH\\ahire', 'pid': 9840, 'name': 'msedge.exe', 'vms': 61.109375}
{'username': None, 'pid': 9860, 'name': 'RtkAudUService64.exe', 'vms': 25.77734375}
{'username': 'BHAVESH\\ahire', 'pid': 9972, 'name': 'ipf_helper.exe', 'vms': 2.078125}
{'username': 'BHAVESH\\ahire', 'pid': 10140, 'name': 'ETDCtrl.exe', 'vms': 7.20703125}
{'username': 'BHAVESH\\ahire', 'pid': 10340, 'name': 'svchost.exe', 'vms': 2.140625}
{'username': 'BHAVESH\\ahire', 'pid': 10396, 'name': 'svchost.exe', 'vms': 8.25390625}
{'username': 'BHAVESH\\ahire', 'pid': 10472, 'name': 'taskhostw.exe', 'vms': 9.9765625}
{'username': 'BHAVESH\\ahire', 'pid': 10484, 'name': 'OverlayHelper.exe', 'vms': 32.89453125}
{'username': None, 'pid': 10492, 'name': 'TiWorker.exe', 'vms': 244.04296875}
{'username': 'BHAVESH\\ahire', 'pid': 10528, 'name': 'SystemOptimizer.exe', 'vms': 41.734375}
{'username': 'BHAVESH\\ahire', 'pid': 10600, 'name': 'RuntimeBroker.exe', 'vms': 2.4296875}
{'username': None, 'pid': 10604, 'name': 'svchost.exe', 'vms': 4.33203125}
{'username': 'BHAVESH\\ahire', 'pid': 10640, 'name': 'msedge.exe', 'vms': 8.16796875}
{'username': None, 'pid': 10648, 'name': 'svchost.exe', 'vms': 2.40625}
{'username': 'BHAVESH\\ahire', 'pid': 10756, 'name': 'OmenInstallMonitor.exe', 'vms': 31.16015625}
{'username': 'BHAVESH\\ahire', 'pid': 11108, 'name': 'TextInputHost.exe', 'vms': 46.03515625}
{'username': None, 'pid': 11224, 'name': 'svchost.exe', 'vms': 6.046875}
{'username': 'BHAVESH\\ahire', 'pid': 11284, 'name': 'explorer.exe', 'vms': 344.453125}
{'username': None, 'pid': 11324, 'name': 'svchost.exe', 'vms': 7.125}
{'username': 'BHAVESH\\ahire', 'pid': 11432, 'name': 'ShellHost.exe', 'vms': 33.1171875}
{'username': 'BHAVESH\\ahire', 'pid': 11492, 'name': 'svchost.exe', 'vms': 1.875}
{'username': None, 'pid': 11576, 'name': 'svchost.exe', 'vms': 1.06640625}
{'username': 'BHAVESH\\ahire', 'pid': 11616, 'name': 'SECOCL64.exe', 'vms': 2.890625}
{'username': 'BHAVESH\\ahire', 'pid': 11648, 'name': 'conhost.exe', 'vms': 1.23046875}
{'username': 'BHAVESH\\ahire', 'pid': 11796, 'name': 'CrossDeviceResume.exe', 'vms': 35.55078125}
{'username': 'BHAVESH\\ahire', 'pid': 11808, 'name': 'powershell.exe', 'vms': 73.06640625}
{'username': None, 'pid': 12004, 'name': 'svchost.exe', 'vms': 9.66796875}
{'username': None, 'pid': 12328, 'name': 'TrustedInstaller.exe', 'vms': 2.37109375}
{'username': 'BHAVESH\\ahire', 'pid': 12444, 'name': 'RtkAudUService64.exe', 'vms': 26.18359375}
{'username': 'BHAVESH\\ahire', 'pid': 12508, 'name': 'FileCoAuth.exe', 'vms': 6.5}
{'username': 'BHAVESH\\ahire', 'pid': 12540, 'name': 'UserOOBEBroker.exe', 'vms': 1.953125}
{'username': 'BHAVESH\\ahire', 'pid': 12556, 'name': 'CrossDeviceService.exe', 'vms': 26.6328125}
{'username': 'BHAVESH\\ahire', 'pid': 12560, 'name': 'svchost.exe', 'vms': 8.5078125}
{'username': None, 'pid': 12572, 'name': 'SearchProtocolHost.exe', 'vms': 2.546875}
{'username': None, 'pid': 12700, 'name': 'MoUsoCoreWorker.exe', 'vms': 32.91015625}
{'username': None, 'pid': 12848, 'name': 'SearchIndexer.exe', 'vms': 33.15625}
{'username': 'BHAVESH\\ahire', 'pid': 12884, 'name': 'Widgets.exe', 'vms': 10.6953125}
{'username': None, 'pid': 12964, 'name': 'svchost.exe', 'vms': 3.9765625}
{'username': 'BHAVESH\\ahire', 'pid': 13032, 'name': 'msedgewebview2.exe', 'vms': 78.12109375}
{'username': 'BHAVESH\\ahire', 'pid': 13180, 'name': 'SearchHost.exe', 'vms': 65.46484375}
{'username': 'BHAVESH\\ahire', 'pid': 13204, 'name': 'StartMenuExperienceHost.exe', 'vms': 84.5625}
{'username': 'BHAVESH\\ahire', 'pid': 13356, 'name': 'RuntimeBroker.exe', 'vms': 15.26171875}
{'username': 'BHAVESH\\ahire', 'pid': 13404, 'name': 'svchost.exe', 'vms': 3.72265625}
{'username': 'BHAVESH\\ahire', 'pid': 13420, 'name': 'RuntimeBroker.exe', 'vms': 9.27734375}
{'username': 'BHAVESH\\ahire', 'pid': 13456, 'name': 'ONENOTEM.EXE', 'vms': 3.1640625}
{'username': 'BHAVESH\\ahire', 'pid': 13508, 'name': 'jusched.exe', 'vms': 2.3203125}
{'username': 'BHAVESH\\ahire', 'pid': 13704, 'name': 'WidgetService.exe', 'vms': 4.703125}
{'username': 'BHAVESH\\ahire', 'pid': 13924, 'name': 'RuntimeBroker.exe', 'vms': 2.44921875}
{'username': 'BHAVESH\\ahire', 'pid': 13948, 'name': 'AdobeCollabSync.exe', 'vms': 10.73828125}
{'username': 'BHAVESH\\ahire', 'pid': 13968, 'name': 'backgroundTaskHost.exe', 'vms': 14.3984375}
{'username': None, 'pid': 14160, 'name': 'svchost.exe', 'vms': 2.109375}
{'username': 'BHAVESH\\ahire', 'pid': 14288, 'name': 'msedgewebview2.exe', 'vms': 38.74609375}
{'username': 'BHAVESH\\ahire', 'pid': 14676, 'name': 'msedgewebview2.exe', 'vms': 2.3046875}
{'username': 'BHAVESH\\ahire', 'pid': 14956, 'name': 'msedgewebview2.exe', 'vms': 73.203125}
{'username': 'BHAVESH\\ahire', 'pid': 14984, 'name': 'msedgewebview2.exe', 'vms': 14.140625}
{'username': 'BHAVESH\\ahire', 'pid': 15120, 'name': 'msedgewebview2.exe', 'vms': 8.42578125}
{'username': 'BHAVESH\\ahire', 'pid': 15308, 'name': 'ctfmon.exe', 'vms': 8.28125}
{'username': 'BHAVESH\\ahire', 'pid': 15448, 'name': 'jucheck.exe', 'vms': 3.70703125}
{'username': 'BHAVESH\\ahire', 'pid': 15528, 'name': 'WhatsApp.exe', 'vms': 132.453125}
{'username': 'BHAVESH\\ahire', 'pid': 15544, 'name': 'LockApp.exe', 'vms': 42.17578125}
{'username': 'BHAVESH\\ahire', 'pid': 15584, 'name': 'LightStudio-background.exe', 'vms': 166.0078125}
{'username': 'BHAVESH\\ahire', 'pid': 16044, 'name': 'DesktopExtension.exe', 'vms': 24.1171875}
{'username': None, 'pid': 16208, 'name': 'svchost.exe', 'vms': 6.796875}
{'username': 'BHAVESH\\ahire', 'pid': 16224, 'name': 'Code.exe', 'vms': 128.57421875}
{'username': None, 'pid': 16472, 'name': 'svchost.exe', 'vms': 4.9609375}
{'username': 'BHAVESH\\ahire', 'pid': 16628, 'name': 'Code.exe', 'vms': 29.640625}
{'username': 'BHAVESH\\ahire', 'pid': 16868, 'name': 'PhoneExperienceHost.exe', 'vms': 76.8828125}
{'username': 'BHAVESH\\ahire', 'pid': 17000, 'name': 'RuntimeBroker.exe', 'vms': 6.0078125}
{'username': 'BHAVESH\\ahire', 'pid': 17076, 'name': 'RuntimeBroker.exe', 'vms': 2.96484375}
{'username': None, 'pid': 17096, 'name': 'WmiPrvSE.exe', 'vms': 6.87890625}
{'username': None, 'pid': 17136, 'name': 'svchost.exe', 'vms': 3.8515625}
{'username': 'BHAVESH\\ahire', 'pid': 17176, 'name': 'RuntimeBroker.exe', 'vms': 12.49609375}
{'username': 'BHAVESH\\ahire', 'pid': 17256, 'name': 'CastSrv.exe', 'vms': 4.52734375}
{'username': None, 'pid': 17340, 'name': 'svchost.exe', 'vms': 2.91796875}
{'username': 'BHAVESH\\ahire', 'pid': 17876, 'name': 'backgroundTaskHost.exe', 'vms': 4.90234375}
{'username': 'BHAVESH\\ahire', 'pid': 18288, 'name': 'SystemSettings.exe', 'vms': 124.12109375}
{'username': 'BHAVESH\\ahire', 'pid': 18416, 'name': 'conhost.exe', 'vms': 1.44140625}
{'username': 'BHAVESH\\ahire', 'pid': 18532, 'name': 'unsecapp.exe', 'vms': 2.52734375}
{'username': None, 'pid': 18752, 'name': 'SecurityHealthService.exe', 'vms': 7.7890625}
{'username': None, 'pid': 18848, 'name': 'svchost.exe', 'vms': 3.734375}
{'username': None, 'pid': 18984, 'name': 'FileSyncHelper.exe', 'vms': 5.390625}
{'username': None, 'pid': 19012, 'name': 'svchost.exe', 'vms': 9.84765625}
{'username': 'BHAVESH\\ahire', 'pid': 19256, 'name': 'OneDrive.exe', 'vms': 119.23828125}
{'username': 'BHAVESH\\ahire', 'pid': 19320, 'name': 'HPSystemEventUtilityBackground.exe', 'vms': 41.79296875}
{'username': None, 'pid': 19444, 'name': 'svchost.exe', 'vms': 3.3984375}
{'username': None, 'pid': 19516, 'name': 'svchost.exe', 'vms': 43.76171875}
{'username': 'BHAVESH\\ahire', 'pid': 19784, 'name': 'powershell.exe', 'vms': 73.1015625}
{'username': 'BHAVESH\\ahire', 'pid': 19876, 'name': 'HPQuickDrop.exe', 'vms': 42.86328125}
{'username': 'BHAVESH\\ahire', 'pid': 20704, 'name': 'conhost.exe', 'vms': 1.43359375}
{'username': 'BHAVESH\\ahire', 'pid': 21396, 'name': 'powershell.exe', 'vms': 73.12890625}
{'username': 'BHAVESH\\ahire', 'pid': 21924, 'name': 'Code.exe', 'vms': 321.00390625}
{'username': None, 'pid': 22104, 'name': 'svchost.exe', 'vms': 1.796875}
{'username': 'BHAVESH\\ahire', 'pid': 22592, 'name': 'conhost.exe', 'vms': 1.4375}
{'username': 'BHAVESH\\ahire', 'pid': 23240, 'name': 'Code.exe', 'vms': 127.62109375}
{'username': 'BHAVESH\\ahire', 'pid': 23304, 'name': 'Code.exe', 'vms': 147.88671875}
{'username': 'BHAVESH\\ahire', 'pid': 23576, 'name': 'python.exe', 'vms': 13.3359375}
{'username': None, 'pid': 23872, 'name': 'svchost.exe', 'vms': 1.33203125}
{'username': 'BHAVESH\\ahire', 'pid': 23900, 'name': 'Code.exe', 'vms': 141.33984375}
{'username': 'BHAVESH\\ahire', 'pid': 23928, 'name': 'Code.exe', 'vms': 14.31640625}
{'username': 'BHAVESH\\ahire', 'pid': 24428, 'name': 'HPSystemEventUtilityHost.exe', 'vms': 35.3046875}
{'username': 'BHAVESH\\ahire', 'pid': 24512, 'name': 'smartscreen.exe', 'vms': 2.8359375}
------------------------------------------------------------------------------------------
-----------------------------------------End of Automation script ---------------------------
-----------------------------------Thanks for using the automation script-----------------------------------------
